1	 185	 0	 60	 0	 1600470	 1931800	 0	 0	 64	 +0.0000000	 +0.0000000	 +0.0000	 +0.0000	 +0.0000	 +0.0000	 +nan	 0	 0	 99.990000
1	 186	 0	 60	 0	 1800469	 1932000	 0	 0	 64	 +0.0000000	 +0.0000000	 +0.0000	 +0.0000	 +0.0000	 +0.0000	 +nan	 0	 0	 99.990000
1	 187	 0	 60	 0	 2000470	 1932200	 0	 0	 64	 +0.0000000	 +0.0000000	 +0.0000	 +0.0000	 +0.0000	 +0.0000	 +nan	 0	 0	 99.990000
1	 188	 0	 60	 0	 2200470	 1932400	 0	 0	 64	 +0.0000000	 +0.0000000	 +0.0000	 +0.0000	 +0.0000	 +0.0000	 +nan	 0	 0	 99.990000
1	 189	 0	 60	 0	 2400470	 1932600	 0	 0	 64	 +0.0000000	 +0.0000000	 +0.0000	 +0.0000	 +0.0000	 +0.0000	 +nan	 0	 0	 99.990000
1	 190	 0	 60	 0	 2600495	 1932800	 0	 0	 64	 +0.0000000	 +0.0000000	 +0.0000	 +0.0000	 +0.0000	 +0.0000	 +nan	 0	 0	 99.990000
1	 191	 0	 60	 0	 2800469	 1933000	 0	 0	 64	 +0.0000000	 +0.0000000	 +0.0000	 +0.0000	 +0.0000	 +0.0000	 +nan	 0	 0	 99.990000
1	 192	 0	 60	 0	 3000469	 1933200	 0	 0	 64	 +0.0000000	 +0.0000000	 +0.0000	 +0.0000	 +0.0000	 +0.0000	 +nan	 0	 0	 99.990000
1	 193	 0	 60	 0	 3200470	 1933400	 0	 0	 64	 +0.0000000	 +0.0000000	 +0.0000	 +0.0000	 +0.0000	 +0.0000	 +nan	 0	 0	 99.990000
1	 194	 0	 60	 0	 3400470	 1933600	 0	 0	 64	 +0.0000000	 +0.0000000	 +0.0000	 +0.0000	 +0.0000	 +0.0000	 +nan	 0	 0	 99.990000
1	 195	 0	 60	 0	 3600470	 1933800	 0	 0	 64	 +0.0000000	 +0.0000000	 +0.0000	 +0.0000	 +0.0000	 +0.0000	 +nan	 0	 0	 99.990000
1	 196	 0	 60	 0	 3800703	 1934000	 0	 0	 64	 +0.0000000	 +0.0000000	 +0.0000	 +0.0000	 +0.0000	 +0.0000	 +nan	 0	 0	 99.990000
1	 197	 0	 60	 0	 4000614	 1934200	 0	 0	 64	 +0.0000000	 +0.0000000	 +0.0000	 +0.0000	 +0.0000	 +0.0000	 +nan	 0	 0	 99.990000
1	 198	 0	 60	 0	 4200470	 1934400	 0	 0	 64	 +0.0000000	 +0.0000000	 +0.0000	 +0.0000	 +0.0000	 +0.0000	 +nan	 0	 0	 99.990000
1	 199	 0	 60	 0	 4400470	 1934600	 0	 0	 64	 +0.0000000	 +0.0000000	 +0.0000	 +0.0000	 +0.0000	 +0.0000	 +nan	 0	 0	 99.990000
1	 200	 0	 60	 0	 4600521	 1934800	 0	 0	 64	 +0.0000000	 +0.0000000	 +0.0000	 +0.0000	 +0.0000	 +0.0000	 +nan	 0	 0	 99.990000
1	 201	 0	 60	 0	 4800469	 1935000	 0	 0	 64	 +0.0000000	 +0.0000000	 +0.0000	 +0.0000	 +0.0000	 +0.0000	 +nan	 0	 0	 99.990000
1	 202	 0	 60	 0	 5000469	 1935200	 0	 0	 64	 +0.0000000	 +0.0000000	 +0.0000	 +0.0000	 +0.0000	 +0.0000	 +nan	 0	 0	 99.990000
1	 203	 0	 60	 0	 5200469	 1935400	 0	 0	 64	 +0.0000000	 +0.0000000	 +0.0000	 +0.0000	 +0.0000	 +0.0000	 +nan	 0	 0	 99.990000
1	 204	 0	 60	 0	 5400470	 1935600	 0	 0	 64	 +0.0000000	 +0.0000000	 +0.0000	 +0.0000	 +0.0000	 +0.0000	 +nan	 0	 0	 99.990000
1	 205	 0	 60	 0	 5600469	 1935800	 0	 0	 64	 +0.0000000	 +0.0000000	 +0.0000	 +0.0000	 +0.0000	 +0.0000	 +nan	 0	 0	 99.990000
1	 206	 0	 60	 0	 5800469	 1936000	 0	 0	 64	 +0.0000000	 +0.0000000	 +0.0000	 +0.0000	 +0.0000	 +0.0000	 +nan	 0	 0	 99.990000
1	 207	 0	 60	 0	 6000469	 1936200	 0	 0	 64	 +0.0000000	 +0.0000000	 +0.0000	 +0.0000	 +0.0000	 +0.0000	 +nan	 0	 0	 99.990000
1	 208	 0	 60	 0	 6200470	 1936400	 0	 0	 64	 +0.0000000	 +0.0000000	 +0.0000	 +0.0000	 +0.0000	 +0.0000	 +nan	 0	 0	 99.990000
1	 209	 0	 60	 0	 6400470	 1936600	 0	 0	 64	 +0.0000000	 +0.0000000	 +0.0000	 +0.0000	 +0.0000	 +0.0000	 +nan	 0	 0	 99.990000
1	 210	 0	 60	 0	 6600469	 1936800	 0	 0	 64	 +0.0000000	 +0.0000000	 +0.0000	 +0.0000	 +0.0000	 +0.0000	 +nan	 0	 0	 99.990000
1	 211	 0	 60	 0	 6800470	 1937000	 0	 0	 64	 +0.0000000	 +0.0000000	 +0.0000	 +0.0000	 +0.0000	 +0.0000	 +nan	 0	 0	 99.990000
1	 212	 0	 60	 0	 7000470	 1937200	 0	 0	 64	 +0.0000000	 +0.0000000	 +0.0000	 +0.0000	 +0.0000	 +0.0000	 +nan	 0	 0	 99.990000
1	 213	 0	 60	 0	 7200470	 1937400	 0	 0	 64	 +0.0000000	 +0.0000000	 +0.0000	 +0.0000	 +0.0000	 +0.0000	 +nan	 0	 0	 99.990000
1	 214	 0	 60	 0	 7400469	 1937600	 0	 0	 64	 +0.0000000	 +0.0000000	 +0.0000	 +0.0000	 +0.0000	 +0.0000	 +nan	 0	 0	 99.990000
1	 215	 0	 60	 0	 7600470	 1937800	 0	 0	 64	 +0.0000000	 +0.0000000	 +0.0000	 +0.0000	 +0.0000	 +0.0000	 +nan	 0	 0	 99.990000
1	 216	 0	 60	 0	 7800590	 1938000	 0	 0	 64	 +0.0000000	 +0.0000000	 +0.0000	 +0.0000	 +0.0000	 +0.0000	 +nan	 0	 0	 99.990000
1	 217	 0	 60	 0	 8000505	 1938200	 0	 0	 64	 +0.0000000	 +0.0000000	 +0.0000	 +0.0000	 +0.0000	 +0.0000	 +nan	 0	 0	 99.990000
1	 218	 0	 60	 0	 8200470	 1938400	 0	 0	 64	 +0.0000000	 +0.0000000	 +0.0000	 +0.0000	 +0.0000	 +0.0000	 +nan	 0	 0	 99.990000
1	 219	 0	 60	 0	 8400470	 1938600	 0	 0	 64	 +0.0000000	 +0.0000000	 +0.0000	 +0.0000	 +0.0000	 +0.0000	 +nan	 0	 0	 99.990000
1	 220	 0	 60	 0	 8600496	 1938800	 0	 0	 64	 +0.0000000	 +0.0000000	 +0.0000	 +0.0000	 +0.0000	 +0.0000	 +nan	 0	 0	 99.990000
1	 221	 0	 60	 0	 8800470	 1939000	 0	 0	 64	 +0.0000000	 +0.0000000	 +0.0000	 +0.0000	 +0.0000	 +0.0000	 +nan	 0	 0	 99.990000
1	 222	 0	 60	 0	 9000469	 1939200	 0	 0	 64	 +0.0000000	 +0.0000000	 +0.0000	 +0.0000	 +0.0000	 +0.0000	 +nan	 0	 0	 99.990000
1	 223	 0	 60	 0	 9200470	 1939400	 0	 0	 64	 +0.0000000	 +0.0000000	 +0.0000	 +0.0000	 +0.0000	 +0.0000	 +nan	 0	 0	 99.990000
1	 224	 0	 60	 0	 9400469	 1939600	 0	 0	 64	 +0.0000000	 +0.0000000	 +0.0000	 +0.0000	 +0.0000	 +0.0000	 +nan	 0	 0	 99.990000
1	 225	 0	 60	 0	 9600585	 1939800	 0	 0	 64	 +0.0000000	 +0.0000000	 +0.0000	 +0.0000	 +0.0000	 +0.0000	 +nan	 0	 0	 99.990000
1	 226	 0	 60	 0	 9800470	 1940000	 0	 0	 64	 +0.0000000	 +0.0000000	 +0.0000	 +0.0000	 +0.0000	 +0.0000	 +nan	 0	 0	 99.990000
1	 227	 0	 60	 0	 494	 1940200	 0	 0	 64	 +0.0000000	 +0.0000000	 +0.0000	 +0.0000	 +0.0000	 +0.0000	 +nan	 0	 0	 99.990000
1	 228	 0	 60	 0	 200518	 1940400	 0	 0	 64	 +0.0000000	 +0.0000000	 +0.0000	 +0.0000	 +0.0000	 +0.0000	 +nan	 0	 0	 99.990000
1	 229	 0	 60	 0	 400601	 1940600	 0	 0	 64	 +0.0000000	 +0.0000000	 +0.0000	 +0.0000	 +0.0000	 +0.0000	 +nan	 0	 0	 99.990000
1	 230	 0	 60	 0	 600576	 1940800	 0	 0	 64	 +0.0000000	 +0.0000000	 +0.0000	 +0.0000	 +0.0000	 +0.0000	 +nan	 0	 0	 99.990000
1	 231	 0	 60	 0	 800589	 1941000	 0	 0	 64	 +0.0000000	 +0.0000000	 +0.0000	 +0.0000	 +0.0000	 +0.0000	 +nan	 0	 0	 99.990000
1	 232	 0	 60	 0	 1000470	 1941200	 0	 0	 64	 +0.0000000	 +0.0000000	 +0.0000	 +0.0000	 +0.0000	 +0.0000	 +nan	 0	 0	 99.990000
1	 233	 0	 60	 0	 1200521	 1941400	 0	 0	 64	 +0.0000000	 +0.0000000	 +0.0000	 +0.0000	 +0.0000	 +0.0000	 +nan	 0	 0	 99.990000
1	 234	 0	 60	 0	 1400470	 1941600	 0	 0	 64	 +0.0000000	 +0.0000000	 +0.0000	 +0.0000	 +0.0000	 +0.0000	 +nan	 0	 0	 99.990000
1	 235	 0	 60	 0	 1600470	 1941800	 0	 0	 64	 +0.0000000	 +0.0000000	 +0.0000	 +0.0000	 +0.0000	 +0.0000	 +nan	 0	 0	 99.990000
1	 236	 0	 60	 0	 1800469	 1942000	 0	 0	 64	 +0.0000000	 +0.0000000	 +0.0000	 +0.0000	 +0.0000	 +0.0000	 +nan	 0	 0	 99.990000
1	 237	 0	 60	 0	 2000470	 1942200	 0	 0	 64	 +0.0000000	 +0.0000000	 +0.0000	 +0.0000	 +0.0000	 +0.0000	 +nan	 0	 0	 99.990000
1	 238	 0	 60	 0	 2200470	 1942400	 0	 0	 64	 +0.0000000	 +0.0000000	 +0.0000	 +0.0000	 +0.0000	 +0.0000	 +nan	 0	 0	 99.990000
1	 239	 0	 60	 0	 2400469	 1942600	 0	 0	 64	 +0.0000000	 +0.0000000	 +0.0000	 +0.0000	 +0.0000	 +0.0000	 +nan	 0	 0	 99.990000
1	 240	 0	 60	 0	 2600469	 1942800	 0	 0	 64	 +0.0000000	 +0.0000000	 +0.0000	 +0.0000	 +0.0000	 +0.0000	 +nan	 0	 0	 99.990000
1	 241	 0	 60	 0	 2800470	 1943000	 0	 0	 64	 +0.0000000	 +0.0000000	 +0.0000	 +0.0000	 +0.0000	 +0.0000	 +nan	 0	 0	 99.990000
1	 242	 0	 60	 0	 3000469	 1943200	 0	 0	 64	 +0.0000000	 +0.0000000	 +0.0000	 +0.0000	 +0.0000	 +0.0000	 +nan	 0	 0	 99.990000
1	 243	 0	 60	 0	 3200470	 1943400	 0	 0	 64	 +0.0000000	 +0.0000000	 +0.0000	 +0.0000	 +0.0000	 +0.0000	 +nan	 0	 0	 99.990000
1	 244	 0	 60	 0	 3400470	 1943600	 0	 0	 64	 +0.0000000	 +0.0000000	 +0.0000	 +0.0000	 +0.0000	 +0.0000	 +nan	 0	 0	 99.990000
1	 245	 0	 60	 0	 3600469	 1943800	 0	 0	 64	 +0.0000000	 +0.0000000	 +0.0000	 +0.0000	 +0.0000	 +0.0000	 +nan	 0	 0	 99.990000
1	 246	 0	 60	 0	 3800690	 1944000	 0	 0	 64	 +0.0000000	 +0.0000000	 +0.0000	 +0.0000	 +0.0000	 +0.0000	 +nan	 0	 0	 99.990000
1	 247	 0	 60	 0	 4000470	 1944200	 0	 0	 64	 +0.0000000	 +0.0000000	 +0.0000	 +0.0000	 +0.0000	 +0.0000	 +nan	 0	 0	 99.990000
1	 248	 0	 60	 0	 4200469	 1944400	 0	 0	 64	 +0.0000000	 +0.0000000	 +0.0000	 +0.0000	 +0.0000	 +0.0000	 +nan	 0	 0	 99.990000
1	 249	 0	 60	 0	 4400707	 1944600	 0	 0	 64	 +0.0000000	 +0.0000000	 +0.0000	 +0.0000	 +0.0000	 +0.0000	 +nan	 0	 0	 99.990000
1	 250	 0	 60	 0	 4600469	 1944800	 0	 0	 64	 +0.0000000	 +0.0000000	 +0.0000	 +0.0000	 +0.0000	 +0.0000	 +nan	 0	 0	 99.990000
1	 251	 0	 60	 0	 4800470	 1945000	 0	 0	 64	 +0.0000000	 +0.0000000	 +0.0000	 +0.0000	 +0.0000	 +0.0000	 +nan	 0	 0	 99.990000
1	 252	 0	 60	 0	 5000469	 1945200	 0	 0	 64	 +0.0000000	 +0.0000000	 +0.0000	 +0.0000	 +0.0000	 +0.0000	 +nan	 0	 0	 99.990000
1	 253	 0	 60	 0	 5200635	 1945400	 0	 0	 64	 +0.0000000	 +0.0000000	 +0.0000	 +0.0000	 +0.0000	 +0.0000	 +nan	 0	 0	 99.990000
1	 254	 0	 60	 0	 5400570	 1945600	 0	 0	 64	 +0.0000000	 +0.0000000	 +0.0000	 +0.0000	 +0.0000	 +0.0000	 +nan	 0	 0	 99.990000
1	 255	 0	 60	 0	 5600541	 1945800	 0	 0	 64	 +0.0000000	 +0.0000000	 +0.0000	 +0.0000	 +0.0000	 +0.0000	 +nan	 0	 0	 99.990000
1	 0	 0	 60	 0	 5800591	 1946000	 0	 0	 64	 +0.0000000	 +0.0000000	 +0.0000	 +0.0000	 +0.0000	 +0.0000	 +nan	 0	 0	 99.990000
1	 1	 0	 60	 0	 6000469	 1946200	 0	 0	 64	 +0.0000000	 +0.0000000	 +0.0000	 +0.0000	 +0.0000	 +0.0000	 +nan	 0	 0	 99.990000
1	 2	 0	 60	 0	 6200470	 1946400	 0	 0	 64	 +0.0000000	 +0.0000000	 +0.0000	 +0.0000	 +0.0000	 +0.0000	 +nan	 0	 0	 99.990000
1	 3	 0	 60	 0	 6400470	 1946600	 0	 0	 64	 +0.0000000	 +0.0000000	 +0.0000	 +0.0000	 +0.0000	 +0.0000	 +nan	 0	 0	 99.990000
1	 4	 0	 60	 0	 6600470	 1946800	 0	 0	 64	 +0.0000000	 +0.0000000	 +0.0000	 +0.0000	 +0.0000	 +0.0000	 +nan	 0	 0	 99.990000
1	 5	 0	 60	 0	 6800705	 1947000	 0	 0	 64	 +0.0000000	 +0.0000000	 +0.0000	 +0.0000	 +0.0000	 +0.0000	 +nan	 0	 0	 99.990000
1	 6	 0	 60	 0	 7000469	 1947200	 0	 0	 64	 +0.0000000	 +0.0000000	 +0.0000	 +0.0000	 +0.0000	 +0.0000	 +nan	 0	 0	 99.990000
1	 7	 0	 60	 0	 7200469	 1947400	 0	 0	 64	 +0.0000000	 +0.0000000	 +0.0000	 +0.0000	 +0.0000	 +0.0000	 +nan	 0	 0	 99.990000
1	 8	 0	 60	 0	 7400470	 1947600	 0	 0	 64	 +0.0000000	 +0.0000000	 +0.0000	 +0.0000	 +0.0000	 +0.0000	 +nan	 0	 0	 99.990000
1	 9	 0	 60	 0	 7600470	 1947800	 0	 0	 64	 +0.0000000	 +0.0000000	 +0.0000	 +0.0000	 +0.0000	 +0.0000	 +nan	 0	 0	 99.990000
1	 10	 0	 60	 0	 7800529	 1948000	 0	 0	 64	 +0.0000000	 +0.0000000	 +0.0000	 +0.0000	 +0.0000	 +0.0000	 +nan	 0	 0	 99.990000
1	 11	 0	 60	 0	 8000707	 1948200	 0	 0	 64	 +0.0000000	 +0.0000000	 +0.0000	 +0.0000	 +0.0000	 +0.0000	 +nan	 0	 0	 99.990000
1	 12	 0	 60	 0	 8200521	 1948400	 0	 0	 64	 +0.0000000	 +0.0000000	 +0.0000	 +0.0000	 +0.0000	 +0.0000	 +nan	 0	 0	 99.990000
1	 13	 0	 60	 0	 8400469	 1948600	 0	 0	 64	 +0.0000000	 +0.0000000	 +0.0000	 +0.0000	 +0.0000	 +0.0000	 +nan	 0	 0	 99.990000
1	 14	 0	 60	 0	 8600470	 1948800	 0	 0	 64	 +0.0000000	 +0.0000000	 +0.0000	 +0.0000	 +0.0000	 +0.0000	 +nan	 0	 0	 99.990000
1	 15	 0	 60	 0	 8800469	 1949000	 0	 0	 64	 +0.0000000	 +0.0000000	 +0.0000	 +0.0000	 +0.0000	 +0.0000	 +nan	 0	 0	 99.990000
1	 16	 0	 60	 0	 9000673	 1949200	 0	 0	 64	 +0.0000000	 +0.0000000	 +0.0000	 +0.0000	 +0.0000	 +0.0000	 +nan	 0	 0	 99.990000
1	 17	 0	 60	 0	 9200469	 1949400	 0	 0	 64	 +0.0000000	 +0.0000000	 +0.0000	 +0.0000	 +0.0000	 +0.0000	 +nan	 0	 0	 99.990000
1	 18	 0	 60	 0	 9400708	 1949600	 0	 0	 64	 +0.0000000	 +0.0000000	 +0.0000	 +0.0000	 +0.0000	 +0.0000	 +nan	 0	 0	 99.990000
1	 19	 0	 60	 0	 9600583	 1949800	 0	 0	 64	 +0.0000000	 +0.0000000	 +0.0000	 +0.0000	 +0.0000	 +0.0000	 +nan	 0	 0	 99.990000
1	 20	 0	 60	 0	 9800470	 1950000	 0	 0	 64	 +0.0000000	 +0.0000000	 +0.0000	 +0.0000	 +0.0000	 +0.0000	 +nan	 0	 0	 99.990000
1	 21	 0	 60	 0	 470	 1950200	 0	 0	 64	 +0.0000000	 +0.0000000	 +0.0000	 +0.0000	 +0.0000	 +0.0000	 +nan	 0	 0	 99.990000
1	 22	 0	 60	 0	 200470	 1950400	 0	 0	 64	 +0.0000000	 +0.0000000	 +0.0000	 +0.0000	 +0.0000	 +0.0000	 +nan	 0	 0	 99.990000
1	 23	 0	 60	 0	 400470	 1950600	 0	 0	 64	 +0.0000000	 +0.0000000	 +0.0000	 +0.0000	 +0.0000	 +0.0000	 +nan	 0	 0	 99.990000
1	 24	 0	 60	 0	 600470	 1950800	 0	 0	 64	 +0.0000000	 +0.0000000	 +0.0000	 +0.0000	 +0.0000	 +0.0000	 +nan	 0	 0	 99.990000
1	 25	 0	 60	 0	 800473	 1951000	 0	 0	 64	 +0.0000000	 +0.0000000	 +0.0000	 +0.0000	 +0.0000	 +0.0000	 +nan	 0	 0	 99.990000
1	 26	 0	 60	 0	 1000469	 1951200	 0	 0	 64	 +0.0000000	 +0.0000000	 +0.0000	 +0.0000	 +0.0000	 +0.0000	 +nan	 0	 0	 99.990000
1	 27	 0	 60	 0	 1200470	 1951400	 0	 0	 64	 +0.0000000	 +0.0000000	 +0.0000	 +0.0000	 +0.0000	 +0.0000	 +nan	 0	 0	 99.990000
1	 28	 0	 60	 0	 1400594	 1951600	 0	 0	 64	 +0.0000000	 +0.0000000	 +0.0000	 +0.0000	 +0.0000	 +0.0000	 +nan	 0	 0	 99.990000
1	 29	 0	 60	 0	 1600470	 1951800	 0	 0	 64	 +0.0000000	 +0.0000000	 +0.0000	 +0.0000	 +0.0000	 +0.0000	 +nan	 0	 0	 99.990000
1	 30	 0	 60	 0	 1800470	 1952000	 0	 0	 64	 +0.0000000	 +0.0000000	 +0.0000	 +0.0000	 +0.0000	 +0.0000	 +nan	 0	 0	 99.990000
1	 31	 0	 60	 0	 2000671	 1952200	 0	 0	 64	 +0.0000000	 +0.0000000	 +0.0000	 +0.0000	 +0.0000	 +0.0000	 +nan	 0	 0	 99.990000
1	 32	 0	 60	 0	 2200470	 1952400	 0	 0	 64	 +0.0000000	 +0.0000000	 +0.0000	 +0.0000	 +0.0000	 +0.0000	 +nan	 0	 0	 99.990000
1	 33	 0	 60	 0	 2400671	 1952600	 0	 0	 64	 +0.0000000	 +0.0000000	 +0.0000	 +0.0000	 +0.0000	 +0.0000	 +nan	 0	 0	 99.990000
1	 34	 0	 60	 0	 2600469	 1952800	 0	 0	 64	 +0.0000000	 +0.0000000	 +0.0000	 +0.0000	 +0.0000	 +0.0000	 +nan	 0	 0	 99.990000
1	 35	 0	 60	 0	 2800667	 1953000	 0	 0	 64	 +0.0000000	 +0.0000000	 +0.0000	 +0.0000	 +0.0000	 +0.0000	 +nan	 0	 0	 99.990000
1	 36	 0	 60	 0	 3000470	 1953200	 0	 0	 64	 +0.0000000	 +0.0000000	 +0.0000	 +0.0000	 +0.0000	 +0.0000	 +nan	 0	 0	 99.990000
1	 37	 0	 60	 0	 3200469	 1953400	 0	 0	 64	 +0.0000000	 +0.0000000	 +0.0000	 +0.0000	 +0.0000	 +0.0000	 +nan	 0	 0	 99.990000
1	 38	 0	 60	 0	 3400469	 1953600	 0	 0	 64	 +0.0000000	 +0.0000000	 +0.0000	 +0.0000	 +0.0000	 +0.0000	 +nan	 0	 0	 99.990000
1	 39	 0	 60	 0	 3600470	 1953800	 0	 0	 64	 +0.0000000	 +0.0000000	 +0.0000	 +0.0000	 +0.0000	 +0.0000	 +nan	 0	 0	 99.990000
1	 40	 0	 60	 0	 3800469	 1954000	 0	 0	 64	 +0.0000000	 +0.0000000	 +0.0000	 +0.0000	 +0.0000	 +0.0000	 +nan	 0	 0	 99.990000
1	 41	 0	 60	 0	 4000515	 1954200	 0	 0	 64	 +0.0000000	 +0.0000000	 +0.0000	 +0.0000	 +0.0000	 +0.0000	 +nan	 0	 0	 99.990000
1	 42	 0	 60	 0	 4200673	 1954400	 0	 0	 64	 +0.0000000	 +0.0000000	 +0.0000	 +0.0000	 +0.0000	 +0.0000	 +nan	 0	 0	 99.990000
1	 43	 0	 60	 0	 4400682	 1954600	 0	 0	 64	 +0.0000000	 +0.0000000	 +0.0000	 +0.0000	 +0.0000	 +0.0000	 +nan	 0	 0	 99.990000
1	 44	 0	 60	 0	 4600664	 1954800	 0	 0	 64	 +0.0000000	 +0.0000000	 +0.0000	 +0.0000	 +0.0000	 +0.0000	 +nan	 0	 0	 99.990000
1	 45	 0	 60	 0	 4800607	 1955000	 0	 0	 64	 +0.0000000	 +0.0000000	 +0.0000	 +0.0000	 +0.0000	 +0.0000	 +nan	 0	 0	 99.990000
1	 46	 0	 60	 0	 5000469	 1955200	 0	 0	 64	 +0.0000000	 +0.0000000	 +0.0000	 +0.0000	 +0.0000	 +0.0000	 +nan	 0	 0	 99.990000
1	 47	 0	 60	 0	 5200470	 1955400	 0	 0	 64	 +0.0000000	 +0.0000000	 +0.0000	 +0.0000	 +0.0000	 +0.0000	 +nan	 0	 0	 99.990000
1	 48	 0	 60	 0	 5400469	 1955600	 0	 0	 64	 +0.0000000	 +0.0000000	 +0.0000	 +0.0000	 +0.0000	 +0.0000	 +nan	 0	 0	 99.990000
1	 49	 0	 60	 0	 5600469	 1955800	 0	 0	 64	 +0.0000000	 +0.0000000	 +0.0000	 +0.0000	 +0.0000	 +0.0000	 +nan	 0	 0	 99.990000
1	 50	 0	 60	 0	 5800470	 1956000	 0	 0	 64	 +0.0000000	 +0.0000000	 +0.0000	 +0.0000	 +0.0000	 +0.0000	 +nan	 0	 0	 99.990000
1	 51	 0	 60	 0	 6000470	 1956200	 0	 0	 64	 +0.0000000	 +0.0000000	 +0.0000	 +0.0000	 +0.0000	 +0.0000	 +nan	 0	 0	 99.990000
1	 52	 0	 60	 0	 6200469	 1956400	 0	 0	 64	 +0.0000000	 +0.0000000	 +0.0000	 +0.0000	 +0.0000	 +0.0000	 +nan	 0	 0	 99.990000
1	 53	 0	 60	 0	 6400470	 1956600	 0	 0	 64	 +0.0000000	 +0.0000000	 +0.0000	 +0.0000	 +0.0000	 +0.0000	 +nan	 0	 0	 99.990000
1	 54	 0	 60	 0	 6600469	 1956800	 0	 0	 64	 +0.0000000	 +0.0000000	 +0.0000	 +0.0000	 +0.0000	 +0.0000	 +nan	 0	 0	 99.990000
1	 55	 0	 60	 0	 6800470	 1957000	 0	 0	 64	 +0.0000000	 +0.0000000	 +0.0000	 +0.0000	 +0.0000	 +0.0000	 +nan	 0	 0	 99.990000
1	 56	 0	 60	 0	 7000470	 1957200	 0	 0	 64	 +0.0000000	 +0.0000000	 +0.0000	 +0.0000	 +0.0000	 +0.0000	 +nan	 0	 0	 99.990000
1	 57	 0	 60	 0	 7200611	 1957400	 0	 0	 64	 +0.0000000	 +0.0000000	 +0.0000	 +0.0000	 +0.0000	 +0.0000	 +nan	 0	 0	 99.990000
1	 58	 0	 60	 0	 7400668	 1957600	 0	 0	 64	 +0.0000000	 +0.0000000	 +0.0000	 +0.0000	 +0.0000	 +0.0000	 +nan	 0	 0	 99.990000
1	 59	 0	 60	 0	 7600469	 1957800	 0	 0	 64	 +0.0000000	 +0.0000000	 +0.0000	 +0.0000	 +0.0000	 +0.0000	 +nan	 0	 0	 99.990000
1	 60	 0	 60	 0	 7800469	 1958000	 0	 0	 64	 +0.0000000	 +0.0000000	 +0.0000	 +0.0000	 +0.0000	 +0.0000	 +nan	 0	 0	 99.990000
1	 61	 0	 60	 0	 8000469	 1958200	 0	 0	 64	 +0.0000000	 +0.0000000	 +0.0000	 +0.0000	 +0.0000	 +0.0000	 +nan	 0	 0	 99.990000
1	 62	 0	 60	 0	 8200470	 1958400	 0	 0	 64	 +0.0000000	 +0.0000000	 +0.0000	 +0.0000	 +0.0000	 +0.0000	 +nan	 0	 0	 99.990000
1	 63	 0	 60	 0	 8400470	 1958600	 0	 0	 64	 +0.0000000	 +0.0000000	 +0.0000	 +0.0000	 +0.0000	 +0.0000	 +nan	 0	 0	 99.990000
1	 64	 0	 60	 0	 8600470	 1958800	 0	 0	 64	 +0.0000000	 +0.0000000	 +0.0000	 +0.0000	 +0.0000	 +0.0000	 +nan	 0	 0	 99.990000
1	 65	 0	 60	 0	 8800469	 1959000	 0	 0	 64	 +0.0000000	 +0.0000000	 +0.0000	 +0.0000	 +0.0000	 +0.0000	 +nan	 0	 0	 99.990000
1	 66	 0	 60	 0	 9000469	 1959200	 0	 0	 64	 +0.0000000	 +0.0000000	 +0.0000	 +0.0000	 +0.0000	 +0.0000	 +nan	 0	 0	 99.990000
1	 67	 0	 60	 0	 9200469	 1959400	 0	 0	 64	 +0.0000000	 +0.0000000	 +0.0000	 +0.0000	 +0.0000	 +0.0000	 +nan	 0	 0	 99.990000
1	 68	 0	 60	 0	 9400470	 1959600	 0	 0	 64	 +0.0000000	 +0.0000000	 +0.0000	 +0.0000	 +0.0000	 +0.0000	 +nan	 0	 0	 99.990000
1	 69	 0	 60	 0	 9600470	 1959800	 0	 0	 64	 +0.0000000	 +0.0000000	 +0.0000	 +0.0000	 +0.0000	 +0.0000	 +nan	 0	 0	 99.990000
1	 70	 0	 60	 0	 9800470	 1960000	 0	 0	 64	 +0.0000000	 +0.0000000	 +0.0000	 +0.0000	 +0.0000	 +0.0000	 +nan	 0	 0	 99.990000
1	 71	 0	 60	 0	 470	 1960200	 0	 0	 64	 +0.0000000	 +0.0000000	 +0.0000	 +0.0000	 +0.0000	 +0.0000	 +nan	 0	 0	 99.990000
1	 72	 0	 60	 0	 200470	 1960400	 0	 0	 64	 +0.0000000	 +0.0000000	 +0.0000	 +0.0000	 +0.0000	 +0.0000	 +nan	 0	 0	 99.990000
1	 73	 0	 60	 0	 400469	 1960600	 0	 0	 64	 +0.0000000	 +0.0000000	 +0.0000	 +0.0000	 +0.0000	 +0.0000	 +nan	 0	 0	 99.990000
1	 74	 0	 60	 0	 600469	 1960800	 0	 0	 64	 +0.0000000	 +0.0000000	 +0.0000	 +0.0000	 +0.0000	 +0.0000	 +nan	 0	 0	 99.990000
1	 75	 0	 60	 0	 800469	 1961000	 0	 0	 64	 +0.0000000	 +0.0000000	 +0.0000	 +0.0000	 +0.0000	 +0.0000	 +nan	 0	 0	 99.990000
1	 76	 0	 60	 0	 1000470	 1961200	 0	 0	 64	 +0.0000000	 +0.0000000	 +0.0000	 +0.0000	 +0.0000	 +0.0000	 +nan	 0	 0	 99.990000
1	 77	 0	 60	 0	 1200470	 1961400	 0	 0	 64	 +0.0000000	 +0.0000000	 +0.0000	 +0.0000	 +0.0000	 +0.0000	 +nan	 0	 0	 99.990000
1	 78	 0	 60	 0	 1400470	 1961600	 0	 0	 64	 +0.0000000	 +0.0000000	 +0.0000	 +0.0000	 +0.0000	 +0.0000	 +nan	 0	 0	 99.990000
1	 79	 0	 60	 0	 1600470	 1961800	 0	 0	 64	 +0.0000000	 +0.0000000	 +0.0000	 +0.0000	 +0.0000	 +0.0000	 +nan	 0	 0	 99.990000
1	 80	 0	 60	 0	 1800470	 1962000	 0	 0	 64	 +0.0000000	 +0.0000000	 +0.0000	 +0.0000	 +0.0000	 +0.0000	 +nan	 0	 0	 99.990000
1	 81	 0	 60	 0	 2000470	 1962200	 0	 0	 64	 +0.0000000	 +0.0000000	 +0.0000	 +0.0000	 +0.0000	 +0.0000	 +nan	 0	 0	 99.990000
1	 82	 0	 60	 0	 2200469	 1962400	 0	 0	 64	 +0.0000000	 +0.0000000	 +0.0000	 +0.0000	 +0.0000	 +0.0000	 +nan	 0	 0	 99.990000
1	 83	 0	 60	 0	 2400470	 1962600	 0	 0	 64	 +0.0000000	 +0.0000000	 +0.0000	 +0.0000	 +0.0000	 +0.0000	 +nan	 0	 0	 99.990000
1	 84	 0	 60	 0	 2600469	 1962800	 0	 0	 64	 +0.0000000	 +0.0000000	 +0.0000	 +0.0000	 +0.0000	 +0.0000	 +nan	 0	 0	 99.990000
1	 85	 0	 60	 0	 2800469	 1963000	 0	 0	 64	 +0.0000000	 +0.0000000	 +0.0000	 +0.0000	 +0.0000	 +0.0000	 +nan	 0	 0	 99.990000
1	 86	 0	 60	 0	 3000469	 1963200	 0	 0	 64	 +0.0000000	 +0.0000000	 +0.0000	 +0.0000	 +0.0000	 +0.0000	 +nan	 0	 0	 99.990000
1	 87	 0	 60	 0	 3200470	 1963400	 0	 0	 64	 +0.0000000	 +0.0000000	 +0.0000	 +0.0000	 +0.0000	 +0.0000	 +nan	 0	 0	 99.990000
1	 88	 0	 60	 0	 3400469	 1963600	 0	 0	 64	 +0.0000000	 +0.0000000	 +0.0000	 +0.0000	 +0.0000	 +0.0000	 +nan	 0	 0	 99.990000
1	 89	 0	 60	 0	 3600470	 1963800	 0	 0	 64	 +0.0000000	 +0.0000000	 +0.0000	 +0.0000	 +0.0000	 +0.0000	 +nan	 0	 0	 99.990000
1	 90	 0	 60	 0	 3800470	 1964000	 0	 0	 64	 +0.0000000	 +0.0000000	 +0.0000	 +0.0000	 +0.0000	 +0.0000	 +nan	 0	 0	 99.990000
1	 91	 0	 60	 0	 4000470	 1964200	 0	 0	 64	 +0.0000000	 +0.0000000	 +0.0000	 +0.0000	 +0.0000	 +0.0000	 +nan	 0	 0	 99.990000
1	 92	 0	 60	 0	 4200470	 1964400	 0	 0	 64	 +0.0000000	 +0.0000000	 +0.0000	 +0.0000	 +0.0000	 +0.0000	 +nan	 0	 0	 99.990000
1	 93	 0	 60	 0	 4400469	 1964600	 0	 0	 64	 +0.0000000	 +0.0000000	 +0.0000	 +0.0000	 +0.0000	 +0.0000	 +nan	 0	 0	 99.990000
1	 94	 0	 60	 0	 4600470	 1964800	 0	 0	 64	 +0.0000000	 +0.0000000	 +0.0000	 +0.0000	 +0.0000	 +0.0000	 +nan	 0	 0	 99.990000
1	 95	 0	 60	 0	 4800469	 1965000	 0	 0	 64	 +0.0000000	 +0.0000000	 +0.0000	 +0.0000	 +0.0000	 +0.0000	 +nan	 0	 0	 99.990000
1	 96	 0	 60	 0	 5000469	 1965200	 0	 0	 64	 +0.0000000	 +0.0000000	 +0.0000	 +0.0000	 +0.0000	 +0.0000	 +nan	 0	 0	 99.990000
1	 97	 0	 60	 0	 5200469	 1965400	 0	 0	 64	 +0.0000000	 +0.0000000	 +0.0000	 +0.0000	 +0.0000	 +0.0000	 +nan	 0	 0	 99.990000
1	 98	 0	 60	 0	 5400469	 1965600	 0	 0	 64	 +0.0000000	 +0.0000000	 +0.0000	 +0.0000	 +0.0000	 +0.0000	 +nan	 0	 0	 99.990000
1	 99	 0	 60	 0	 5600470	 1965800	 0	 0	 64	 +0.0000000	 +0.0000000	 +0.0000	 +0.0000	 +0.0000	 +0.0000	 +nan	 0	 0	 99.990000
1	 100	 0	 60	 0	 5800469	 1966000	 0	 0	 64	 +0.0000000	 +0.0000000	 +0.0000	 +0.0000	 +0.0000	 +0.0000	 +nan	 0	 0	 99.990000
1	 101	 0	 60	 0	 6000470	 1966200	 0	 0	 64	 +0.0000000	 +0.0000000	 +0.0000	 +0.0000	 +0.0000	 +0.0000	 +nan	 0	 0	 99.990000
1	 102	 0	 60	 0	 6200469	 1966400	 0	 0	 64	 +0.0000000	 +0.0000000	 +0.0000	 +0.0000	 +0.0000	 +0.0000	 +nan	 0	 0	 99.990000
1	 103	 0	 60	 0	 6400470	 1966600	 0	 0	 64	 +0.0000000	 +0.0000000	 +0.0000	 +0.0000	 +0.0000	 +0.0000	 +nan	 0	 0	 99.990000
1	 104	 0	 60	 0	 6600470	 1966800	 0	 0	 64	 +0.0000000	 +0.0000000	 +0.0000	 +0.0000	 +0.0000	 +0.0000	 +nan	 0	 0	 99.990000
1	 105	 0	 60	 0	 6800469	 1967000	 0	 0	 64	 +0.0000000	 +0.0000000	 +0.0000	 +0.0000	 +0.0000	 +0.0000	 +nan	 0	 0	 99.990000
1	 106	 0	 60	 0	 7000469	 1967200	 0	 0	 64	 +0.0000000	 +0.0000000	 +0.0000	 +0.0000	 +0.0000	 +0.0000	 +nan	 0	 0	 99.990000
1	 107	 0	 60	 0	 7200470	 1967400	 0	 0	 64	 +0.0000000	 +0.0000000	 +0.0000	 +0.0000	 +0.0000	 +0.0000	 +nan	 0	 0	 99.990000
1	 108	 0	 60	 0	 7400470	 1967600	 0	 0	 64	 +0.0000000	 +0.0000000	 +0.0000	 +0.0000	 +0.0000	 +0.0000	 +nan	 0	 0	 99.990000
1	 109	 0	 60	 0	 7600470	 1967800	 0	 0	 64	 +0.0000000	 +0.0000000	 +0.0000	 +0.0000	 +0.0000	 +0.0000	 +nan	 0	 0	 99.990000
1	 110	 0	 60	 0	 7800469	 1968000	 0	 0	 64	 +0.0000000	 +0.0000000	 +0.0000	 +0.0000	 +0.0000	 +0.0000	 +nan	 0	 0	 99.990000
1	 111	 0	 60	 0	 8000470	 1968200	 0	 0	 64	 +0.0000000	 +0.0000000	 +0.0000	 +0.0000	 +0.0000	 +0.0000	 +nan	 0	 0	 99.990000
1	 112	 0	 60	 0	 8200470	 1968400	 0	 0	 64	 +0.0000000	 +0.0000000	 +0.0000	 +0.0000	 +0.0000	 +0.0000	 +nan	 0	 0	 99.990000
1	 113	 0	 60	 0	 8400469	 1968600	 0	 0	 64	 +0.0000000	 +0.0000000	 +0.0000	 +0.0000	 +0.0000	 +0.0000	 +nan	 0	 0	 99.990000
1	 114	 0	 60	 0	 8600470	 1968800	 0	 0	 64	 +0.0000000	 +0.0000000	 +0.0000	 +0.0000	 +0.0000	 +0.0000	 +nan	 0	 0	 99.990000
1	 115	 0	 60	 0	 8800470	 1969000	 0	 0	 64	 +0.0000000	 +0.0000000	 +0.0000	 +0.0000	 +0.0000	 +0.0000	 +nan	 0	 0	 99.990000
1	 116	 0	 60	 0	 9000469	 1969200	 0	 0	 64	 +0.0000000	 +0.0000000	 +0.0000	 +0.0000	 +0.0000	 +0.0000	 +nan	 0	 0	 99.990000
1	 117	 0	 60	 0	 9200469	 1969400	 0	 0	 64	 +0.0000000	 +0.0000000	 +0.0000	 +0.0000	 +0.0000	 +0.0000	 +nan	 0	 0	 99.990000
1	 118	 0	 60	 0	 9400469	 1969600	 0	 0	 64	 +0.0000000	 +0.0000000	 +0.0000	 +0.0000	 +0.0000	 +0.0000	 +nan	 0	 0	 99.990000
1	 119	 0	 60	 0	 9600470	 1969800	 0	 0	 64	 +0.0000000	 +0.0000000	 +0.0000	 +0.0000	 +0.0000	 +0.0000	 +nan	 0	 0	 99.990000
1	 120	 0	 60	 0	 9800470	 1970000	 0	 0	 64	 +0.0000000	 +0.0000000	 +0.0000	 +0.0000	 +0.0000	 +0.0000	 +nan	 0	 0	 99.990000
1	 121	 0	 60	 0	 469	 1970200	 0	 0	 64	 +0.0000000	 +0.0000000	 +0.0000	 +0.0000	 +0.0000	 +0.0000	 +nan	 0	 0	 99.990000
1	 122	 0	 60	 0	 200469	 1970400	 0	 0	 64	 +0.0000000	 +0.0000000	 +0.0000	 +0.0000	 +0.0000	 +0.0000	 +nan	 0	 0	 99.990000
1	 123	 0	 60	 0	 400469	 1970600	 0	 0	 64	 +0.0000000	 +0.0000000	 +0.0000	 +0.0000	 +0.0000	 +0.0000	 +nan	 0	 0	 99.990000
1	 124	 0	 60	 0	 600469	 1970800	 0	 0	 64	 +0.0000000	 +0.0000000	 +0.0000	 +0.0000	 +0.0000	 +0.0000	 +nan	 0	 0	 99.990000
1	 125	 0	 60	 0	 800470	 1971000	 0	 0	 64	 +0.0000000	 +0.0000000	 +0.0000	 +0.0000	 +0.0000	 +0.0000	 +nan	 0	 0	 99.990000
1	 126	 0	 60	 0	 1000469	 1971200	 0	 0	 64	 +0.0000000	 +0.0000000	 +0.0000	 +0.0000	 +0.0000	 +0.0000	 +nan	 0	 0	 99.990000
1	 127	 0	 60	 0	 1200470	 1971400	 0	 0	 64	 +0.0000000	 +0.0000000	 +0.0000	 +0.0000	 +0.0000	 +0.0000	 +nan	 0	 0	 99.990000
1	 128	 0	 60	 0	 1400469	 1971600	 0	 0	 64	 +0.0000000	 +0.0000000	 +0.0000	 +0.0000	 +0.0000	 +0.0000	 +nan	 0	 0	 99.990000
1	 129	 0	 60	 0	 1600470	 1971800	 0	 0	 64	 +0.0000000	 +0.0000000	 +0.0000	 +0.0000	 +0.0000	 +0.0000	 +nan	 0	 0	 99.990000
1	 130	 0	 60	 0	 1800469	 1972000	 0	 0	 64	 +0.0000000	 +0.0000000	 +0.0000	 +0.0000	 +0.0000	 +0.0000	 +nan	 0	 0	 99.990000
1	 131	 0	 60	 0	 2000469	 1972200	 0	 0	 64	 +0.0000000	 +0.0000000	 +0.0000	 +0.0000	 +0.0000	 +0.0000	 +nan	 0	 0	 99.990000
1	 132	 0	 60	 0	 2200470	 1972400	 0	 0	 64	 +0.0000000	 +0.0000000	 +0.0000	 +0.0000	 +0.0000	 +0.0000	 +nan	 0	 0	 99.990000
1	 133	 0	 60	 0	 2400469	 1972600	 0	 0	 64	 +0.0000000	 +0.0000000	 +0.0000	 +0.0000	 +0.0000	 +0.0000	 +nan	 0	 0	 99.990000
1	 134	 0	 60	 0	 2600469	 1972800	 0	 0	 64	 +0.0000000	 +0.0000000	 +0.0000	 +0.0000	 +0.0000	 +0.0000	 +nan	 0	 0	 99.990000
1	 135	 0	 60	 0	 2800470	 1973000	 0	 0	 64	 +0.0000000	 +0.0000000	 +0.0000	 +0.0000	 +0.0000	 +0.0000	 +nan	 0	 0	 99.990000
1	 136	 0	 60	 0	 3000469	 1973200	 0	 0	 64	 +0.0000000	 +0.0000000	 +0.0000	 +0.0000	 +0.0000	 +0.0000	 +nan	 0	 0	 99.990000
1	 137	 0	 60	 0	 3200470	 1973400	 0	 0	 64	 +0.0000000	 +0.0000000	 +0.0000	 +0.0000	 +0.0000	 +0.0000	 +nan	 0	 0	 99.990000
1	 138	 0	 60	 0	 3400470	 1973600	 0	 0	 64	 +0.0000000	 +0.0000000	 +0.0000	 +0.0000	 +0.0000	 +0.0000	 +nan	 0	 0	 99.990000
1	 139	 0	 60	 0	 3600469	 1973800	 0	 0	 64	 +0.0000000	 +0.0000000	 +0.0000	 +0.0000	 +0.0000	 +0.0000	 +nan	 0	 0	 99.990000
1	 140	 0	 60	 0	 3800469	 1974000	 0	 0	 64	 +0.0000000	 +0.0000000	 +0.0000	 +0.0000	 +0.0000	 +0.0000	 +nan	 0	 0	 99.990000
1	 141	 0	 60	 0	 4000469	 1974200	 0	 0	 64	 +0.0000000	 +0.0000000	 +0.0000	 +0.0000	 +0.0000	 +0.0000	 +nan	 0	 0	 99.990000
1	 142	 0	 60	 0	 4200469	 1974400	 0	 0	 64	 +0.0000000	 +0.0000000	 +0.0000	 +0.0000	 +0.0000	 +0.0000	 +nan	 0	 0	 99.990000
1	 143	 0	 60	 0	 4400469	 1974600	 0	 0	 64	 +0.0000000	 +0.0000000	 +0.0000	 +0.0000	 +0.0000	 +0.0000	 +nan	 0	 0	 99.990000
1	 144	 0	 60	 0	 4600469	 1974800	 0	 0	 64	 +0.0000000	 +0.0000000	 +0.0000	 +0.0000	 +0.0000	 +0.0000	 +nan	 0	 0	 99.990000
1	 145	 0	 60	 0	 4800469	 1975000	 0	 0	 64	 +0.0000000	 +0.0000000	 +0.0000	 +0.0000	 +0.0000	 +0.0000	 +nan	 0	 0	 99.990000
1	 146	 0	 60	 0	 5000468	 1975200	 0	 0	 64	 +0.0000000	 +0.0000000	 +0.0000	 +0.0000	 +0.0000	 +0.0000	 +nan	 0	 0	 99.990000
1	 147	 0	 60	 0	 5200469	 1975400	 0	 0	 64	 +0.0000000	 +0.0000000	 +0.0000	 +0.0000	 +0.0000	 +0.0000	 +nan	 0	 0	 99.990000
1	 148	 0	 60	 0	 5400469	 1975600	 0	 0	 64	 +0.0000000	 +0.0000000	 +0.0000	 +0.0000	 +0.0000	 +0.0000	 +nan	 0	 0	 99.990000
1	 149	 0	 60	 0	 5600469	 1975800	 0	 0	 64	 +0.0000000	 +0.0000000	 +0.0000	 +0.0000	 +0.0000	 +0.0000	 +nan	 0	 0	 99.990000
1	 150	 0	 60	 0	 5800469	 1976000	 0	 0	 64	 +0.0000000	 +0.0000000	 +0.0000	 +0.0000	 +0.0000	 +0.0000	 +nan	 0	 0	 99.990000
1	 151	 0	 60	 0	 6000469	 1976200	 0	 0	 64	 +0.0000000	 +0.0000000	 +0.0000	 +0.0000	 +0.0000	 +0.0000	 +nan	 0	 0	 99.990000
1	 152	 0	 60	 0	 6200469	 1976400	 0	 0	 64	 +0.0000000	 +0.0000000	 +0.0000	 +0.0000	 +0.0000	 +0.0000	 +nan	 0	 0	 99.990000
1	 153	 0	 60	 0	 6400469	 1976600	 0	 0	 64	 +0.0000000	 +0.0000000	 +0.0000	 +0.0000	 +0.0000	 +0.0000	 +nan	 0	 0	 99.990000
1	 154	 0	 60	 0	 6600468	 1976800	 0	 0	 64	 +0.0000000	 +0.0000000	 +0.0000	 +0.0000	 +0.0000	 +0.0000	 +nan	 0	 0	 99.990000
1	 155	 0	 60	 0	 6800469	 1977000	 0	 0	 64	 +0.0000000	 +0.0000000	 +0.0000	 +0.0000	 +0.0000	 +0.0000	 +nan	 0	 0	 99.990000
1	 156	 0	 60	 0	 7000469	 1977200	 0	 0	 64	 +0.0000000	 +0.0000000	 +0.0000	 +0.0000	 +0.0000	 +0.0000	 +nan	 0	 0	 99.990000
1	 157	 0	 60	 0	 7200469	 1977400	 0	 0	 64	 +0.0000000	 +0.0000000	 +0.0000	 +0.0000	 +0.0000	 +0.0000	 +nan	 0	 0	 99.990000
1	 158	 0	 60	 0	 7400469	 1977600	 0	 0	 64	 +0.0000000	 +0.0000000	 +0.0000	 +0.0000	 +0.0000	 +0.0000	 +nan	 0	 0	 99.990000
1	 159	 0	 60	 0	 7600469	 1977800	 0	 0	 64	 +0.0000000	 +0.0000000	 +0.0000	 +0.0000	 +0.0000	 +0.0000	 +nan	 0	 0	 99.990000
1	 160	 0	 60	 0	 7800469	 1978000	 0	 0	 64	 +0.0000000	 +0.0000000	 +0.0000	 +0.0000	 +0.0000	 +0.0000	 +nan	 0	 0	 99.990000
1	 161	 0	 60	 0	 8000469	 1978200	 0	 0	 64	 +0.0000000	 +0.0000000	 +0.0000	 +0.0000	 +0.0000	 +0.0000	 +nan	 0	 0	 99.990000
1	 162	 0	 60	 0	 8200469	 1978400	 0	 0	 64	 +0.0000000	 +0.0000000	 +0.0000	 +0.0000	 +0.0000	 +0.0000	 +nan	 0	 0	 99.990000
1	 163	 0	 60	 0	 8400469	 1978600	 0	 0	 64	 +0.0000000	 +0.0000000	 +0.0000	 +0.0000	 +0.0000	 +0.0000	 +nan	 0	 0	 99.990000
1	 164	 0	 60	 0	 8600468	 1978800	 0	 0	 64	 +0.0000000	 +0.0000000	 +0.0000	 +0.0000	 +0.0000	 +0.0000	 +nan	 0	 0	 99.990000
1	 165	 0	 60	 0	 8800469	 1979000	 0	 0	 64	 +0.0000000	 +0.0000000	 +0.0000	 +0.0000	 +0.0000	 +0.0000	 +nan	 0	 0	 99.990000
1	 166	 0	 60	 0	 9000474	 1979200	 0	 0	 64	 +0.0000000	 +0.0000000	 +0.0000	 +0.0000	 +0.0000	 +0.0000	 +nan	 0	 0	 99.990000
1	 167	 0	 60	 0	 9200474	 1979400	 0	 0	 64	 +0.0000000	 +0.0000000	 +0.0000	 +0.0000	 +0.0000	 +0.0000	 +nan	 0	 0	 99.990000
1	 168	 0	 60	 0	 9400474	 1979600	 0	 0	 64	 +0.0000000	 +0.0000000	 +0.0000	 +0.0000	 +0.0000	 +0.0000	 +nan	 0	 0	 99.990000
1	 169	 0	 60	 0	 9600474	 1979800	 0	 0	 64	 +0.0000000	 +0.0000000	 +0.0000	 +0.0000	 +0.0000	 +0.0000	 +nan	 0	 0	 99.990000
1	 170	 0	 60	 0	 9800474	 1980000	 0	 0	 64	 +0.0000000	 +0.0000000	 +0.0000	 +0.0000	 +0.0000	 +0.0000	 +nan	 0	 0	 99.990000
1	 171	 0	 60	 0	 474	 1980200	 0	 0	 64	 +0.0000000	 +0.0000000	 +0.0000	 +0.0000	 +0.0000	 +0.0000	 +nan	 0	 0	 99.990000
1	 172	 0	 60	 0	 200474	 1980400	 0	 0	 64	 +0.0000000	 +0.0000000	 +0.0000	 +0.0000	 +0.0000	 +0.0000	 +nan	 0	 0	 99.990000
1	 173	 0	 60	 0	 400474	 1980600	 0	 0	 64	 +0.0000000	 +0.0000000	 +0.0000	 +0.0000	 +0.0000	 +0.0000	 +nan	 0	 0	 99.990000
1	 174	 0	 60	 0	 600474	 1980800	 0	 0	 64	 +0.0000000	 +0.0000000	 +0.0000	 +0.0000	 +0.0000	 +0.0000	 +nan	 0	 0	 99.990000
1	 175	 0	 60	 0	 800474	 1981000	 0	 0	 64	 +0.0000000	 +0.0000000	 +0.0000	 +0.0000	 +0.0000	 +0.0000	 +nan	 0	 0	 99.990000
1	 176	 0	 60	 0	 1000474	 1981200	 0	 0	 64	 +0.0000000	 +0.0000000	 +0.0000	 +0.0000	 +0.0000	 +0.0000	 +nan	 0	 0	 99.990000
1	 177	 0	 60	 0	 1200474	 1981400	 0	 0	 64	 +0.0000000	 +0.0000000	 +0.0000	 +0.0000	 +0.0000	 +0.0000	 +nan	 0	 0	 99.990000
1	 178	 0	 60	 0	 1400474	 1981600	 0	 0	 64	 +0.0000000	 +0.0000000	 +0.0000	 +0.0000	 +0.0000	 +0.0000	 +nan	 0	 0	 99.990000
1	 179	 0	 60	 0	 1600474	 1981800	 0	 0	 64	 +0.0000000	 +0.0000000	 +0.0000	 +0.0000	 +0.0000	 +0.0000	 +nan	 0	 0	 99.990000
1	 180	 0	 60	 0	 1800474	 1982000	 0	 0	 64	 +0.0000000	 +0.0000000	 +0.0000	 +0.0000	 +0.0000	 +0.0000	 +nan	 0	 0	 99.990000
1	 181	 0	 60	 0	 2000474	 1982200	 0	 0	 64	 +0.0000000	 +0.0000000	 +0.0000	 +0.0000	 +0.0000	 +0.0000	 +nan	 0	 0	 99.990000
1	 182	 0	 60	 0	 2200474	 1982400	 0	 0	 64	 +0.0000000	 +0.0000000	 +0.0000	 +0.0000	 +0.0000	 +0.0000	 +nan	 0	 0	 99.990000
1	 183	 0	 60	 0	 2400474	 1982600	 0	 0	 64	 +0.0000000	 +0.0000000	 +0.0000	 +0.0000	 +0.0000	 +0.0000	 +nan	 0	 0	 99.990000
1	 184	 0	 60	 0	 2600474	 1982800	 0	 0	 64	 +0.0000000	 +0.0000000	 +0.0000	 +0.0000	 +0.0000	 +0.0000	 +nan	 0	 0	 99.990000
1	 185	 0	 60	 0	 2800474	 1983000	 0	 0	 64	 +0.0000000	 +0.0000000	 +0.0000	 +0.0000	 +0.0000	 +0.0000	 +nan	 0	 0	 99.990000
1	 186	 0	 60	 0	 3000474	 1983200	 0	 0	 64	 +0.0000000	 +0.0000000	 +0.0000	 +0.0000	 +0.0000	 +0.0000	 +nan	 0	 0	 99.990000
1	 187	 0	 60	 0	 3200474	 1983400	 0	 0	 64	 +0.0000000	 +0.0000000	 +0.0000	 +0.0000	 +0.0000	 +0.0000	 +nan	 0	 0	 99.990000
1	 188	 0	 60	 0	 3400474	 1983600	 0	 0	 64	 +0.0000000	 +0.0000000	 +0.0000	 +0.0000	 +0.0000	 +0.0000	 +nan	 0	 0	 99.990000
1	 189	 0	 60	 0	 3600474	 1983800	 0	 0	 64	 +0.0000000	 +0.0000000	 +0.0000	 +0.0000	 +0.0000	 +0.0000	 +nan	 0	 0	 99.990000
1	 190	 0	 60	 0	 3800474	 1984000	 0	 0	 64	 +0.0000000	 +0.0000000	 +0.0000	 +0.0000	 +0.0000	 +0.0000	 +nan	 0	 0	 99.990000
1	 191	 0	 60	 0	 4000474	 1984200	 0	 0	 64	 +0.0000000	 +0.0000000	 +0.0000	 +0.0000	 +0.0000	 +0.0000	 +nan	 0	 0	 99.990000
1	 192	 0	 60	 0	 4200474	 1984400	 0	 0	 64	 +0.0000000	 +0.0000000	 +0.0000	 +0.0000	 +0.0000	 +0.0000	 +nan	 0	 0	 99.990000
1	 193	 0	 60	 0	 4400475	 1984600	 0	 0	 64	 +0.0000000	 +0.0000000	 +0.0000	 +0.0000	 +0.0000	 +0.0000	 +nan	 0	 0	 99.990000
1	 194	 0	 60	 0	 4600474	 1984800	 0	 0	 64	 +0.0000000	 +0.0000000	 +0.0000	 +0.0000	 +0.0000	 +0.0000	 +nan	 0	 0	 99.990000
1	 195	 0	 60	 0	 4800474	 1985000	 0	 0	 64	 +0.0000000	 +0.0000000	 +0.0000	 +0.0000	 +0.0000	 +0.0000	 +nan	 0	 0	 99.990000
1	 196	 0	 60	 0	 5000474	 1985200	 0	 0	 64	 +0.0000000	 +0.0000000	 +0.0000	 +0.0000	 +0.0000	 +0.0000	 +nan	 0	 0	 99.990000
1	 197	 0	 60	 0	 5200474	 1985400	 0	 0	 64	 +0.0000000	 +0.0000000	 +0.0000	 +0.0000	 +0.0000	 +0.0000	 +nan	 0	 0	 99.990000
1	 198	 0	 60	 0	 5400474	 1985600	 0	 0	 64	 +0.0000000	 +0.0000000	 +0.0000	 +0.0000	 +0.0000	 +0.0000	 +nan	 0	 0	 99.990000
1	 199	 0	 60	 0	 5600474	 1985800	 0	 0	 64	 +0.0000000	 +0.0000000	 +0.0000	 +0.0000	 +0.0000	 +0.0000	 +nan	 0	 0	 99.990000
1	 200	 0	 60	 0	 5800474	 1986000	 0	 0	 64	 +0.0000000	 +0.0000000	 +0.0000	 +0.0000	 +0.0000	 +0.0000	 +nan	 0	 0	 99.990000
1	 201	 0	 60	 0	 6000474	 1986200	 0	 0	 64	 +0.0000000	 +0.0000000	 +0.0000	 +0.0000	 +0.0000	 +0.0000	 +nan	 0	 0	 99.990000
1	 202	 0	 60	 0	 6200474	 1986400	 0	 0	 64	 +0.0000000	 +0.0000000	 +0.0000	 +0.0000	 +0.0000	 +0.0000	 +nan	 0	 0	 99.990000
1	 203	 0	 60	 0	 6400474	 1986600	 0	 0	 64	 +0.0000000	 +0.0000000	 +0.0000	 +0.0000	 +0.0000	 +0.0000	 +nan	 0	 0	 99.990000
1	 204	 0	 60	 0	 6600474	 1986800	 0	 0	 64	 +0.0000000	 +0.0000000	 +0.0000	 +0.0000	 +0.0000	 +0.0000	 +nan	 0	 0	 99.990000
1	 205	 0	 60	 0	 6800474	 1987000	 0	 0	 64	 +0.0000000	 +0.0000000	 +0.0000	 +0.0000	 +0.0000	 +0.0000	 +nan	 0	 0	 99.990000
1	 206	 0	 60	 0	 7000474	 1987200	 0	 0	 64	 +0.0000000	 +0.0000000	 +0.0000	 +0.0000	 +0.0000	 +0.0000	 +nan	 0	 0	 99.990000
1	 207	 0	 60	 0	 7200474	 1987400	 0	 0	 64	 +0.0000000	 +0.0000000	 +0.0000	 +0.0000	 +0.0000	 +0.0000	 +nan	 0	 0	 99.990000
1	 208	 0	 60	 0	 7400474	 1987600	 0	 0	 64	 +0.0000000	 +0.0000000	 +0.0000	 +0.0000	 +0.0000	 +0.0000	 +nan	 0	 0	 99.990000
1	 209	 0	 60	 0	 7600474	 1987800	 0	 0	 64	 +0.0000000	 +0.0000000	 +0.0000	 +0.0000	 +0.0000	 +0.0000	 +nan	 0	 0	 99.990000
1	 210	 0	 60	 0	 7800474	 1988000	 0	 0	 64	 +0.0000000	 +0.0000000	 +0.0000	 +0.0000	 +0.0000	 +0.0000	 +nan	 0	 0	 99.990000
1	 211	 0	 60	 0	 8000474	 1988200	 0	 0	 64	 +0.0000000	 +0.0000000	 +0.0000	 +0.0000	 +0.0000	 +0.0000	 +nan	 0	 0	 99.990000
1	 212	 0	 60	 0	 8200474	 1988400	 0	 0	 64	 +0.0000000	 +0.0000000	 +0.0000	 +0.0000	 +0.0000	 +0.0000	 +nan	 0	 0	 99.990000
1	 213	 0	 60	 0	 8400474	 1988600	 0	 0	 64	 +0.0000000	 +0.0000000	 +0.0000	 +0.0000	 +0.0000	 +0.0000	 +nan	 0	 0	 99.990000
1	 214	 0	 60	 0	 8600474	 1988800	 0	 0	 64	 +0.0000000	 +0.0000000	 +0.0000	 +0.0000	 +0.0000	 +0.0000	 +nan	 0	 0	 99.990000
1	 215	 0	 60	 0	 8800475	 1989000	 0	 0	 64	 +0.0000000	 +0.0000000	 +0.0000	 +0.0000	 +0.0000	 +0.0000	 +nan	 0	 0	 99.990000
1	 216	 0	 60	 0	 9000474	 1989200	 0	 0	 64	 +0.0000000	 +0.0000000	 +0.0000	 +0.0000	 +0.0000	 +0.0000	 +nan	 0	 0	 99.990000
1	 217	 0	 60	 0	 9200474	 1989400	 0	 0	 64	 +0.0000000	 +0.0000000	 +0.0000	 +0.0000	 +0.0000	 +0.0000	 +nan	 0	 0	 99.990000
1	 218	 0	 60	 0	 9400474	 1989600	 0	 0	 64	 +0.0000000	 +0.0000000	 +0.0000	 +0.0000	 +0.0000	 +0.0000	 +nan	 0	 0	 99.990000
1	 219	 0	 60	 0	 9600474	 1989800	 0	 0	 64	 +0.0000000	 +0.0000000	 +0.0000	 +0.0000	 +0.0000	 +0.0000	 +nan	 0	 0	 99.990000
1	 220	 0	 60	 0	 9800475	 1990000	 0	 0	 64	 +0.0000000	 +0.0000000	 +0.0000	 +0.0000	 +0.0000	 +0.0000	 +nan	 0	 0	 99.990000
1	 221	 0	 60	 0	 474	 1990200	 0	 0	 64	 +0.0000000	 +0.0000000	 +0.0000	 +0.0000	 +0.0000	 +0.0000	 +nan	 0	 0	 99.990000
1	 222	 0	 60	 0	 200474	 1990400	 0	 0	 64	 +0.0000000	 +0.0000000	 +0.0000	 +0.0000	 +0.0000	 +0.0000	 +nan	 0	 0	 99.990000
1	 223	 0	 60	 0	 400474	 1990600	 0	 0	 64	 +0.0000000	 +0.0000000	 +0.0000	 +0.0000	 +0.0000	 +0.0000	 +nan	 0	 0	 99.990000
1	 224	 0	 60	 0	 600474	 1990800	 0	 0	 64	 +0.0000000	 +0.0000000	 +0.0000	 +0.0000	 +0.0000	 +0.0000	 +nan	 0	 0	 99.990000
1	 225	 0	 60	 0	 800475	 1991000	 0	 0	 64	 +0.0000000	 +0.0000000	 +0.0000	 +0.0000	 +0.0000	 +0.0000	 +nan	 0	 0	 99.990000
1	 226	 0	 60	 0	 1000474	 1991200	 0	 0	 64	 +0.0000000	 +0.0000000	 +0.0000	 +0.0000	 +0.0000	 +0.0000	 +nan	 0	 0	 99.990000
1	 227	 0	 60	 0	 1200474	 1991400	 0	 0	 64	 +0.0000000	 +0.0000000	 +0.0000	 +0.0000	 +0.0000	 +0.0000	 +nan	 0	 0	 99.990000
1	 228	 0	 60	 0	 1400475	 1991600	 0	 0	 64	 +0.0000000	 +0.0000000	 +0.0000	 +0.0000	 +0.0000	 +0.0000	 +nan	 0	 0	 99.990000
1	 229	 0	 60	 0	 1600475	 1991800	 0	 0	 64	 +0.0000000	 +0.0000000	 +0.0000	 +0.0000	 +0.0000	 +0.0000	 +nan	 0	 0	 99.990000
1	 230	 0	 60	 0	 1800475	 1992000	 0	 0	 64	 +0.0000000	 +0.0000000	 +0.0000	 +0.0000	 +0.0000	 +0.0000	 +nan	 0	 0	 99.990000
1	 231	 0	 60	 0	 2000475	 1992200	 0	 0	 64	 +0.0000000	 +0.0000000	 +0.0000	 +0.0000	 +0.0000	 +0.0000	 +nan	 0	 0	 99.990000
1	 232	 0	 60	 0	 2200475	 1992400	 0	 0	 64	 +0.0000000	 +0.0000000	 +0.0000	 +0.0000	 +0.0000	 +0.0000	 +nan	 0	 0	 99.990000
1	 233	 0	 60	 0	 2400475	 1992600	 0	 0	 64	 +0.0000000	 +0.0000000	 +0.0000	 +0.0000	 +0.0000	 +0.0000	 +nan	 0	 0	 99.990000
1	 234	 0	 60	 0	 2600475	 1992800	 0	 0	 64	 +0.0000000	 +0.0000000	 +0.0000	 +0.0000	 +0.0000	 +0.0000	 +nan	 0	 0	 99.990000
1	 235	 0	 60	 0	 2800475	 1993000	 0	 0	 64	 +0.0000000	 +0.0000000	 +0.0000	 +0.0000	 +0.0000	 +0.0000	 +nan	 0	 0	 99.990000
1	 236	 0	 60	 0	 3000475	 1993200	 0	 0	 64	 +0.0000000	 +0.0000000	 +0.0000	 +0.0000	 +0.0000	 +0.0000	 +nan	 0	 0	 99.990000
1	 237	 0	 60	 0	 3200475	 1993400	 0	 0	 64	 +0.0000000	 +0.0000000	 +0.0000	 +0.0000	 +0.0000	 +0.0000	 +nan	 0	 0	 99.990000
1	 238	 0	 60	 0	 3400475	 1993600	 0	 0	 64	 +0.0000000	 +0.0000000	 +0.0000	 +0.0000	 +0.0000	 +0.0000	 +nan	 0	 0	 99.990000
1	 239	 0	 60	 0	 3600475	 1993800	 0	 0	 64	 +0.0000000	 +0.0000000	 +0.0000	 +0.0000	 +0.0000	 +0.0000	 +nan	 0	 0	 99.990000
1	 240	 0	 60	 0	 3800474	 1994000	 0	 0	 64	 +0.0000000	 +0.0000000	 +0.0000	 +0.0000	 +0.0000	 +0.0000	 +nan	 0	 0	 99.990000
1	 241	 0	 60	 0	 4000474	 1994200	 0	 0	 64	 +0.0000000	 +0.0000000	 +0.0000	 +0.0000	 +0.0000	 +0.0000	 +nan	 0	 0	 99.990000
1	 242	 0	 60	 0	 4200475	 1994400	 0	 0	 64	 +0.0000000	 +0.0000000	 +0.0000	 +0.0000	 +0.0000	 +0.0000	 +nan	 0	 0	 99.990000
1	 243	 0	 60	 0	 4400475	 1994600	 0	 0	 64	 +0.0000000	 +0.0000000	 +0.0000	 +0.0000	 +0.0000	 +0.0000	 +nan	 0	 0	 99.990000
1	 244	 0	 60	 0	 4600475	 1994800	 0	 0	 64	 +0.0000000	 +0.0000000	 +0.0000	 +0.0000	 +0.0000	 +0.0000	 +nan	 0	 0	 99.990000
1	 245	 0	 60	 0	 4800474	 1995000	 0	 0	 64	 +0.0000000	 +0.0000000	 +0.0000	 +0.0000	 +0.0000	 +0.0000	 +nan	 0	 0	 99.990000
1	 246	 0	 60	 0	 5000475	 1995200	 0	 0	 64	 +0.0000000	 +0.0000000	 +0.0000	 +0.0000	 +0.0000	 +0.0000	 +nan	 0	 0	 99.990000
1	 247	 0	 60	 0	 5200475	 1995400	 0	 0	 64	 +0.0000000	 +0.0000000	 +0.0000	 +0.0000	 +0.0000	 +0.0000	 +nan	 0	 0	 99.990000
1	 248	 0	 60	 0	 5400475	 1995600	 0	 0	 64	 +0.0000000	 +0.0000000	 +0.0000	 +0.0000	 +0.0000	 +0.0000	 +nan	 0	 0	 99.990000
1	 249	 0	 60	 0	 5600475	 1995800	 0	 0	 64	 +0.0000000	 +0.0000000	 +0.0000	 +0.0000	 +0.0000	 +0.0000	 +nan	 0	 0	 99.990000
1	 250	 0	 60	 0	 5800475	 1996000	 0	 0	 64	 +0.0000000	 +0.0000000	 +0.0000	 +0.0000	 +0.0000	 +0.0000	 +nan	 0	 0	 99.990000
1	 251	 0	 60	 0	 6000475	 1996200	 0	 0	 64	 +0.0000000	 +0.0000000	 +0.0000	 +0.0000	 +0.0000	 +0.0000	 +nan	 0	 0	 99.990000
1	 252	 0	 60	 0	 6200475	 1996400	 0	 0	 64	 +0.0000000	 +0.0000000	 +0.0000	 +0.0000	 +0.0000	 +0.0000	 +nan	 0	 0	 99.990000
1	 253	 0	 60	 0	 6400475	 1996600	 0	 0	 64	 +0.0000000	 +0.0000000	 +0.0000	 +0.0000	 +0.0000	 +0.0000	 +nan	 0	 0	 99.990000
