1	 201	 0	 60	 0	 471	 450200	 0	 0	 64	 +0.0000000	 +0.0000000	 +0.0000	 +0.0000	 +0.0000	 +0.0000	 +nan	 0	 0	 99.990000
1	 202	 0	 60	 0	 200471	 450400	 0	 0	 64	 +0.0000000	 +0.0000000	 +0.0000	 +0.0000	 +0.0000	 +0.0000	 +nan	 0	 0	 99.990000
1	 203	 0	 60	 0	 400471	 450600	 0	 0	 64	 +0.0000000	 +0.0000000	 +0.0000	 +0.0000	 +0.0000	 +0.0000	 +nan	 0	 0	 99.990000
1	 204	 0	 60	 0	 600472	 450800	 0	 0	 64	 +0.0000000	 +0.0000000	 +0.0000	 +0.0000	 +0.0000	 +0.0000	 +nan	 0	 0	 99.990000
1	 205	 0	 60	 0	 800471	 451000	 0	 0	 64	 +0.0000000	 +0.0000000	 +0.0000	 +0.0000	 +0.0000	 +0.0000	 +nan	 0	 0	 99.990000
1	 206	 0	 60	 0	 1000471	 451200	 0	 0	 64	 +0.0000000	 +0.0000000	 +0.0000	 +0.0000	 +0.0000	 +0.0000	 +nan	 0	 0	 99.990000
1	 207	 0	 60	 0	 1200471	 451400	 0	 0	 64	 +0.0000000	 +0.0000000	 +0.0000	 +0.0000	 +0.0000	 +0.0000	 +nan	 0	 0	 99.990000
1	 208	 0	 60	 0	 1400471	 451600	 0	 0	 64	 +0.0000000	 +0.0000000	 +0.0000	 +0.0000	 +0.0000	 +0.0000	 +nan	 0	 0	 99.990000
1	 209	 0	 60	 0	 1600471	 451800	 0	 0	 64	 +0.0000000	 +0.0000000	 +0.0000	 +0.0000	 +0.0000	 +0.0000	 +nan	 0	 0	 99.990000
1	 210	 0	 60	 0	 1800471	 452000	 0	 0	 64	 +0.0000000	 +0.0000000	 +0.0000	 +0.0000	 +0.0000	 +0.0000	 +nan	 0	 0	 99.990000
1	 211	 0	 60	 0	 2000472	 452200	 0	 0	 64	 +0.0000000	 +0.0000000	 +0.0000	 +0.0000	 +0.0000	 +0.0000	 +nan	 0	 0	 99.990000
1	 212	 0	 60	 0	 2200471	 452400	 0	 0	 64	 +0.0000000	 +0.0000000	 +0.0000	 +0.0000	 +0.0000	 +0.0000	 +nan	 0	 0	 99.990000
1	 213	 0	 60	 0	 2400471	 452600	 0	 0	 64	 +0.0000000	 +0.0000000	 +0.0000	 +0.0000	 +0.0000	 +0.0000	 +nan	 0	 0	 99.990000
1	 214	 0	 60	 0	 2600471	 452800	 0	 0	 64	 +0.0000000	 +0.0000000	 +0.0000	 +0.0000	 +0.0000	 +0.0000	 +nan	 0	 0	 99.990000
1	 215	 0	 60	 0	 2800471	 453000	 0	 0	 64	 +0.0000000	 +0.0000000	 +0.0000	 +0.0000	 +0.0000	 +0.0000	 +nan	 0	 0	 99.990000
1	 216	 0	 60	 0	 3000471	 453200	 0	 0	 64	 +0.0000000	 +0.0000000	 +0.0000	 +0.0000	 +0.0000	 +0.0000	 +nan	 0	 0	 99.990000
1	 217	 0	 60	 0	 3200472	 453400	 0	 0	 64	 +0.0000000	 +0.0000000	 +0.0000	 +0.0000	 +0.0000	 +0.0000	 +nan	 0	 0	 99.990000
1	 218	 0	 60	 0	 3400471	 453600	 0	 0	 64	 +0.0000000	 +0.0000000	 +0.0000	 +0.0000	 +0.0000	 +0.0000	 +nan	 0	 0	 99.990000
1	 219	 0	 60	 0	 3600471	 453800	 0	 0	 64	 +0.0000000	 +0.0000000	 +0.0000	 +0.0000	 +0.0000	 +0.0000	 +nan	 0	 0	 99.990000
1	 220	 0	 60	 0	 3800471	 454000	 0	 0	 64	 +0.0000000	 +0.0000000	 +0.0000	 +0.0000	 +0.0000	 +0.0000	 +nan	 0	 0	 99.990000
1	 221	 0	 60	 0	 4000471	 454200	 0	 0	 64	 +0.0000000	 +0.0000000	 +0.0000	 +0.0000	 +0.0000	 +0.0000	 +nan	 0	 0	 99.990000
1	 222	 0	 60	 0	 4200471	 454400	 0	 0	 64	 +0.0000000	 +0.0000000	 +0.0000	 +0.0000	 +0.0000	 +0.0000	 +nan	 0	 0	 99.990000
1	 223	 0	 60	 0	 4400471	 454600	 0	 0	 64	 +0.0000000	 +0.0000000	 +0.0000	 +0.0000	 +0.0000	 +0.0000	 +nan	 0	 0	 99.990000
1	 224	 0	 60	 0	 4600472	 454800	 0	 0	 64	 +0.0000000	 +0.0000000	 +0.0000	 +0.0000	 +0.0000	 +0.0000	 +nan	 0	 0	 99.990000
1	 225	 0	 60	 0	 4800471	 455000	 0	 0	 64	 +0.0000000	 +0.0000000	 +0.0000	 +0.0000	 +0.0000	 +0.0000	 +nan	 0	 0	 99.990000
1	 226	 0	 60	 0	 5000471	 455200	 0	 0	 64	 +0.0000000	 +0.0000000	 +0.0000	 +0.0000	 +0.0000	 +0.0000	 +nan	 0	 0	 99.990000
1	 227	 0	 60	 0	 5200471	 455400	 0	 0	 64	 +0.0000000	 +0.0000000	 +0.0000	 +0.0000	 +0.0000	 +0.0000	 +nan	 0	 0	 99.990000
1	 228	 0	 60	 0	 5400471	 455600	 0	 0	 64	 +0.0000000	 +0.0000000	 +0.0000	 +0.0000	 +0.0000	 +0.0000	 +nan	 0	 0	 99.990000
1	 229	 0	 60	 0	 5600472	 455800	 0	 0	 64	 +0.0000000	 +0.0000000	 +0.0000	 +0.0000	 +0.0000	 +0.0000	 +nan	 0	 0	 99.990000
1	 230	 0	 60	 0	 5800472	 456000	 0	 0	 64	 +0.0000000	 +0.0000000	 +0.0000	 +0.0000	 +0.0000	 +0.0000	 +nan	 0	 0	 99.990000
1	 231	 0	 60	 0	 6000471	 456200	 0	 0	 64	 +0.0000000	 +0.0000000	 +0.0000	 +0.0000	 +0.0000	 +0.0000	 +nan	 0	 0	 99.990000
1	 232	 0	 60	 0	 6200471	 456400	 0	 0	 64	 +0.0000000	 +0.0000000	 +0.0000	 +0.0000	 +0.0000	 +0.0000	 +nan	 0	 0	 99.990000
1	 233	 0	 60	 0	 6400471	 456600	 0	 0	 64	 +0.0000000	 +0.0000000	 +0.0000	 +0.0000	 +0.0000	 +0.0000	 +nan	 0	 0	 99.990000
1	 234	 0	 60	 0	 6600471	 456800	 0	 0	 64	 +0.0000000	 +0.0000000	 +0.0000	 +0.0000	 +0.0000	 +0.0000	 +nan	 0	 0	 99.990000
1	 235	 0	 60	 0	 6800471	 457000	 0	 0	 64	 +0.0000000	 +0.0000000	 +0.0000	 +0.0000	 +0.0000	 +0.0000	 +nan	 0	 0	 99.990000
1	 236	 0	 60	 0	 7000471	 457200	 0	 0	 64	 +0.0000000	 +0.0000000	 +0.0000	 +0.0000	 +0.0000	 +0.0000	 +nan	 0	 0	 99.990000
1	 237	 0	 60	 0	 7200470	 457400	 0	 0	 64	 +0.0000000	 +0.0000000	 +0.0000	 +0.0000	 +0.0000	 +0.0000	 +nan	 0	 0	 99.990000
1	 238	 0	 60	 0	 7400471	 457600	 0	 0	 64	 +0.0000000	 +0.0000000	 +0.0000	 +0.0000	 +0.0000	 +0.0000	 +nan	 0	 0	 99.990000
1	 239	 0	 60	 0	 7600471	 457800	 0	 0	 64	 +0.0000000	 +0.0000000	 +0.0000	 +0.0000	 +0.0000	 +0.0000	 +nan	 0	 0	 99.990000
1	 240	 0	 60	 0	 7800471	 458000	 0	 0	 64	 +0.0000000	 +0.0000000	 +0.0000	 +0.0000	 +0.0000	 +0.0000	 +nan	 0	 0	 99.990000
1	 241	 0	 60	 0	 8000471	 458200	 0	 0	 64	 +0.0000000	 +0.0000000	 +0.0000	 +0.0000	 +0.0000	 +0.0000	 +nan	 0	 0	 99.990000
1	 242	 0	 60	 0	 8200471	 458400	 0	 0	 64	 +0.0000000	 +0.0000000	 +0.0000	 +0.0000	 +0.0000	 +0.0000	 +nan	 0	 0	 99.990000
1	 243	 0	 60	 0	 8400471	 458600	 0	 0	 64	 +0.0000000	 +0.0000000	 +0.0000	 +0.0000	 +0.0000	 +0.0000	 +nan	 0	 0	 99.990000
1	 244	 0	 60	 0	 8600471	 458800	 0	 0	 64	 +0.0000000	 +0.0000000	 +0.0000	 +0.0000	 +0.0000	 +0.0000	 +nan	 0	 0	 99.990000
1	 245	 0	 60	 0	 8800471	 459000	 0	 0	 64	 +0.0000000	 +0.0000000	 +0.0000	 +0.0000	 +0.0000	 +0.0000	 +nan	 0	 0	 99.990000
1	 246	 0	 60	 0	 9000471	 459200	 0	 0	 64	 +0.0000000	 +0.0000000	 +0.0000	 +0.0000	 +0.0000	 +0.0000	 +nan	 0	 0	 99.990000
1	 247	 0	 60	 0	 9200471	 459400	 0	 0	 64	 +0.0000000	 +0.0000000	 +0.0000	 +0.0000	 +0.0000	 +0.0000	 +nan	 0	 0	 99.990000
1	 248	 0	 60	 0	 9400471	 459600	 0	 0	 64	 +0.0000000	 +0.0000000	 +0.0000	 +0.0000	 +0.0000	 +0.0000	 +nan	 0	 0	 99.990000
1	 249	 0	 60	 0	 9600471	 459800	 0	 0	 64	 +0.0000000	 +0.0000000	 +0.0000	 +0.0000	 +0.0000	 +0.0000	 +nan	 0	 0	 99.990000
1	 250	 0	 60	 0	 9800471	 460000	 0	 0	 64	 +0.0000000	 +0.0000000	 +0.0000	 +0.0000	 +0.0000	 +0.0000	 +nan	 0	 0	 99.990000
1	 251	 0	 60	 0	 472	 460200	 0	 0	 64	 +0.0000000	 +0.0000000	 +0.0000	 +0.0000	 +0.0000	 +0.0000	 +nan	 0	 0	 99.990000
1	 252	 0	 60	 0	 200471	 460400	 0	 0	 64	 +0.0000000	 +0.0000000	 +0.0000	 +0.0000	 +0.0000	 +0.0000	 +nan	 0	 0	 99.990000
1	 253	 0	 60	 0	 400471	 460600	 0	 0	 64	 +0.0000000	 +0.0000000	 +0.0000	 +0.0000	 +0.0000	 +0.0000	 +nan	 0	 0	 99.990000
1	 254	 0	 60	 0	 600471	 460800	 0	 0	 64	 +0.0000000	 +0.0000000	 +0.0000	 +0.0000	 +0.0000	 +0.0000	 +nan	 0	 0	 99.990000
1	 255	 0	 60	 0	 800471	 461000	 0	 0	 64	 +0.0000000	 +0.0000000	 +0.0000	 +0.0000	 +0.0000	 +0.0000	 +nan	 0	 0	 99.990000
1	 0	 0	 60	 0	 1000472	 461200	 0	 0	 64	 +0.0000000	 +0.0000000	 +0.0000	 +0.0000	 +0.0000	 +0.0000	 +nan	 0	 0	 99.990000
1	 1	 0	 60	 0	 1200471	 461400	 0	 0	 64	 +0.0000000	 +0.0000000	 +0.0000	 +0.0000	 +0.0000	 +0.0000	 +nan	 0	 0	 99.990000
1	 2	 0	 60	 0	 1400471	 461600	 0	 0	 64	 +0.0000000	 +0.0000000	 +0.0000	 +0.0000	 +0.0000	 +0.0000	 +nan	 0	 0	 99.990000
1	 3	 0	 60	 0	 1600471	 461800	 0	 0	 64	 +0.0000000	 +0.0000000	 +0.0000	 +0.0000	 +0.0000	 +0.0000	 +nan	 0	 0	 99.990000
1	 4	 0	 60	 0	 1800471	 462000	 0	 0	 64	 +0.0000000	 +0.0000000	 +0.0000	 +0.0000	 +0.0000	 +0.0000	 +nan	 0	 0	 99.990000
1	 5	 0	 60	 0	 2000471	 462200	 0	 0	 64	 +0.0000000	 +0.0000000	 +0.0000	 +0.0000	 +0.0000	 +0.0000	 +nan	 0	 0	 99.990000
1	 6	 0	 60	 0	 2200471	 462400	 0	 0	 64	 +0.0000000	 +0.0000000	 +0.0000	 +0.0000	 +0.0000	 +0.0000	 +nan	 0	 0	 99.990000
1	 7	 0	 60	 0	 2400471	 462600	 0	 0	 64	 +0.0000000	 +0.0000000	 +0.0000	 +0.0000	 +0.0000	 +0.0000	 +nan	 0	 0	 99.990000
1	 8	 0	 60	 0	 2600471	 462800	 0	 0	 64	 +0.0000000	 +0.0000000	 +0.0000	 +0.0000	 +0.0000	 +0.0000	 +nan	 0	 0	 99.990000
1	 9	 0	 60	 0	 2800471	 463000	 0	 0	 64	 +0.0000000	 +0.0000000	 +0.0000	 +0.0000	 +0.0000	 +0.0000	 +nan	 0	 0	 99.990000
1	 10	 0	 60	 0	 3000471	 463200	 0	 0	 64	 +0.0000000	 +0.0000000	 +0.0000	 +0.0000	 +0.0000	 +0.0000	 +nan	 0	 0	 99.990000
1	 11	 0	 60	 0	 3200471	 463400	 0	 0	 64	 +0.0000000	 +0.0000000	 +0.0000	 +0.0000	 +0.0000	 +0.0000	 +nan	 0	 0	 99.990000
1	 12	 0	 60	 0	 3400471	 463600	 0	 0	 64	 +0.0000000	 +0.0000000	 +0.0000	 +0.0000	 +0.0000	 +0.0000	 +nan	 0	 0	 99.990000
1	 13	 0	 60	 0	 3600471	 463800	 0	 0	 64	 +0.0000000	 +0.0000000	 +0.0000	 +0.0000	 +0.0000	 +0.0000	 +nan	 0	 0	 99.990000
1	 14	 0	 60	 0	 3800471	 464000	 0	 0	 64	 +0.0000000	 +0.0000000	 +0.0000	 +0.0000	 +0.0000	 +0.0000	 +nan	 0	 0	 99.990000
1	 15	 0	 60	 0	 4000471	 464200	 0	 0	 64	 +0.0000000	 +0.0000000	 +0.0000	 +0.0000	 +0.0000	 +0.0000	 +nan	 0	 0	 99.990000
1	 16	 0	 60	 0	 4200472	 464400	 0	 0	 64	 +0.0000000	 +0.0000000	 +0.0000	 +0.0000	 +0.0000	 +0.0000	 +nan	 0	 0	 99.990000
1	 17	 0	 60	 0	 4400471	 464600	 0	 0	 64	 +0.0000000	 +0.0000000	 +0.0000	 +0.0000	 +0.0000	 +0.0000	 +nan	 0	 0	 99.990000
1	 18	 0	 60	 0	 4600471	 464800	 0	 0	 64	 +0.0000000	 +0.0000000	 +0.0000	 +0.0000	 +0.0000	 +0.0000	 +nan	 0	 0	 99.990000
1	 19	 0	 60	 0	 4800471	 465000	 0	 0	 64	 +0.0000000	 +0.0000000	 +0.0000	 +0.0000	 +0.0000	 +0.0000	 +nan	 0	 0	 99.990000
1	 20	 0	 60	 0	 5000471	 465200	 0	 0	 64	 +0.0000000	 +0.0000000	 +0.0000	 +0.0000	 +0.0000	 +0.0000	 +nan	 0	 0	 99.990000
1	 21	 0	 60	 0	 5200471	 465400	 0	 0	 64	 +0.0000000	 +0.0000000	 +0.0000	 +0.0000	 +0.0000	 +0.0000	 +nan	 0	 0	 99.990000
1	 22	 0	 60	 0	 5400471	 465600	 0	 0	 64	 +0.0000000	 +0.0000000	 +0.0000	 +0.0000	 +0.0000	 +0.0000	 +nan	 0	 0	 99.990000
1	 23	 0	 60	 0	 5600471	 465800	 0	 0	 64	 +0.0000000	 +0.0000000	 +0.0000	 +0.0000	 +0.0000	 +0.0000	 +nan	 0	 0	 99.990000
1	 24	 0	 60	 0	 5800471	 466000	 0	 0	 64	 +0.0000000	 +0.0000000	 +0.0000	 +0.0000	 +0.0000	 +0.0000	 +nan	 0	 0	 99.990000
1	 25	 0	 60	 0	 6000471	 466200	 0	 0	 64	 +0.0000000	 +0.0000000	 +0.0000	 +0.0000	 +0.0000	 +0.0000	 +nan	 0	 0	 99.990000
1	 26	 0	 60	 0	 6200471	 466400	 0	 0	 64	 +0.0000000	 +0.0000000	 +0.0000	 +0.0000	 +0.0000	 +0.0000	 +nan	 0	 0	 99.990000
1	 27	 0	 60	 0	 6400471	 466600	 0	 0	 64	 +0.0000000	 +0.0000000	 +0.0000	 +0.0000	 +0.0000	 +0.0000	 +nan	 0	 0	 99.990000
1	 28	 0	 60	 0	 6600471	 466800	 0	 0	 64	 +0.0000000	 +0.0000000	 +0.0000	 +0.0000	 +0.0000	 +0.0000	 +nan	 0	 0	 99.990000
1	 29	 0	 60	 0	 6800471	 467000	 0	 0	 64	 +0.0000000	 +0.0000000	 +0.0000	 +0.0000	 +0.0000	 +0.0000	 +nan	 0	 0	 99.990000
1	 30	 0	 60	 0	 7000471	 467200	 0	 0	 64	 +0.0000000	 +0.0000000	 +0.0000	 +0.0000	 +0.0000	 +0.0000	 +nan	 0	 0	 99.990000
1	 31	 0	 60	 0	 7200471	 467400	 0	 0	 64	 +0.0000000	 +0.0000000	 +0.0000	 +0.0000	 +0.0000	 +0.0000	 +nan	 0	 0	 99.990000
1	 32	 0	 60	 0	 7400471	 467600	 0	 0	 64	 +0.0000000	 +0.0000000	 +0.0000	 +0.0000	 +0.0000	 +0.0000	 +nan	 0	 0	 99.990000
1	 33	 0	 60	 0	 7600471	 467800	 0	 0	 64	 +0.0000000	 +0.0000000	 +0.0000	 +0.0000	 +0.0000	 +0.0000	 +nan	 0	 0	 99.990000
1	 34	 0	 60	 0	 7800471	 468000	 0	 0	 64	 +0.0000000	 +0.0000000	 +0.0000	 +0.0000	 +0.0000	 +0.0000	 +nan	 0	 0	 99.990000
1	 35	 0	 60	 0	 8000471	 468200	 0	 0	 64	 +0.0000000	 +0.0000000	 +0.0000	 +0.0000	 +0.0000	 +0.0000	 +nan	 0	 0	 99.990000
1	 36	 0	 60	 0	 8200471	 468400	 0	 0	 64	 +0.0000000	 +0.0000000	 +0.0000	 +0.0000	 +0.0000	 +0.0000	 +nan	 0	 0	 99.990000
1	 37	 0	 60	 0	 8400471	 468600	 0	 0	 64	 +0.0000000	 +0.0000000	 +0.0000	 +0.0000	 +0.0000	 +0.0000	 +nan	 0	 0	 99.990000
1	 38	 0	 60	 0	 8600471	 468800	 0	 0	 64	 +0.0000000	 +0.0000000	 +0.0000	 +0.0000	 +0.0000	 +0.0000	 +nan	 0	 0	 99.990000
1	 39	 0	 60	 0	 8800471	 469000	 0	 0	 64	 +0.0000000	 +0.0000000	 +0.0000	 +0.0000	 +0.0000	 +0.0000	 +nan	 0	 0	 99.990000
1	 40	 0	 60	 0	 9000471	 469200	 0	 0	 64	 +0.0000000	 +0.0000000	 +0.0000	 +0.0000	 +0.0000	 +0.0000	 +nan	 0	 0	 99.990000
1	 41	 0	 60	 0	 9200471	 469400	 0	 0	 64	 +0.0000000	 +0.0000000	 +0.0000	 +0.0000	 +0.0000	 +0.0000	 +nan	 0	 0	 99.990000
1	 42	 0	 60	 0	 9400472	 469600	 0	 0	 64	 +0.0000000	 +0.0000000	 +0.0000	 +0.0000	 +0.0000	 +0.0000	 +nan	 0	 0	 99.990000
1	 43	 0	 60	 0	 9600471	 469800	 0	 0	 64	 +0.0000000	 +0.0000000	 +0.0000	 +0.0000	 +0.0000	 +0.0000	 +nan	 0	 0	 99.990000
1	 44	 0	 60	 0	 9800471	 470000	 0	 0	 64	 +0.0000000	 +0.0000000	 +0.0000	 +0.0000	 +0.0000	 +0.0000	 +nan	 0	 0	 99.990000
1	 45	 0	 60	 0	 471	 470200	 0	 0	 64	 +0.0000000	 +0.0000000	 +0.0000	 +0.0000	 +0.0000	 +0.0000	 +nan	 0	 0	 99.990000
1	 46	 0	 60	 0	 200471	 470400	 0	 0	 64	 +0.0000000	 +0.0000000	 +0.0000	 +0.0000	 +0.0000	 +0.0000	 +nan	 0	 0	 99.990000
1	 47	 0	 60	 0	 400471	 470600	 0	 0	 64	 +0.0000000	 +0.0000000	 +0.0000	 +0.0000	 +0.0000	 +0.0000	 +nan	 0	 0	 99.990000
1	 48	 0	 60	 0	 600471	 470800	 0	 0	 64	 +0.0000000	 +0.0000000	 +0.0000	 +0.0000	 +0.0000	 +0.0000	 +nan	 0	 0	 99.990000
1	 49	 0	 60	 0	 800472	 471000	 0	 0	 64	 +0.0000000	 +0.0000000	 +0.0000	 +0.0000	 +0.0000	 +0.0000	 +nan	 0	 0	 99.990000
1	 50	 0	 60	 0	 1000471	 471200	 0	 0	 64	 +0.0000000	 +0.0000000	 +0.0000	 +0.0000	 +0.0000	 +0.0000	 +nan	 0	 0	 99.990000
1	 51	 0	 60	 0	 1200471	 471400	 0	 0	 64	 +0.0000000	 +0.0000000	 +0.0000	 +0.0000	 +0.0000	 +0.0000	 +nan	 0	 0	 99.990000
1	 52	 0	 60	 0	 1400472	 471600	 0	 0	 64	 +0.0000000	 +0.0000000	 +0.0000	 +0.0000	 +0.0000	 +0.0000	 +nan	 0	 0	 99.990000
1	 53	 0	 60	 0	 1600471	 471800	 0	 0	 64	 +0.0000000	 +0.0000000	 +0.0000	 +0.0000	 +0.0000	 +0.0000	 +nan	 0	 0	 99.990000
1	 54	 0	 60	 0	 1800471	 472000	 0	 0	 64	 +0.0000000	 +0.0000000	 +0.0000	 +0.0000	 +0.0000	 +0.0000	 +nan	 0	 0	 99.990000
1	 55	 0	 60	 0	 2000471	 472200	 0	 0	 64	 +0.0000000	 +0.0000000	 +0.0000	 +0.0000	 +0.0000	 +0.0000	 +nan	 0	 0	 99.990000
1	 56	 0	 60	 0	 2200471	 472400	 0	 0	 64	 +0.0000000	 +0.0000000	 +0.0000	 +0.0000	 +0.0000	 +0.0000	 +nan	 0	 0	 99.990000
1	 57	 0	 60	 0	 2400471	 472600	 0	 0	 64	 +0.0000000	 +0.0000000	 +0.0000	 +0.0000	 +0.0000	 +0.0000	 +nan	 0	 0	 99.990000
1	 58	 0	 60	 0	 2600471	 472800	 0	 0	 64	 +0.0000000	 +0.0000000	 +0.0000	 +0.0000	 +0.0000	 +0.0000	 +nan	 0	 0	 99.990000
1	 59	 0	 60	 0	 2800471	 473000	 0	 0	 64	 +0.0000000	 +0.0000000	 +0.0000	 +0.0000	 +0.0000	 +0.0000	 +nan	 0	 0	 99.990000
1	 60	 0	 60	 0	 3000471	 473200	 0	 0	 64	 +0.0000000	 +0.0000000	 +0.0000	 +0.0000	 +0.0000	 +0.0000	 +nan	 0	 0	 99.990000
1	 61	 0	 60	 0	 3200471	 473400	 0	 0	 64	 +0.0000000	 +0.0000000	 +0.0000	 +0.0000	 +0.0000	 +0.0000	 +nan	 0	 0	 99.990000
1	 62	 0	 60	 0	 3400472	 473600	 0	 0	 64	 +0.0000000	 +0.0000000	 +0.0000	 +0.0000	 +0.0000	 +0.0000	 +nan	 0	 0	 99.990000
1	 63	 0	 60	 0	 3600472	 473800	 0	 0	 64	 +0.0000000	 +0.0000000	 +0.0000	 +0.0000	 +0.0000	 +0.0000	 +nan	 0	 0	 99.990000
1	 64	 0	 60	 0	 3800471	 474000	 0	 0	 64	 +0.0000000	 +0.0000000	 +0.0000	 +0.0000	 +0.0000	 +0.0000	 +nan	 0	 0	 99.990000
1	 65	 0	 60	 0	 4000471	 474200	 0	 0	 64	 +0.0000000	 +0.0000000	 +0.0000	 +0.0000	 +0.0000	 +0.0000	 +nan	 0	 0	 99.990000
1	 66	 0	 60	 0	 4200472	 474400	 0	 0	 64	 +0.0000000	 +0.0000000	 +0.0000	 +0.0000	 +0.0000	 +0.0000	 +nan	 0	 0	 99.990000
1	 67	 0	 60	 0	 4400471	 474600	 0	 0	 64	 +0.0000000	 +0.0000000	 +0.0000	 +0.0000	 +0.0000	 +0.0000	 +nan	 0	 0	 99.990000
1	 68	 0	 60	 0	 4600471	 474800	 0	 0	 64	 +0.0000000	 +0.0000000	 +0.0000	 +0.0000	 +0.0000	 +0.0000	 +nan	 0	 0	 99.990000
1	 69	 0	 60	 0	 4800471	 475000	 0	 0	 64	 +0.0000000	 +0.0000000	 +0.0000	 +0.0000	 +0.0000	 +0.0000	 +nan	 0	 0	 99.990000
1	 70	 0	 60	 0	 5000471	 475200	 0	 0	 64	 +0.0000000	 +0.0000000	 +0.0000	 +0.0000	 +0.0000	 +0.0000	 +nan	 0	 0	 99.990000
1	 71	 0	 60	 0	 5200472	 475400	 0	 0	 64	 +0.0000000	 +0.0000000	 +0.0000	 +0.0000	 +0.0000	 +0.0000	 +nan	 0	 0	 99.990000
1	 72	 0	 60	 0	 5400471	 475600	 0	 0	 64	 +0.0000000	 +0.0000000	 +0.0000	 +0.0000	 +0.0000	 +0.0000	 +nan	 0	 0	 99.990000
1	 73	 0	 60	 0	 5600471	 475800	 0	 0	 64	 +0.0000000	 +0.0000000	 +0.0000	 +0.0000	 +0.0000	 +0.0000	 +nan	 0	 0	 99.990000
1	 74	 0	 60	 0	 5800471	 476000	 0	 0	 64	 +0.0000000	 +0.0000000	 +0.0000	 +0.0000	 +0.0000	 +0.0000	 +nan	 0	 0	 99.990000
1	 75	 0	 60	 0	 6000471	 476200	 0	 0	 64	 +0.0000000	 +0.0000000	 +0.0000	 +0.0000	 +0.0000	 +0.0000	 +nan	 0	 0	 99.990000
1	 76	 0	 60	 0	 6200471	 476400	 0	 0	 64	 +0.0000000	 +0.0000000	 +0.0000	 +0.0000	 +0.0000	 +0.0000	 +nan	 0	 0	 99.990000
1	 77	 0	 60	 0	 6400471	 476600	 0	 0	 64	 +0.0000000	 +0.0000000	 +0.0000	 +0.0000	 +0.0000	 +0.0000	 +nan	 0	 0	 99.990000
1	 78	 0	 60	 0	 6600471	 476800	 0	 0	 64	 +0.0000000	 +0.0000000	 +0.0000	 +0.0000	 +0.0000	 +0.0000	 +nan	 0	 0	 99.990000
1	 79	 0	 60	 0	 6800471	 477000	 0	 0	 64	 +0.0000000	 +0.0000000	 +0.0000	 +0.0000	 +0.0000	 +0.0000	 +nan	 0	 0	 99.990000
1	 80	 0	 60	 0	 7000471	 477200	 0	 0	 64	 +0.0000000	 +0.0000000	 +0.0000	 +0.0000	 +0.0000	 +0.0000	 +nan	 0	 0	 99.990000
1	 81	 0	 60	 0	 7200471	 477400	 0	 0	 64	 +0.0000000	 +0.0000000	 +0.0000	 +0.0000	 +0.0000	 +0.0000	 +nan	 0	 0	 99.990000
1	 82	 0	 60	 0	 7400471	 477600	 0	 0	 64	 +0.0000000	 +0.0000000	 +0.0000	 +0.0000	 +0.0000	 +0.0000	 +nan	 0	 0	 99.990000
1	 83	 0	 60	 0	 7600471	 477800	 0	 0	 64	 +0.0000000	 +0.0000000	 +0.0000	 +0.0000	 +0.0000	 +0.0000	 +nan	 0	 0	 99.990000
1	 84	 0	 60	 0	 7800471	 478000	 0	 0	 64	 +0.0000000	 +0.0000000	 +0.0000	 +0.0000	 +0.0000	 +0.0000	 +nan	 0	 0	 99.990000
1	 85	 0	 60	 0	 8000471	 478200	 0	 0	 64	 +0.0000000	 +0.0000000	 +0.0000	 +0.0000	 +0.0000	 +0.0000	 +nan	 0	 0	 99.990000
1	 86	 0	 60	 0	 8200472	 478400	 0	 0	 64	 +0.0000000	 +0.0000000	 +0.0000	 +0.0000	 +0.0000	 +0.0000	 +nan	 0	 0	 99.990000
1	 87	 0	 60	 0	 8400471	 478600	 0	 0	 64	 +0.0000000	 +0.0000000	 +0.0000	 +0.0000	 +0.0000	 +0.0000	 +nan	 0	 0	 99.990000
1	 88	 0	 60	 0	 8600471	 478800	 0	 0	 64	 +0.0000000	 +0.0000000	 +0.0000	 +0.0000	 +0.0000	 +0.0000	 +nan	 0	 0	 99.990000
1	 89	 0	 60	 0	 8800471	 479000	 0	 0	 64	 +0.0000000	 +0.0000000	 +0.0000	 +0.0000	 +0.0000	 +0.0000	 +nan	 0	 0	 99.990000
1	 90	 0	 60	 0	 9000471	 479200	 0	 0	 64	 +0.0000000	 +0.0000000	 +0.0000	 +0.0000	 +0.0000	 +0.0000	 +nan	 0	 0	 99.990000
1	 91	 0	 60	 0	 9200471	 479400	 0	 0	 64	 +0.0000000	 +0.0000000	 +0.0000	 +0.0000	 +0.0000	 +0.0000	 +nan	 0	 0	 99.990000
1	 92	 0	 60	 0	 9400471	 479600	 0	 0	 64	 +0.0000000	 +0.0000000	 +0.0000	 +0.0000	 +0.0000	 +0.0000	 +nan	 0	 0	 99.990000
1	 93	 0	 60	 0	 9600471	 479800	 0	 0	 64	 +0.0000000	 +0.0000000	 +0.0000	 +0.0000	 +0.0000	 +0.0000	 +nan	 0	 0	 99.990000
1	 94	 0	 60	 0	 9800471	 480000	 0	 0	 64	 +0.0000000	 +0.0000000	 +0.0000	 +0.0000	 +0.0000	 +0.0000	 +nan	 0	 0	 99.990000
1	 95	 0	 60	 0	 471	 480200	 0	 0	 64	 +0.0000000	 +0.0000000	 +0.0000	 +0.0000	 +0.0000	 +0.0000	 +nan	 0	 0	 99.990000
1	 96	 0	 60	 0	 200471	 480400	 0	 0	 64	 +0.0000000	 +0.0000000	 +0.0000	 +0.0000	 +0.0000	 +0.0000	 +nan	 0	 0	 99.990000
1	 97	 0	 60	 0	 400471	 480600	 0	 0	 64	 +0.0000000	 +0.0000000	 +0.0000	 +0.0000	 +0.0000	 +0.0000	 +nan	 0	 0	 99.990000
1	 98	 0	 60	 0	 600471	 480800	 0	 0	 64	 +0.0000000	 +0.0000000	 +0.0000	 +0.0000	 +0.0000	 +0.0000	 +nan	 0	 0	 99.990000
1	 99	 0	 60	 0	 800471	 481000	 0	 0	 64	 +0.0000000	 +0.0000000	 +0.0000	 +0.0000	 +0.0000	 +0.0000	 +nan	 0	 0	 99.990000
1	 100	 0	 60	 0	 1000471	 481200	 0	 0	 64	 +0.0000000	 +0.0000000	 +0.0000	 +0.0000	 +0.0000	 +0.0000	 +nan	 0	 0	 99.990000
1	 101	 0	 60	 0	 1200471	 481400	 0	 0	 64	 +0.0000000	 +0.0000000	 +0.0000	 +0.0000	 +0.0000	 +0.0000	 +nan	 0	 0	 99.990000
1	 102	 0	 60	 0	 1400471	 481600	 0	 0	 64	 +0.0000000	 +0.0000000	 +0.0000	 +0.0000	 +0.0000	 +0.0000	 +nan	 0	 0	 99.990000
1	 103	 0	 60	 0	 1600471	 481800	 0	 0	 64	 +0.0000000	 +0.0000000	 +0.0000	 +0.0000	 +0.0000	 +0.0000	 +nan	 0	 0	 99.990000
1	 104	 0	 60	 0	 1800471	 482000	 0	 0	 64	 +0.0000000	 +0.0000000	 +0.0000	 +0.0000	 +0.0000	 +0.0000	 +nan	 0	 0	 99.990000
1	 105	 0	 60	 0	 2000471	 482200	 0	 0	 64	 +0.0000000	 +0.0000000	 +0.0000	 +0.0000	 +0.0000	 +0.0000	 +nan	 0	 0	 99.990000
1	 106	 0	 60	 0	 2200472	 482400	 0	 0	 64	 +0.0000000	 +0.0000000	 +0.0000	 +0.0000	 +0.0000	 +0.0000	 +nan	 0	 0	 99.990000
1	 107	 0	 60	 0	 2400471	 482600	 0	 0	 64	 +0.0000000	 +0.0000000	 +0.0000	 +0.0000	 +0.0000	 +0.0000	 +nan	 0	 0	 99.990000
1	 108	 0	 60	 0	 2600471	 482800	 0	 0	 64	 +0.0000000	 +0.0000000	 +0.0000	 +0.0000	 +0.0000	 +0.0000	 +nan	 0	 0	 99.990000
1	 109	 0	 60	 0	 2800471	 483000	 0	 0	 64	 +0.0000000	 +0.0000000	 +0.0000	 +0.0000	 +0.0000	 +0.0000	 +nan	 0	 0	 99.990000
1	 110	 0	 60	 0	 3000471	 483200	 0	 0	 64	 +0.0000000	 +0.0000000	 +0.0000	 +0.0000	 +0.0000	 +0.0000	 +nan	 0	 0	 99.990000
1	 111	 0	 60	 0	 3200471	 483400	 0	 0	 64	 +0.0000000	 +0.0000000	 +0.0000	 +0.0000	 +0.0000	 +0.0000	 +nan	 0	 0	 99.990000
1	 112	 0	 60	 0	 3400471	 483600	 0	 0	 64	 +0.0000000	 +0.0000000	 +0.0000	 +0.0000	 +0.0000	 +0.0000	 +nan	 0	 0	 99.990000
1	 113	 0	 60	 0	 3600471	 483800	 0	 0	 64	 +0.0000000	 +0.0000000	 +0.0000	 +0.0000	 +0.0000	 +0.0000	 +nan	 0	 0	 99.990000
1	 114	 0	 60	 0	 3800471	 484000	 0	 0	 64	 +0.0000000	 +0.0000000	 +0.0000	 +0.0000	 +0.0000	 +0.0000	 +nan	 0	 0	 99.990000
1	 115	 0	 60	 0	 4000471	 484200	 0	 0	 64	 +0.0000000	 +0.0000000	 +0.0000	 +0.0000	 +0.0000	 +0.0000	 +nan	 0	 0	 99.990000
1	 116	 0	 60	 0	 4200471	 484400	 0	 0	 64	 +0.0000000	 +0.0000000	 +0.0000	 +0.0000	 +0.0000	 +0.0000	 +nan	 0	 0	 99.990000
1	 117	 0	 60	 0	 4400471	 484600	 0	 0	 64	 +0.0000000	 +0.0000000	 +0.0000	 +0.0000	 +0.0000	 +0.0000	 +nan	 0	 0	 99.990000
1	 118	 0	 60	 0	 4600471	 484800	 0	 0	 64	 +0.0000000	 +0.0000000	 +0.0000	 +0.0000	 +0.0000	 +0.0000	 +nan	 0	 0	 99.990000
1	 119	 0	 60	 0	 4800471	 485000	 0	 0	 64	 +0.0000000	 +0.0000000	 +0.0000	 +0.0000	 +0.0000	 +0.0000	 +nan	 0	 0	 99.990000
1	 120	 0	 60	 0	 5000471	 485200	 0	 0	 64	 +0.0000000	 +0.0000000	 +0.0000	 +0.0000	 +0.0000	 +0.0000	 +nan	 0	 0	 99.990000
1	 121	 0	 60	 0	 5200471	 485400	 0	 0	 64	 +0.0000000	 +0.0000000	 +0.0000	 +0.0000	 +0.0000	 +0.0000	 +nan	 0	 0	 99.990000
1	 122	 0	 60	 0	 5400471	 485600	 0	 0	 64	 +0.0000000	 +0.0000000	 +0.0000	 +0.0000	 +0.0000	 +0.0000	 +nan	 0	 0	 99.990000
1	 123	 0	 60	 0	 5600471	 485800	 0	 0	 64	 +0.0000000	 +0.0000000	 +0.0000	 +0.0000	 +0.0000	 +0.0000	 +nan	 0	 0	 99.990000
1	 124	 0	 60	 0	 5800471	 486000	 0	 0	 64	 +0.0000000	 +0.0000000	 +0.0000	 +0.0000	 +0.0000	 +0.0000	 +nan	 0	 0	 99.990000
1	 125	 0	 60	 0	 6000471	 486200	 0	 0	 64	 +0.0000000	 +0.0000000	 +0.0000	 +0.0000	 +0.0000	 +0.0000	 +nan	 0	 0	 99.990000
1	 126	 0	 60	 0	 6200471	 486400	 0	 0	 64	 +0.0000000	 +0.0000000	 +0.0000	 +0.0000	 +0.0000	 +0.0000	 +nan	 0	 0	 99.990000
1	 127	 0	 60	 0	 6400471	 486600	 0	 0	 64	 +0.0000000	 +0.0000000	 +0.0000	 +0.0000	 +0.0000	 +0.0000	 +nan	 0	 0	 99.990000
1	 128	 0	 60	 0	 6600472	 486800	 0	 0	 64	 +0.0000000	 +0.0000000	 +0.0000	 +0.0000	 +0.0000	 +0.0000	 +nan	 0	 0	 99.990000
1	 129	 0	 60	 0	 6800472	 487000	 0	 0	 64	 +0.0000000	 +0.0000000	 +0.0000	 +0.0000	 +0.0000	 +0.0000	 +nan	 0	 0	 99.990000
1	 130	 0	 60	 0	 7000471	 487200	 0	 0	 64	 +0.0000000	 +0.0000000	 +0.0000	 +0.0000	 +0.0000	 +0.0000	 +nan	 0	 0	 99.990000
1	 131	 0	 60	 0	 7200472	 487400	 0	 0	 64	 +0.0000000	 +0.0000000	 +0.0000	 +0.0000	 +0.0000	 +0.0000	 +nan	 0	 0	 99.990000
1	 132	 0	 60	 0	 7400471	 487600	 0	 0	 64	 +0.0000000	 +0.0000000	 +0.0000	 +0.0000	 +0.0000	 +0.0000	 +nan	 0	 0	 99.990000
1	 133	 0	 60	 0	 7600472	 487800	 0	 0	 64	 +0.0000000	 +0.0000000	 +0.0000	 +0.0000	 +0.0000	 +0.0000	 +nan	 0	 0	 99.990000
1	 134	 0	 60	 0	 7800471	 488000	 0	 0	 64	 +0.0000000	 +0.0000000	 +0.0000	 +0.0000	 +0.0000	 +0.0000	 +nan	 0	 0	 99.990000
1	 135	 0	 60	 0	 8000471	 488200	 0	 0	 64	 +0.0000000	 +0.0000000	 +0.0000	 +0.0000	 +0.0000	 +0.0000	 +nan	 0	 0	 99.990000
1	 136	 0	 60	 0	 8200471	 488400	 0	 0	 64	 +0.0000000	 +0.0000000	 +0.0000	 +0.0000	 +0.0000	 +0.0000	 +nan	 0	 0	 99.990000
1	 137	 0	 60	 0	 8400471	 488600	 0	 0	 64	 +0.0000000	 +0.0000000	 +0.0000	 +0.0000	 +0.0000	 +0.0000	 +nan	 0	 0	 99.990000
1	 138	 0	 60	 0	 8600471	 488800	 0	 0	 64	 +0.0000000	 +0.0000000	 +0.0000	 +0.0000	 +0.0000	 +0.0000	 +nan	 0	 0	 99.990000
1	 139	 0	 60	 0	 8800471	 489000	 0	 0	 64	 +0.0000000	 +0.0000000	 +0.0000	 +0.0000	 +0.0000	 +0.0000	 +nan	 0	 0	 99.990000
1	 140	 0	 60	 0	 9000471	 489200	 0	 0	 64	 +0.0000000	 +0.0000000	 +0.0000	 +0.0000	 +0.0000	 +0.0000	 +nan	 0	 0	 99.990000
1	 141	 0	 60	 0	 9200471	 489400	 0	 0	 64	 +0.0000000	 +0.0000000	 +0.0000	 +0.0000	 +0.0000	 +0.0000	 +nan	 0	 0	 99.990000
1	 142	 0	 60	 0	 9400471	 489600	 0	 0	 64	 +0.0000000	 +0.0000000	 +0.0000	 +0.0000	 +0.0000	 +0.0000	 +nan	 0	 0	 99.990000
1	 143	 0	 60	 0	 9600471	 489800	 0	 0	 64	 +0.0000000	 +0.0000000	 +0.0000	 +0.0000	 +0.0000	 +0.0000	 +nan	 0	 0	 99.990000
1	 144	 0	 60	 0	 9800471	 490000	 0	 0	 64	 +0.0000000	 +0.0000000	 +0.0000	 +0.0000	 +0.0000	 +0.0000	 +nan	 0	 0	 99.990000
1	 145	 0	 60	 0	 471	 490200	 0	 0	 64	 +0.0000000	 +0.0000000	 +0.0000	 +0.0000	 +0.0000	 +0.0000	 +nan	 0	 0	 99.990000
1	 146	 0	 60	 0	 200471	 490400	 0	 0	 64	 +0.0000000	 +0.0000000	 +0.0000	 +0.0000	 +0.0000	 +0.0000	 +nan	 0	 0	 99.990000
1	 147	 0	 60	 0	 400471	 490600	 0	 0	 64	 +0.0000000	 +0.0000000	 +0.0000	 +0.0000	 +0.0000	 +0.0000	 +nan	 0	 0	 99.990000
1	 148	 0	 60	 0	 600471	 490800	 0	 0	 64	 +0.0000000	 +0.0000000	 +0.0000	 +0.0000	 +0.0000	 +0.0000	 +nan	 0	 0	 99.990000
1	 149	 0	 60	 0	 800471	 491000	 0	 0	 64	 +0.0000000	 +0.0000000	 +0.0000	 +0.0000	 +0.0000	 +0.0000	 +nan	 0	 0	 99.990000
1	 150	 0	 60	 0	 1000471	 491200	 0	 0	 64	 +0.0000000	 +0.0000000	 +0.0000	 +0.0000	 +0.0000	 +0.0000	 +nan	 0	 0	 99.990000
1	 151	 0	 60	 0	 1200471	 491400	 0	 0	 64	 +0.0000000	 +0.0000000	 +0.0000	 +0.0000	 +0.0000	 +0.0000	 +nan	 0	 0	 99.990000
1	 152	 0	 60	 0	 1400471	 491600	 0	 0	 64	 +0.0000000	 +0.0000000	 +0.0000	 +0.0000	 +0.0000	 +0.0000	 +nan	 0	 0	 99.990000
1	 153	 0	 60	 0	 1600471	 491800	 0	 0	 64	 +0.0000000	 +0.0000000	 +0.0000	 +0.0000	 +0.0000	 +0.0000	 +nan	 0	 0	 99.990000
1	 154	 0	 60	 0	 1800471	 492000	 0	 0	 64	 +0.0000000	 +0.0000000	 +0.0000	 +0.0000	 +0.0000	 +0.0000	 +nan	 0	 0	 99.990000
1	 155	 0	 60	 0	 2000471	 492200	 0	 0	 64	 +0.0000000	 +0.0000000	 +0.0000	 +0.0000	 +0.0000	 +0.0000	 +nan	 0	 0	 99.990000
1	 156	 0	 60	 0	 2200471	 492400	 0	 0	 64	 +0.0000000	 +0.0000000	 +0.0000	 +0.0000	 +0.0000	 +0.0000	 +nan	 0	 0	 99.990000
1	 157	 0	 60	 0	 2400471	 492600	 0	 0	 64	 +0.0000000	 +0.0000000	 +0.0000	 +0.0000	 +0.0000	 +0.0000	 +nan	 0	 0	 99.990000
1	 158	 0	 60	 0	 2600471	 492800	 0	 0	 64	 +0.0000000	 +0.0000000	 +0.0000	 +0.0000	 +0.0000	 +0.0000	 +nan	 0	 0	 99.990000
1	 159	 0	 60	 0	 2800471	 493000	 0	 0	 64	 +0.0000000	 +0.0000000	 +0.0000	 +0.0000	 +0.0000	 +0.0000	 +nan	 0	 0	 99.990000
1	 160	 0	 60	 0	 3000471	 493200	 0	 0	 64	 +0.0000000	 +0.0000000	 +0.0000	 +0.0000	 +0.0000	 +0.0000	 +nan	 0	 0	 99.990000
1	 161	 0	 60	 0	 3200471	 493400	 0	 0	 64	 +0.0000000	 +0.0000000	 +0.0000	 +0.0000	 +0.0000	 +0.0000	 +nan	 0	 0	 99.990000
1	 162	 0	 60	 0	 3400471	 493600	 0	 0	 64	 +0.0000000	 +0.0000000	 +0.0000	 +0.0000	 +0.0000	 +0.0000	 +nan	 0	 0	 99.990000
1	 163	 0	 60	 0	 3600472	 493800	 0	 0	 64	 +0.0000000	 +0.0000000	 +0.0000	 +0.0000	 +0.0000	 +0.0000	 +nan	 0	 0	 99.990000
1	 164	 0	 60	 0	 3800471	 494000	 0	 0	 64	 +0.0000000	 +0.0000000	 +0.0000	 +0.0000	 +0.0000	 +0.0000	 +nan	 0	 0	 99.990000
1	 165	 0	 60	 0	 4000471	 494200	 0	 0	 64	 +0.0000000	 +0.0000000	 +0.0000	 +0.0000	 +0.0000	 +0.0000	 +nan	 0	 0	 99.990000
1	 166	 0	 60	 0	 4200471	 494400	 0	 0	 64	 +0.0000000	 +0.0000000	 +0.0000	 +0.0000	 +0.0000	 +0.0000	 +nan	 0	 0	 99.990000
1	 167	 0	 60	 0	 4400471	 494600	 0	 0	 64	 +0.0000000	 +0.0000000	 +0.0000	 +0.0000	 +0.0000	 +0.0000	 +nan	 0	 0	 99.990000
1	 168	 0	 60	 0	 4600471	 494800	 0	 0	 64	 +0.0000000	 +0.0000000	 +0.0000	 +0.0000	 +0.0000	 +0.0000	 +nan	 0	 0	 99.990000
1	 169	 0	 60	 0	 4800471	 495000	 0	 0	 64	 +0.0000000	 +0.0000000	 +0.0000	 +0.0000	 +0.0000	 +0.0000	 +nan	 0	 0	 99.990000
1	 170	 0	 60	 0	 5000471	 495200	 0	 0	 64	 +0.0000000	 +0.0000000	 +0.0000	 +0.0000	 +0.0000	 +0.0000	 +nan	 0	 0	 99.990000
1	 171	 0	 60	 0	 5200471	 495400	 0	 0	 64	 +0.0000000	 +0.0000000	 +0.0000	 +0.0000	 +0.0000	 +0.0000	 +nan	 0	 0	 99.990000
1	 172	 0	 60	 0	 5400471	 495600	 0	 0	 64	 +0.0000000	 +0.0000000	 +0.0000	 +0.0000	 +0.0000	 +0.0000	 +nan	 0	 0	 99.990000
1	 173	 0	 60	 0	 5600471	 495800	 0	 0	 64	 +0.0000000	 +0.0000000	 +0.0000	 +0.0000	 +0.0000	 +0.0000	 +nan	 0	 0	 99.990000
1	 174	 0	 60	 0	 5800472	 496000	 0	 0	 64	 +0.0000000	 +0.0000000	 +0.0000	 +0.0000	 +0.0000	 +0.0000	 +nan	 0	 0	 99.990000
1	 175	 0	 60	 0	 6000471	 496200	 0	 0	 64	 +0.0000000	 +0.0000000	 +0.0000	 +0.0000	 +0.0000	 +0.0000	 +nan	 0	 0	 99.990000
1	 176	 0	 60	 0	 6200471	 496400	 0	 0	 64	 +0.0000000	 +0.0000000	 +0.0000	 +0.0000	 +0.0000	 +0.0000	 +nan	 0	 0	 99.990000
1	 177	 0	 60	 0	 6400471	 496600	 0	 0	 64	 +0.0000000	 +0.0000000	 +0.0000	 +0.0000	 +0.0000	 +0.0000	 +nan	 0	 0	 99.990000
1	 1	 0	 60	 0	 2400471	 512600	 0	 0	 64	 +0.0000000	 +0.0000000	 +0.0000	 +0.0000	 +0.0000	 +0.0000	 +nan	 0	 0	 99.990000
1	 2	 0	 60	 0	 2600471	 512800	 0	 0	 64	 +0.0000000	 +0.0000000	 +0.0000	 +0.0000	 +0.0000	 +0.0000	 +nan	 0	 0	 99.990000
1	 3	 0	 60	 0	 2800471	 513000	 0	 0	 64	 +0.0000000	 +0.0000000	 +0.0000	 +0.0000	 +0.0000	 +0.0000	 +nan	 0	 0	 99.990000
1	 4	 0	 60	 0	 3000471	 513200	 0	 0	 64	 +0.0000000	 +0.0000000	 +0.0000	 +0.0000	 +0.0000	 +0.0000	 +nan	 0	 0	 99.990000
1	 5	 0	 60	 0	 3200471	 513400	 0	 0	 64	 +0.0000000	 +0.0000000	 +0.0000	 +0.0000	 +0.0000	 +0.0000	 +nan	 0	 0	 99.990000
1	 6	 0	 60	 0	 3400471	 513600	 0	 0	 64	 +0.0000000	 +0.0000000	 +0.0000	 +0.0000	 +0.0000	 +0.0000	 +nan	 0	 0	 99.990000
1	 7	 0	 60	 0	 3600471	 513800	 0	 0	 64	 +0.0000000	 +0.0000000	 +0.0000	 +0.0000	 +0.0000	 +0.0000	 +nan	 0	 0	 99.990000
1	 8	 0	 60	 0	 3800471	 514000	 0	 0	 64	 +0.0000000	 +0.0000000	 +0.0000	 +0.0000	 +0.0000	 +0.0000	 +nan	 0	 0	 99.990000
1	 9	 0	 60	 0	 4000471	 514200	 0	 0	 64	 +0.0000000	 +0.0000000	 +0.0000	 +0.0000	 +0.0000	 +0.0000	 +nan	 0	 0	 99.990000
1	 10	 0	 60	 0	 4200471	 514400	 0	 0	 64	 +0.0000000	 +0.0000000	 +0.0000	 +0.0000	 +0.0000	 +0.0000	 +nan	 0	 0	 99.990000
1	 11	 0	 60	 0	 4400471	 514600	 0	 0	 64	 +0.0000000	 +0.0000000	 +0.0000	 +0.0000	 +0.0000	 +0.0000	 +nan	 0	 0	 99.990000
1	 12	 0	 60	 0	 4600471	 514800	 0	 0	 64	 +0.0000000	 +0.0000000	 +0.0000	 +0.0000	 +0.0000	 +0.0000	 +nan	 0	 0	 99.990000
1	 13	 0	 60	 0	 4800471	 515000	 0	 0	 64	 +0.0000000	 +0.0000000	 +0.0000	 +0.0000	 +0.0000	 +0.0000	 +nan	 0	 0	 99.990000
1	 14	 0	 60	 0	 5000471	 515200	 0	 0	 64	 +0.0000000	 +0.0000000	 +0.0000	 +0.0000	 +0.0000	 +0.0000	 +nan	 0	 0	 99.990000
1	 15	 0	 60	 0	 5200471	 515400	 0	 0	 64	 +0.0000000	 +0.0000000	 +0.0000	 +0.0000	 +0.0000	 +0.0000	 +nan	 0	 0	 99.990000
1	 16	 0	 60	 0	 5400471	 515600	 0	 0	 64	 +0.0000000	 +0.0000000	 +0.0000	 +0.0000	 +0.0000	 +0.0000	 +nan	 0	 0	 99.990000
1	 17	 0	 60	 0	 5600471	 515800	 0	 0	 64	 +0.0000000	 +0.0000000	 +0.0000	 +0.0000	 +0.0000	 +0.0000	 +nan	 0	 0	 99.990000
1	 18	 0	 60	 0	 5800471	 516000	 0	 0	 64	 +0.0000000	 +0.0000000	 +0.0000	 +0.0000	 +0.0000	 +0.0000	 +nan	 0	 0	 99.990000
1	 19	 0	 60	 0	 6000471	 516200	 0	 0	 64	 +0.0000000	 +0.0000000	 +0.0000	 +0.0000	 +0.0000	 +0.0000	 +nan	 0	 0	 99.990000
1	 20	 0	 60	 0	 6200471	 516400	 0	 0	 64	 +0.0000000	 +0.0000000	 +0.0000	 +0.0000	 +0.0000	 +0.0000	 +nan	 0	 0	 99.990000
1	 21	 0	 60	 0	 6400471	 516600	 0	 0	 64	 +0.0000000	 +0.0000000	 +0.0000	 +0.0000	 +0.0000	 +0.0000	 +nan	 0	 0	 99.990000
1	 22	 0	 60	 0	 6600471	 516800	 0	 0	 64	 +0.0000000	 +0.0000000	 +0.0000	 +0.0000	 +0.0000	 +0.0000	 +nan	 0	 0	 99.990000
1	 23	 0	 60	 0	 6800471	 517000	 0	 0	 64	 +0.0000000	 +0.0000000	 +0.0000	 +0.0000	 +0.0000	 +0.0000	 +nan	 0	 0	 99.990000
1	 24	 0	 60	 0	 7000471	 517200	 0	 0	 64	 +0.0000000	 +0.0000000	 +0.0000	 +0.0000	 +0.0000	 +0.0000	 +nan	 0	 0	 99.990000
1	 25	 0	 60	 0	 7200471	 517400	 0	 0	 64	 +0.0000000	 +0.0000000	 +0.0000	 +0.0000	 +0.0000	 +0.0000	 +nan	 0	 0	 99.990000
1	 26	 0	 60	 0	 7400471	 517600	 0	 0	 64	 +0.0000000	 +0.0000000	 +0.0000	 +0.0000	 +0.0000	 +0.0000	 +nan	 0	 0	 99.990000
1	 27	 0	 60	 0	 7600471	 517800	 0	 0	 64	 +0.0000000	 +0.0000000	 +0.0000	 +0.0000	 +0.0000	 +0.0000	 +nan	 0	 0	 99.990000
1	 28	 0	 60	 0	 7800471	 518000	 0	 0	 64	 +0.0000000	 +0.0000000	 +0.0000	 +0.0000	 +0.0000	 +0.0000	 +nan	 0	 0	 99.990000
1	 29	 0	 60	 0	 8000471	 518200	 0	 0	 64	 +0.0000000	 +0.0000000	 +0.0000	 +0.0000	 +0.0000	 +0.0000	 +nan	 0	 0	 99.990000
1	 30	 0	 60	 0	 8200471	 518400	 0	 0	 64	 +0.0000000	 +0.0000000	 +0.0000	 +0.0000	 +0.0000	 +0.0000	 +nan	 0	 0	 99.990000
1	 31	 0	 60	 0	 8400471	 518600	 0	 0	 64	 +0.0000000	 +0.0000000	 +0.0000	 +0.0000	 +0.0000	 +0.0000	 +nan	 0	 0	 99.990000
1	 32	 0	 60	 0	 8600471	 518800	 0	 0	 64	 +0.0000000	 +0.0000000	 +0.0000	 +0.0000	 +0.0000	 +0.0000	 +nan	 0	 0	 99.990000
1	 33	 0	 60	 0	 8800471	 519000	 0	 0	 64	 +0.0000000	 +0.0000000	 +0.0000	 +0.0000	 +0.0000	 +0.0000	 +nan	 0	 0	 99.990000
1	 34	 0	 60	 0	 9000471	 519200	 0	 0	 64	 +0.0000000	 +0.0000000	 +0.0000	 +0.0000	 +0.0000	 +0.0000	 +nan	 0	 0	 99.990000
1	 35	 0	 60	 0	 9200471	 519400	 0	 0	 64	 +0.0000000	 +0.0000000	 +0.0000	 +0.0000	 +0.0000	 +0.0000	 +nan	 0	 0	 99.990000
1	 36	 0	 60	 0	 9400472	 519600	 0	 0	 64	 +0.0000000	 +0.0000000	 +0.0000	 +0.0000	 +0.0000	 +0.0000	 +nan	 0	 0	 99.990000
1	 37	 0	 60	 0	 9600471	 519800	 0	 0	 64	 +0.0000000	 +0.0000000	 +0.0000	 +0.0000	 +0.0000	 +0.0000	 +nan	 0	 0	 99.990000
1	 38	 0	 60	 0	 9800471	 520000	 0	 0	 64	 +0.0000000	 +0.0000000	 +0.0000	 +0.0000	 +0.0000	 +0.0000	 +nan	 0	 0	 99.990000
1	 39	 0	 60	 0	 471	 520200	 0	 0	 64	 +0.0000000	 +0.0000000	 +0.0000	 +0.0000	 +0.0000	 +0.0000	 +nan	 0	 0	 99.990000
1	 40	 0	 60	 0	 200471	 520400	 0	 0	 64	 +0.0000000	 +0.0000000	 +0.0000	 +0.0000	 +0.0000	 +0.0000	 +nan	 0	 0	 99.990000
1	 41	 0	 60	 0	 400471	 520600	 0	 0	 64	 +0.0000000	 +0.0000000	 +0.0000	 +0.0000	 +0.0000	 +0.0000	 +nan	 0	 0	 99.990000
1	 42	 0	 60	 0	 600471	 520800	 0	 0	 64	 +0.0000000	 +0.0000000	 +0.0000	 +0.0000	 +0.0000	 +0.0000	 +nan	 0	 0	 99.990000
1	 43	 0	 60	 0	 800471	 521000	 0	 0	 64	 +0.0000000	 +0.0000000	 +0.0000	 +0.0000	 +0.0000	 +0.0000	 +nan	 0	 0	 99.990000
1	 44	 0	 60	 0	 1000471	 521200	 0	 0	 64	 +0.0000000	 +0.0000000	 +0.0000	 +0.0000	 +0.0000	 +0.0000	 +nan	 0	 0	 99.990000
1	 45	 0	 60	 0	 1200471	 521400	 0	 0	 64	 +0.0000000	 +0.0000000	 +0.0000	 +0.0000	 +0.0000	 +0.0000	 +nan	 0	 0	 99.990000
1	 46	 0	 60	 0	 1400471	 521600	 0	 0	 64	 +0.0000000	 +0.0000000	 +0.0000	 +0.0000	 +0.0000	 +0.0000	 +nan	 0	 0	 99.990000
1	 47	 0	 60	 0	 1600471	 521800	 0	 0	 64	 +0.0000000	 +0.0000000	 +0.0000	 +0.0000	 +0.0000	 +0.0000	 +nan	 0	 0	 99.990000
1	 48	 0	 60	 0	 1800471	 522000	 0	 0	 64	 +0.0000000	 +0.0000000	 +0.0000	 +0.0000	 +0.0000	 +0.0000	 +nan	 0	 0	 99.990000
1	 49	 0	 60	 0	 2000471	 522200	 0	 0	 64	 +0.0000000	 +0.0000000	 +0.0000	 +0.0000	 +0.0000	 +0.0000	 +nan	 0	 0	 99.990000
1	 50	 0	 60	 0	 2200471	 522400	 0	 0	 64	 +0.0000000	 +0.0000000	 +0.0000	 +0.0000	 +0.0000	 +0.0000	 +nan	 0	 0	 99.990000
1	 51	 0	 60	 0	 2400472	 522600	 0	 0	 64	 +0.0000000	 +0.0000000	 +0.0000	 +0.0000	 +0.0000	 +0.0000	 +nan	 0	 0	 99.990000
1	 52	 0	 60	 0	 2600471	 522800	 0	 0	 64	 +0.0000000	 +0.0000000	 +0.0000	 +0.0000	 +0.0000	 +0.0000	 +nan	 0	 0	 99.990000
1	 53	 0	 60	 0	 2800471	 523000	 0	 0	 64	 +0.0000000	 +0.0000000	 +0.0000	 +0.0000	 +0.0000	 +0.0000	 +nan	 0	 0	 99.990000
1	 54	 0	 60	 0	 3000471	 523200	 0	 0	 64	 +0.0000000	 +0.0000000	 +0.0000	 +0.0000	 +0.0000	 +0.0000	 +nan	 0	 0	 99.990000
1	 55	 0	 60	 0	 3200471	 523400	 0	 0	 64	 +0.0000000	 +0.0000000	 +0.0000	 +0.0000	 +0.0000	 +0.0000	 +nan	 0	 0	 99.990000
1	 56	 0	 60	 0	 3400471	 523600	 0	 0	 64	 +0.0000000	 +0.0000000	 +0.0000	 +0.0000	 +0.0000	 +0.0000	 +nan	 0	 0	 99.990000
1	 57	 0	 60	 0	 3600471	 523800	 0	 0	 64	 +0.0000000	 +0.0000000	 +0.0000	 +0.0000	 +0.0000	 +0.0000	 +nan	 0	 0	 99.990000
