1	 143	 0	 60	 0	 3600472	 233800	 0	 0	 64	 +0.0000000	 +0.0000000	 +0.0000	 +0.0000	 +0.0000	 +0.0000	 +nan	 0	 0	 99.990000
1	 144	 0	 60	 0	 3800472	 234000	 0	 0	 64	 +0.0000000	 +0.0000000	 +0.0000	 +0.0000	 +0.0000	 +0.0000	 +nan	 0	 0	 99.990000
1	 145	 0	 60	 0	 4000483	 234200	 0	 0	 64	 +0.0000000	 +0.0000000	 +0.0000	 +0.0000	 +0.0000	 +0.0000	 +nan	 0	 0	 99.990000
1	 146	 0	 60	 0	 4200471	 234400	 0	 0	 64	 +0.0000000	 +0.0000000	 +0.0000	 +0.0000	 +0.0000	 +0.0000	 +nan	 0	 0	 99.990000
1	 147	 0	 60	 0	 4400472	 234600	 0	 0	 64	 +0.0000000	 +0.0000000	 +0.0000	 +0.0000	 +0.0000	 +0.0000	 +nan	 0	 0	 99.990000
1	 148	 0	 60	 0	 4600472	 234800	 0	 0	 64	 +0.0000000	 +0.0000000	 +0.0000	 +0.0000	 +0.0000	 +0.0000	 +nan	 0	 0	 99.990000
1	 149	 0	 60	 0	 4800472	 235000	 0	 0	 64	 +0.0000000	 +0.0000000	 +0.0000	 +0.0000	 +0.0000	 +0.0000	 +nan	 0	 0	 99.990000
1	 150	 0	 60	 0	 5000471	 235200	 0	 0	 64	 +0.0000000	 +0.0000000	 +0.0000	 +0.0000	 +0.0000	 +0.0000	 +nan	 0	 0	 99.990000
1	 151	 0	 60	 0	 5200471	 235400	 0	 0	 64	 +0.0000000	 +0.0000000	 +0.0000	 +0.0000	 +0.0000	 +0.0000	 +nan	 0	 0	 99.990000
1	 152	 0	 60	 0	 5400472	 235600	 0	 0	 64	 +0.0000000	 +0.0000000	 +0.0000	 +0.0000	 +0.0000	 +0.0000	 +nan	 0	 0	 99.990000
1	 153	 0	 60	 0	 5600696	 235800	 0	 0	 64	 +0.0000000	 +0.0000000	 +0.0000	 +0.0000	 +0.0000	 +0.0000	 +nan	 0	 0	 99.990000
1	 154	 0	 60	 0	 5800684	 236000	 0	 0	 64	 +0.0000000	 +0.0000000	 +0.0000	 +0.0000	 +0.0000	 +0.0000	 +nan	 0	 0	 99.990000
1	 155	 0	 60	 0	 6000585	 236200	 0	 0	 64	 +0.0000000	 +0.0000000	 +0.0000	 +0.0000	 +0.0000	 +0.0000	 +nan	 0	 0	 99.990000
1	 156	 0	 60	 0	 6200472	 236400	 0	 0	 64	 +0.0000000	 +0.0000000	 +0.0000	 +0.0000	 +0.0000	 +0.0000	 +nan	 0	 0	 99.990000
1	 157	 0	 60	 0	 6400472	 236600	 0	 0	 64	 +0.0000000	 +0.0000000	 +0.0000	 +0.0000	 +0.0000	 +0.0000	 +nan	 0	 0	 99.990000
1	 158	 0	 60	 0	 6600471	 236800	 0	 0	 64	 +0.0000000	 +0.0000000	 +0.0000	 +0.0000	 +0.0000	 +0.0000	 +nan	 0	 0	 99.990000
1	 159	 0	 60	 0	 6800472	 237000	 0	 0	 64	 +0.0000000	 +0.0000000	 +0.0000	 +0.0000	 +0.0000	 +0.0000	 +nan	 0	 0	 99.990000
1	 160	 0	 60	 0	 7000472	 237200	 0	 0	 64	 +0.0000000	 +0.0000000	 +0.0000	 +0.0000	 +0.0000	 +0.0000	 +nan	 0	 0	 99.990000
1	 161	 0	 60	 0	 7200546	 237400	 0	 0	 64	 +0.0000000	 +0.0000000	 +0.0000	 +0.0000	 +0.0000	 +0.0000	 +nan	 0	 0	 99.990000
1	 162	 0	 60	 0	 7400472	 237600	 0	 0	 64	 +0.0000000	 +0.0000000	 +0.0000	 +0.0000	 +0.0000	 +0.0000	 +nan	 0	 0	 99.990000
1	 163	 0	 60	 0	 7600471	 237800	 0	 0	 64	 +0.0000000	 +0.0000000	 +0.0000	 +0.0000	 +0.0000	 +0.0000	 +nan	 0	 0	 99.990000
1	 164	 0	 60	 0	 7800472	 238000	 0	 0	 64	 +0.0000000	 +0.0000000	 +0.0000	 +0.0000	 +0.0000	 +0.0000	 +nan	 0	 0	 99.990000
1	 165	 0	 60	 0	 8000472	 238200	 0	 0	 64	 +0.0000000	 +0.0000000	 +0.0000	 +0.0000	 +0.0000	 +0.0000	 +nan	 0	 0	 99.990000
1	 166	 0	 60	 0	 8200472	 238400	 0	 0	 64	 +0.0000000	 +0.0000000	 +0.0000	 +0.0000	 +0.0000	 +0.0000	 +nan	 0	 0	 99.990000
1	 167	 0	 60	 0	 8400472	 238600	 0	 0	 64	 +0.0000000	 +0.0000000	 +0.0000	 +0.0000	 +0.0000	 +0.0000	 +nan	 0	 0	 99.990000
1	 168	 0	 60	 0	 8600472	 238800	 0	 0	 64	 +0.0000000	 +0.0000000	 +0.0000	 +0.0000	 +0.0000	 +0.0000	 +nan	 0	 0	 99.990000
1	 169	 0	 60	 0	 8800472	 239000	 0	 0	 64	 +0.0000000	 +0.0000000	 +0.0000	 +0.0000	 +0.0000	 +0.0000	 +nan	 0	 0	 99.990000
1	 170	 0	 60	 0	 9000472	 239200	 0	 0	 64	 +0.0000000	 +0.0000000	 +0.0000	 +0.0000	 +0.0000	 +0.0000	 +nan	 0	 0	 99.990000
1	 171	 0	 60	 0	 9200472	 239400	 0	 0	 64	 +0.0000000	 +0.0000000	 +0.0000	 +0.0000	 +0.0000	 +0.0000	 +nan	 0	 0	 99.990000
1	 172	 0	 60	 0	 9400471	 239600	 0	 0	 64	 +0.0000000	 +0.0000000	 +0.0000	 +0.0000	 +0.0000	 +0.0000	 +nan	 0	 0	 99.990000
1	 173	 0	 60	 0	 9600472	 239800	 0	 0	 64	 +0.0000000	 +0.0000000	 +0.0000	 +0.0000	 +0.0000	 +0.0000	 +nan	 0	 0	 99.990000
1	 174	 0	 60	 0	 9800718	 240000	 0	 0	 64	 +0.0000000	 +0.0000000	 +0.0000	 +0.0000	 +0.0000	 +0.0000	 +nan	 0	 0	 99.990000
1	 175	 0	 60	 0	 472	 240200	 0	 0	 64	 +0.0000000	 +0.0000000	 +0.0000	 +0.0000	 +0.0000	 +0.0000	 +nan	 0	 0	 99.990000
1	 176	 0	 60	 0	 200472	 240400	 0	 0	 64	 +0.0000000	 +0.0000000	 +0.0000	 +0.0000	 +0.0000	 +0.0000	 +nan	 0	 0	 99.990000
1	 177	 0	 60	 0	 400472	 240600	 0	 0	 64	 +0.0000000	 +0.0000000	 +0.0000	 +0.0000	 +0.0000	 +0.0000	 +nan	 0	 0	 99.990000
1	 178	 0	 60	 0	 600472	 240800	 0	 0	 64	 +0.0000000	 +0.0000000	 +0.0000	 +0.0000	 +0.0000	 +0.0000	 +nan	 0	 0	 99.990000
1	 179	 0	 60	 0	 800472	 241000	 0	 0	 64	 +0.0000000	 +0.0000000	 +0.0000	 +0.0000	 +0.0000	 +0.0000	 +nan	 0	 0	 99.990000
1	 180	 0	 60	 0	 1000472	 241200	 0	 0	 64	 +0.0000000	 +0.0000000	 +0.0000	 +0.0000	 +0.0000	 +0.0000	 +nan	 0	 0	 99.990000
1	 181	 0	 60	 0	 1200472	 241400	 0	 0	 64	 +0.0000000	 +0.0000000	 +0.0000	 +0.0000	 +0.0000	 +0.0000	 +nan	 0	 0	 99.990000
1	 182	 0	 60	 0	 1400472	 241600	 0	 0	 64	 +0.0000000	 +0.0000000	 +0.0000	 +0.0000	 +0.0000	 +0.0000	 +nan	 0	 0	 99.990000
1	 183	 0	 60	 0	 1600472	 241800	 0	 0	 64	 +0.0000000	 +0.0000000	 +0.0000	 +0.0000	 +0.0000	 +0.0000	 +nan	 0	 0	 99.990000
1	 184	 0	 60	 0	 1800472	 242000	 0	 0	 64	 +0.0000000	 +0.0000000	 +0.0000	 +0.0000	 +0.0000	 +0.0000	 +nan	 0	 0	 99.990000
1	 185	 0	 60	 0	 2000472	 242200	 0	 0	 64	 +0.0000000	 +0.0000000	 +0.0000	 +0.0000	 +0.0000	 +0.0000	 +nan	 0	 0	 99.990000
1	 186	 0	 60	 0	 2200472	 242400	 0	 0	 64	 +0.0000000	 +0.0000000	 +0.0000	 +0.0000	 +0.0000	 +0.0000	 +nan	 0	 0	 99.990000
1	 187	 0	 60	 0	 2400472	 242600	 0	 0	 64	 +0.0000000	 +0.0000000	 +0.0000	 +0.0000	 +0.0000	 +0.0000	 +nan	 0	 0	 99.990000
1	 188	 0	 60	 0	 2600472	 242800	 0	 0	 64	 +0.0000000	 +0.0000000	 +0.0000	 +0.0000	 +0.0000	 +0.0000	 +nan	 0	 0	 99.990000
1	 189	 0	 60	 0	 2800472	 243000	 0	 0	 64	 +0.0000000	 +0.0000000	 +0.0000	 +0.0000	 +0.0000	 +0.0000	 +nan	 0	 0	 99.990000
1	 190	 0	 60	 0	 3000472	 243200	 0	 0	 64	 +0.0000000	 +0.0000000	 +0.0000	 +0.0000	 +0.0000	 +0.0000	 +nan	 0	 0	 99.990000
1	 191	 0	 60	 0	 3200472	 243400	 0	 0	 64	 +0.0000000	 +0.0000000	 +0.0000	 +0.0000	 +0.0000	 +0.0000	 +nan	 0	 0	 99.990000
1	 192	 0	 60	 0	 3400472	 243600	 0	 0	 64	 +0.0000000	 +0.0000000	 +0.0000	 +0.0000	 +0.0000	 +0.0000	 +nan	 0	 0	 99.990000
1	 193	 0	 60	 0	 3600472	 243800	 0	 0	 64	 +0.0000000	 +0.0000000	 +0.0000	 +0.0000	 +0.0000	 +0.0000	 +nan	 0	 0	 99.990000
1	 194	 0	 60	 0	 3800472	 244000	 0	 0	 64	 +0.0000000	 +0.0000000	 +0.0000	 +0.0000	 +0.0000	 +0.0000	 +nan	 0	 0	 99.990000
1	 195	 0	 60	 0	 4000472	 244200	 0	 0	 64	 +0.0000000	 +0.0000000	 +0.0000	 +0.0000	 +0.0000	 +0.0000	 +nan	 0	 0	 99.990000
1	 196	 0	 60	 0	 4200472	 244400	 0	 0	 64	 +0.0000000	 +0.0000000	 +0.0000	 +0.0000	 +0.0000	 +0.0000	 +nan	 0	 0	 99.990000
1	 197	 0	 60	 0	 4400472	 244600	 0	 0	 64	 +0.0000000	 +0.0000000	 +0.0000	 +0.0000	 +0.0000	 +0.0000	 +nan	 0	 0	 99.990000
1	 198	 0	 60	 0	 4600472	 244800	 0	 0	 64	 +0.0000000	 +0.0000000	 +0.0000	 +0.0000	 +0.0000	 +0.0000	 +nan	 0	 0	 99.990000
1	 199	 0	 60	 0	 4800472	 245000	 0	 0	 64	 +0.0000000	 +0.0000000	 +0.0000	 +0.0000	 +0.0000	 +0.0000	 +nan	 0	 0	 99.990000
1	 200	 0	 60	 0	 5000472	 245200	 0	 0	 64	 +0.0000000	 +0.0000000	 +0.0000	 +0.0000	 +0.0000	 +0.0000	 +nan	 0	 0	 99.990000
1	 201	 0	 60	 0	 5200472	 245400	 0	 0	 64	 +0.0000000	 +0.0000000	 +0.0000	 +0.0000	 +0.0000	 +0.0000	 +nan	 0	 0	 99.990000
1	 202	 0	 60	 0	 5400472	 245600	 0	 0	 64	 +0.0000000	 +0.0000000	 +0.0000	 +0.0000	 +0.0000	 +0.0000	 +nan	 0	 0	 99.990000
1	 203	 0	 60	 0	 5600471	 245800	 0	 0	 64	 +0.0000000	 +0.0000000	 +0.0000	 +0.0000	 +0.0000	 +0.0000	 +nan	 0	 0	 99.990000
1	 204	 0	 60	 0	 5800472	 246000	 0	 0	 64	 +0.0000000	 +0.0000000	 +0.0000	 +0.0000	 +0.0000	 +0.0000	 +nan	 0	 0	 99.990000
1	 205	 0	 60	 0	 6000472	 246200	 0	 0	 64	 +0.0000000	 +0.0000000	 +0.0000	 +0.0000	 +0.0000	 +0.0000	 +nan	 0	 0	 99.990000
1	 206	 0	 60	 0	 6200472	 246400	 0	 0	 64	 +0.0000000	 +0.0000000	 +0.0000	 +0.0000	 +0.0000	 +0.0000	 +nan	 0	 0	 99.990000
1	 207	 0	 60	 0	 6400472	 246600	 0	 0	 64	 +0.0000000	 +0.0000000	 +0.0000	 +0.0000	 +0.0000	 +0.0000	 +nan	 0	 0	 99.990000
1	 208	 0	 60	 0	 6600472	 246800	 0	 0	 64	 +0.0000000	 +0.0000000	 +0.0000	 +0.0000	 +0.0000	 +0.0000	 +nan	 0	 0	 99.990000
1	 209	 0	 60	 0	 6800472	 247000	 0	 0	 64	 +0.0000000	 +0.0000000	 +0.0000	 +0.0000	 +0.0000	 +0.0000	 +nan	 0	 0	 99.990000
1	 210	 0	 60	 0	 7000472	 247200	 0	 0	 64	 +0.0000000	 +0.0000000	 +0.0000	 +0.0000	 +0.0000	 +0.0000	 +nan	 0	 0	 99.990000
1	 211	 0	 60	 0	 7200472	 247400	 0	 0	 64	 +0.0000000	 +0.0000000	 +0.0000	 +0.0000	 +0.0000	 +0.0000	 +nan	 0	 0	 99.990000
1	 212	 0	 60	 0	 7400472	 247600	 0	 0	 64	 +0.0000000	 +0.0000000	 +0.0000	 +0.0000	 +0.0000	 +0.0000	 +nan	 0	 0	 99.990000
1	 213	 0	 60	 0	 7600472	 247800	 0	 0	 64	 +0.0000000	 +0.0000000	 +0.0000	 +0.0000	 +0.0000	 +0.0000	 +nan	 0	 0	 99.990000
1	 214	 0	 60	 0	 7800472	 248000	 0	 0	 64	 +0.0000000	 +0.0000000	 +0.0000	 +0.0000	 +0.0000	 +0.0000	 +nan	 0	 0	 99.990000
1	 215	 0	 60	 0	 8000723	 248200	 0	 0	 64	 +0.0000000	 +0.0000000	 +0.0000	 +0.0000	 +0.0000	 +0.0000	 +nan	 0	 0	 99.990000
1	 216	 0	 60	 0	 8200472	 248400	 0	 0	 64	 +0.0000000	 +0.0000000	 +0.0000	 +0.0000	 +0.0000	 +0.0000	 +nan	 0	 0	 99.990000
1	 217	 0	 60	 0	 8400472	 248600	 0	 0	 64	 +0.0000000	 +0.0000000	 +0.0000	 +0.0000	 +0.0000	 +0.0000	 +nan	 0	 0	 99.990000
1	 218	 0	 60	 0	 8600472	 248800	 0	 0	 64	 +0.0000000	 +0.0000000	 +0.0000	 +0.0000	 +0.0000	 +0.0000	 +nan	 0	 0	 99.990000
1	 219	 0	 60	 0	 8800472	 249000	 0	 0	 64	 +0.0000000	 +0.0000000	 +0.0000	 +0.0000	 +0.0000	 +0.0000	 +nan	 0	 0	 99.990000
1	 220	 0	 60	 0	 9000472	 249200	 0	 0	 64	 +0.0000000	 +0.0000000	 +0.0000	 +0.0000	 +0.0000	 +0.0000	 +nan	 0	 0	 99.990000
1	 221	 0	 60	 0	 9200472	 249400	 0	 0	 64	 +0.0000000	 +0.0000000	 +0.0000	 +0.0000	 +0.0000	 +0.0000	 +nan	 0	 0	 99.990000
1	 222	 0	 60	 0	 9400472	 249600	 0	 0	 64	 +0.0000000	 +0.0000000	 +0.0000	 +0.0000	 +0.0000	 +0.0000	 +nan	 0	 0	 99.990000
1	 223	 0	 60	 0	 9600472	 249800	 0	 0	 64	 +0.0000000	 +0.0000000	 +0.0000	 +0.0000	 +0.0000	 +0.0000	 +nan	 0	 0	 99.990000
1	 224	 0	 60	 0	 9800472	 250000	 0	 0	 64	 +0.0000000	 +0.0000000	 +0.0000	 +0.0000	 +0.0000	 +0.0000	 +nan	 0	 0	 99.990000
1	 225	 0	 60	 0	 472	 250200	 0	 0	 64	 +0.0000000	 +0.0000000	 +0.0000	 +0.0000	 +0.0000	 +0.0000	 +nan	 0	 0	 99.990000
1	 226	 0	 60	 0	 200472	 250400	 0	 0	 64	 +0.0000000	 +0.0000000	 +0.0000	 +0.0000	 +0.0000	 +0.0000	 +nan	 0	 0	 99.990000
1	 227	 0	 60	 0	 400472	 250600	 0	 0	 64	 +0.0000000	 +0.0000000	 +0.0000	 +0.0000	 +0.0000	 +0.0000	 +nan	 0	 0	 99.990000
1	 228	 0	 60	 0	 600472	 250800	 0	 0	 64	 +0.0000000	 +0.0000000	 +0.0000	 +0.0000	 +0.0000	 +0.0000	 +nan	 0	 0	 99.990000
1	 229	 0	 60	 0	 800472	 251000	 0	 0	 64	 +0.0000000	 +0.0000000	 +0.0000	 +0.0000	 +0.0000	 +0.0000	 +nan	 0	 0	 99.990000
1	 230	 0	 60	 0	 1000472	 251200	 0	 0	 64	 +0.0000000	 +0.0000000	 +0.0000	 +0.0000	 +0.0000	 +0.0000	 +nan	 0	 0	 99.990000
1	 231	 0	 60	 0	 1200472	 251400	 0	 0	 64	 +0.0000000	 +0.0000000	 +0.0000	 +0.0000	 +0.0000	 +0.0000	 +nan	 0	 0	 99.990000
1	 232	 0	 60	 0	 1400472	 251600	 0	 0	 64	 +0.0000000	 +0.0000000	 +0.0000	 +0.0000	 +0.0000	 +0.0000	 +nan	 0	 0	 99.990000
1	 233	 0	 60	 0	 1600472	 251800	 0	 0	 64	 +0.0000000	 +0.0000000	 +0.0000	 +0.0000	 +0.0000	 +0.0000	 +nan	 0	 0	 99.990000
1	 234	 0	 60	 0	 1800472	 252000	 0	 0	 64	 +0.0000000	 +0.0000000	 +0.0000	 +0.0000	 +0.0000	 +0.0000	 +nan	 0	 0	 99.990000
1	 235	 0	 60	 0	 2000471	 252200	 0	 0	 64	 +0.0000000	 +0.0000000	 +0.0000	 +0.0000	 +0.0000	 +0.0000	 +nan	 0	 0	 99.990000
1	 236	 0	 60	 0	 2200472	 252400	 0	 0	 64	 +0.0000000	 +0.0000000	 +0.0000	 +0.0000	 +0.0000	 +0.0000	 +nan	 0	 0	 99.990000
1	 237	 0	 60	 0	 2400472	 252600	 0	 0	 64	 +0.0000000	 +0.0000000	 +0.0000	 +0.0000	 +0.0000	 +0.0000	 +nan	 0	 0	 99.990000
1	 238	 0	 60	 0	 2600472	 252800	 0	 0	 64	 +0.0000000	 +0.0000000	 +0.0000	 +0.0000	 +0.0000	 +0.0000	 +nan	 0	 0	 99.990000
1	 239	 0	 60	 0	 2800472	 253000	 0	 0	 64	 +0.0000000	 +0.0000000	 +0.0000	 +0.0000	 +0.0000	 +0.0000	 +nan	 0	 0	 99.990000
1	 240	 0	 60	 0	 3000472	 253200	 0	 0	 64	 +0.0000000	 +0.0000000	 +0.0000	 +0.0000	 +0.0000	 +0.0000	 +nan	 0	 0	 99.990000
1	 241	 0	 60	 0	 3200472	 253400	 0	 0	 64	 +0.0000000	 +0.0000000	 +0.0000	 +0.0000	 +0.0000	 +0.0000	 +nan	 0	 0	 99.990000
1	 242	 0	 60	 0	 3400472	 253600	 0	 0	 64	 +0.0000000	 +0.0000000	 +0.0000	 +0.0000	 +0.0000	 +0.0000	 +nan	 0	 0	 99.990000
1	 243	 0	 60	 0	 3600472	 253800	 0	 0	 64	 +0.0000000	 +0.0000000	 +0.0000	 +0.0000	 +0.0000	 +0.0000	 +nan	 0	 0	 99.990000
1	 244	 0	 60	 0	 3800472	 254000	 0	 0	 64	 +0.0000000	 +0.0000000	 +0.0000	 +0.0000	 +0.0000	 +0.0000	 +nan	 0	 0	 99.990000
1	 245	 0	 60	 0	 4000472	 254200	 0	 0	 64	 +0.0000000	 +0.0000000	 +0.0000	 +0.0000	 +0.0000	 +0.0000	 +nan	 0	 0	 99.990000
1	 246	 0	 60	 0	 4200472	 254400	 0	 0	 64	 +0.0000000	 +0.0000000	 +0.0000	 +0.0000	 +0.0000	 +0.0000	 +nan	 0	 0	 99.990000
1	 247	 0	 60	 0	 4400472	 254600	 0	 0	 64	 +0.0000000	 +0.0000000	 +0.0000	 +0.0000	 +0.0000	 +0.0000	 +nan	 0	 0	 99.990000
1	 248	 0	 60	 0	 4600472	 254800	 0	 0	 64	 +0.0000000	 +0.0000000	 +0.0000	 +0.0000	 +0.0000	 +0.0000	 +nan	 0	 0	 99.990000
1	 249	 0	 60	 0	 4800472	 255000	 0	 0	 64	 +0.0000000	 +0.0000000	 +0.0000	 +0.0000	 +0.0000	 +0.0000	 +nan	 0	 0	 99.990000
1	 250	 0	 60	 0	 5000472	 255200	 0	 0	 64	 +0.0000000	 +0.0000000	 +0.0000	 +0.0000	 +0.0000	 +0.0000	 +nan	 0	 0	 99.990000
1	 251	 0	 60	 0	 5200472	 255400	 0	 0	 64	 +0.0000000	 +0.0000000	 +0.0000	 +0.0000	 +0.0000	 +0.0000	 +nan	 0	 0	 99.990000
1	 252	 0	 60	 0	 5400472	 255600	 0	 0	 64	 +0.0000000	 +0.0000000	 +0.0000	 +0.0000	 +0.0000	 +0.0000	 +nan	 0	 0	 99.990000
1	 253	 0	 60	 0	 5600472	 255800	 0	 0	 64	 +0.0000000	 +0.0000000	 +0.0000	 +0.0000	 +0.0000	 +0.0000	 +nan	 0	 0	 99.990000
1	 254	 0	 60	 0	 5800472	 256000	 0	 0	 64	 +0.0000000	 +0.0000000	 +0.0000	 +0.0000	 +0.0000	 +0.0000	 +nan	 0	 0	 99.990000
1	 255	 0	 60	 0	 6000472	 256200	 0	 0	 64	 +0.0000000	 +0.0000000	 +0.0000	 +0.0000	 +0.0000	 +0.0000	 +nan	 0	 0	 99.990000
1	 0	 0	 60	 0	 6200472	 256400	 0	 0	 64	 +0.0000000	 +0.0000000	 +0.0000	 +0.0000	 +0.0000	 +0.0000	 +nan	 0	 0	 99.990000
1	 1	 0	 60	 0	 6400471	 256600	 0	 0	 64	 +0.0000000	 +0.0000000	 +0.0000	 +0.0000	 +0.0000	 +0.0000	 +nan	 0	 0	 99.990000
1	 2	 0	 60	 0	 6600471	 256800	 0	 0	 64	 +0.0000000	 +0.0000000	 +0.0000	 +0.0000	 +0.0000	 +0.0000	 +nan	 0	 0	 99.990000
1	 3	 0	 60	 0	 6800472	 257000	 0	 0	 64	 +0.0000000	 +0.0000000	 +0.0000	 +0.0000	 +0.0000	 +0.0000	 +nan	 0	 0	 99.990000
1	 4	 0	 60	 0	 7000472	 257200	 0	 0	 64	 +0.0000000	 +0.0000000	 +0.0000	 +0.0000	 +0.0000	 +0.0000	 +nan	 0	 0	 99.990000
1	 5	 0	 60	 0	 7200471	 257400	 0	 0	 64	 +0.0000000	 +0.0000000	 +0.0000	 +0.0000	 +0.0000	 +0.0000	 +nan	 0	 0	 99.990000
1	 6	 0	 60	 0	 7400472	 257600	 0	 0	 64	 +0.0000000	 +0.0000000	 +0.0000	 +0.0000	 +0.0000	 +0.0000	 +nan	 0	 0	 99.990000
1	 7	 0	 60	 0	 7600472	 257800	 0	 0	 64	 +0.0000000	 +0.0000000	 +0.0000	 +0.0000	 +0.0000	 +0.0000	 +nan	 0	 0	 99.990000
1	 8	 0	 60	 0	 7800471	 258000	 0	 0	 64	 +0.0000000	 +0.0000000	 +0.0000	 +0.0000	 +0.0000	 +0.0000	 +nan	 0	 0	 99.990000
1	 9	 0	 60	 0	 8000472	 258200	 0	 0	 64	 +0.0000000	 +0.0000000	 +0.0000	 +0.0000	 +0.0000	 +0.0000	 +nan	 0	 0	 99.990000
1	 10	 0	 60	 0	 8200472	 258400	 0	 0	 64	 +0.0000000	 +0.0000000	 +0.0000	 +0.0000	 +0.0000	 +0.0000	 +nan	 0	 0	 99.990000
1	 11	 0	 60	 0	 8400472	 258600	 0	 0	 64	 +0.0000000	 +0.0000000	 +0.0000	 +0.0000	 +0.0000	 +0.0000	 +nan	 0	 0	 99.990000
1	 12	 0	 60	 0	 8600472	 258800	 0	 0	 64	 +0.0000000	 +0.0000000	 +0.0000	 +0.0000	 +0.0000	 +0.0000	 +nan	 0	 0	 99.990000
1	 13	 0	 60	 0	 8800472	 259000	 0	 0	 64	 +0.0000000	 +0.0000000	 +0.0000	 +0.0000	 +0.0000	 +0.0000	 +nan	 0	 0	 99.990000
1	 14	 0	 60	 0	 9000472	 259200	 0	 0	 64	 +0.0000000	 +0.0000000	 +0.0000	 +0.0000	 +0.0000	 +0.0000	 +nan	 0	 0	 99.990000
1	 15	 0	 60	 0	 9200472	 259400	 0	 0	 64	 +0.0000000	 +0.0000000	 +0.0000	 +0.0000	 +0.0000	 +0.0000	 +nan	 0	 0	 99.990000
1	 16	 0	 60	 0	 9400472	 259600	 0	 0	 64	 +0.0000000	 +0.0000000	 +0.0000	 +0.0000	 +0.0000	 +0.0000	 +nan	 0	 0	 99.990000
1	 17	 0	 60	 0	 9600472	 259800	 0	 0	 64	 +0.0000000	 +0.0000000	 +0.0000	 +0.0000	 +0.0000	 +0.0000	 +nan	 0	 0	 99.990000
1	 18	 0	 60	 0	 9800472	 260000	 0	 0	 64	 +0.0000000	 +0.0000000	 +0.0000	 +0.0000	 +0.0000	 +0.0000	 +nan	 0	 0	 99.990000
1	 19	 0	 60	 0	 472	 260200	 0	 0	 64	 +0.0000000	 +0.0000000	 +0.0000	 +0.0000	 +0.0000	 +0.0000	 +nan	 0	 0	 99.990000
1	 20	 0	 60	 0	 200471	 260400	 0	 0	 64	 +0.0000000	 +0.0000000	 +0.0000	 +0.0000	 +0.0000	 +0.0000	 +nan	 0	 0	 99.990000
1	 21	 0	 60	 0	 400472	 260600	 0	 0	 64	 +0.0000000	 +0.0000000	 +0.0000	 +0.0000	 +0.0000	 +0.0000	 +nan	 0	 0	 99.990000
1	 22	 0	 60	 0	 600472	 260800	 0	 0	 64	 +0.0000000	 +0.0000000	 +0.0000	 +0.0000	 +0.0000	 +0.0000	 +nan	 0	 0	 99.990000
1	 23	 0	 60	 0	 800472	 261000	 0	 0	 64	 +0.0000000	 +0.0000000	 +0.0000	 +0.0000	 +0.0000	 +0.0000	 +nan	 0	 0	 99.990000
1	 24	 0	 60	 0	 1000472	 261200	 0	 0	 64	 +0.0000000	 +0.0000000	 +0.0000	 +0.0000	 +0.0000	 +0.0000	 +nan	 0	 0	 99.990000
1	 25	 0	 60	 0	 1200472	 261400	 0	 0	 64	 +0.0000000	 +0.0000000	 +0.0000	 +0.0000	 +0.0000	 +0.0000	 +nan	 0	 0	 99.990000
1	 26	 0	 60	 0	 1400471	 261600	 0	 0	 64	 +0.0000000	 +0.0000000	 +0.0000	 +0.0000	 +0.0000	 +0.0000	 +nan	 0	 0	 99.990000
1	 27	 0	 60	 0	 1600472	 261800	 0	 0	 64	 +0.0000000	 +0.0000000	 +0.0000	 +0.0000	 +0.0000	 +0.0000	 +nan	 0	 0	 99.990000
1	 28	 0	 60	 0	 1800472	 262000	 0	 0	 64	 +0.0000000	 +0.0000000	 +0.0000	 +0.0000	 +0.0000	 +0.0000	 +nan	 0	 0	 99.990000
1	 29	 0	 60	 0	 2000472	 262200	 0	 0	 64	 +0.0000000	 +0.0000000	 +0.0000	 +0.0000	 +0.0000	 +0.0000	 +nan	 0	 0	 99.990000
1	 30	 0	 60	 0	 2200472	 262400	 0	 0	 64	 +0.0000000	 +0.0000000	 +0.0000	 +0.0000	 +0.0000	 +0.0000	 +nan	 0	 0	 99.990000
1	 31	 0	 60	 0	 2400472	 262600	 0	 0	 64	 +0.0000000	 +0.0000000	 +0.0000	 +0.0000	 +0.0000	 +0.0000	 +nan	 0	 0	 99.990000
1	 32	 0	 60	 0	 2600472	 262800	 0	 0	 64	 +0.0000000	 +0.0000000	 +0.0000	 +0.0000	 +0.0000	 +0.0000	 +nan	 0	 0	 99.990000
1	 33	 0	 60	 0	 2800472	 263000	 0	 0	 64	 +0.0000000	 +0.0000000	 +0.0000	 +0.0000	 +0.0000	 +0.0000	 +nan	 0	 0	 99.990000
1	 34	 0	 60	 0	 3000477	 263200	 0	 0	 64	 +0.0000000	 +0.0000000	 +0.0000	 +0.0000	 +0.0000	 +0.0000	 +nan	 0	 0	 99.990000
1	 35	 0	 60	 0	 3200477	 263400	 0	 0	 64	 +0.0000000	 +0.0000000	 +0.0000	 +0.0000	 +0.0000	 +0.0000	 +nan	 0	 0	 99.990000
1	 36	 0	 60	 0	 3400477	 263600	 0	 0	 64	 +0.0000000	 +0.0000000	 +0.0000	 +0.0000	 +0.0000	 +0.0000	 +nan	 0	 0	 99.990000
1	 37	 0	 60	 0	 3600477	 263800	 0	 0	 64	 +0.0000000	 +0.0000000	 +0.0000	 +0.0000	 +0.0000	 +0.0000	 +nan	 0	 0	 99.990000
1	 38	 0	 60	 0	 3800477	 264000	 0	 0	 64	 +0.0000000	 +0.0000000	 +0.0000	 +0.0000	 +0.0000	 +0.0000	 +nan	 0	 0	 99.990000
1	 39	 0	 60	 0	 4000477	 264200	 0	 0	 64	 +0.0000000	 +0.0000000	 +0.0000	 +0.0000	 +0.0000	 +0.0000	 +nan	 0	 0	 99.990000
1	 40	 0	 60	 0	 4200477	 264400	 0	 0	 64	 +0.0000000	 +0.0000000	 +0.0000	 +0.0000	 +0.0000	 +0.0000	 +nan	 0	 0	 99.990000
1	 41	 0	 60	 0	 4400477	 264600	 0	 0	 64	 +0.0000000	 +0.0000000	 +0.0000	 +0.0000	 +0.0000	 +0.0000	 +nan	 0	 0	 99.990000
1	 42	 0	 60	 0	 4600477	 264800	 0	 0	 64	 +0.0000000	 +0.0000000	 +0.0000	 +0.0000	 +0.0000	 +0.0000	 +nan	 0	 0	 99.990000
1	 43	 0	 60	 0	 4800477	 265000	 0	 0	 64	 +0.0000000	 +0.0000000	 +0.0000	 +0.0000	 +0.0000	 +0.0000	 +nan	 0	 0	 99.990000
1	 44	 0	 60	 0	 5000476	 265200	 0	 0	 64	 +0.0000000	 +0.0000000	 +0.0000	 +0.0000	 +0.0000	 +0.0000	 +nan	 0	 0	 99.990000
1	 45	 0	 60	 0	 5200477	 265400	 0	 0	 64	 +0.0000000	 +0.0000000	 +0.0000	 +0.0000	 +0.0000	 +0.0000	 +nan	 0	 0	 99.990000
1	 46	 0	 60	 0	 5400477	 265600	 0	 0	 64	 +0.0000000	 +0.0000000	 +0.0000	 +0.0000	 +0.0000	 +0.0000	 +nan	 0	 0	 99.990000
1	 47	 0	 60	 0	 5600477	 265800	 0	 0	 64	 +0.0000000	 +0.0000000	 +0.0000	 +0.0000	 +0.0000	 +0.0000	 +nan	 0	 0	 99.990000
1	 48	 0	 60	 0	 5800477	 266000	 0	 0	 64	 +0.0000000	 +0.0000000	 +0.0000	 +0.0000	 +0.0000	 +0.0000	 +nan	 0	 0	 99.990000
1	 49	 0	 60	 0	 6000477	 266200	 0	 0	 64	 +0.0000000	 +0.0000000	 +0.0000	 +0.0000	 +0.0000	 +0.0000	 +nan	 0	 0	 99.990000
1	 50	 0	 60	 0	 6200477	 266400	 0	 0	 64	 +0.0000000	 +0.0000000	 +0.0000	 +0.0000	 +0.0000	 +0.0000	 +nan	 0	 0	 99.990000
1	 51	 0	 60	 0	 6400477	 266600	 0	 0	 64	 +0.0000000	 +0.0000000	 +0.0000	 +0.0000	 +0.0000	 +0.0000	 +nan	 0	 0	 99.990000
1	 52	 0	 60	 0	 6600477	 266800	 0	 0	 64	 +0.0000000	 +0.0000000	 +0.0000	 +0.0000	 +0.0000	 +0.0000	 +nan	 0	 0	 99.990000
1	 53	 0	 60	 0	 6800477	 267000	 0	 0	 64	 +0.0000000	 +0.0000000	 +0.0000	 +0.0000	 +0.0000	 +0.0000	 +nan	 0	 0	 99.990000
1	 54	 0	 60	 0	 7000476	 267200	 0	 0	 64	 +0.0000000	 +0.0000000	 +0.0000	 +0.0000	 +0.0000	 +0.0000	 +nan	 0	 0	 99.990000
1	 55	 0	 60	 0	 7200477	 267400	 0	 0	 64	 +0.0000000	 +0.0000000	 +0.0000	 +0.0000	 +0.0000	 +0.0000	 +nan	 0	 0	 99.990000
1	 56	 0	 60	 0	 7400477	 267600	 0	 0	 64	 +0.0000000	 +0.0000000	 +0.0000	 +0.0000	 +0.0000	 +0.0000	 +nan	 0	 0	 99.990000
1	 57	 0	 60	 0	 7600477	 267800	 0	 0	 64	 +0.0000000	 +0.0000000	 +0.0000	 +0.0000	 +0.0000	 +0.0000	 +nan	 0	 0	 99.990000
1	 58	 0	 60	 0	 7800477	 268000	 0	 0	 64	 +0.0000000	 +0.0000000	 +0.0000	 +0.0000	 +0.0000	 +0.0000	 +nan	 0	 0	 99.990000
1	 59	 0	 60	 0	 8000477	 268200	 0	 0	 64	 +0.0000000	 +0.0000000	 +0.0000	 +0.0000	 +0.0000	 +0.0000	 +nan	 0	 0	 99.990000
1	 60	 0	 60	 0	 8200477	 268400	 0	 0	 64	 +0.0000000	 +0.0000000	 +0.0000	 +0.0000	 +0.0000	 +0.0000	 +nan	 0	 0	 99.990000
1	 61	 0	 60	 0	 8400477	 268600	 0	 0	 64	 +0.0000000	 +0.0000000	 +0.0000	 +0.0000	 +0.0000	 +0.0000	 +nan	 0	 0	 99.990000
1	 62	 0	 60	 0	 8600472	 268800	 0	 0	 64	 +0.0000000	 +0.0000000	 +0.0000	 +0.0000	 +0.0000	 +0.0000	 +nan	 0	 0	 99.990000
1	 63	 0	 60	 0	 8800477	 269000	 0	 0	 64	 +0.0000000	 +0.0000000	 +0.0000	 +0.0000	 +0.0000	 +0.0000	 +nan	 0	 0	 99.990000
1	 64	 0	 60	 0	 9000477	 269200	 0	 0	 64	 +0.0000000	 +0.0000000	 +0.0000	 +0.0000	 +0.0000	 +0.0000	 +nan	 0	 0	 99.990000
1	 65	 0	 60	 0	 9200477	 269400	 0	 0	 64	 +0.0000000	 +0.0000000	 +0.0000	 +0.0000	 +0.0000	 +0.0000	 +nan	 0	 0	 99.990000
1	 66	 0	 60	 0	 9400477	 269600	 0	 0	 64	 +0.0000000	 +0.0000000	 +0.0000	 +0.0000	 +0.0000	 +0.0000	 +nan	 0	 0	 99.990000
1	 67	 0	 60	 0	 9600477	 269800	 0	 0	 64	 +0.0000000	 +0.0000000	 +0.0000	 +0.0000	 +0.0000	 +0.0000	 +nan	 0	 0	 99.990000
1	 68	 0	 60	 0	 9800477	 270000	 0	 0	 64	 +0.0000000	 +0.0000000	 +0.0000	 +0.0000	 +0.0000	 +0.0000	 +nan	 0	 0	 99.990000
1	 69	 0	 60	 0	 477	 270200	 0	 0	 64	 +0.0000000	 +0.0000000	 +0.0000	 +0.0000	 +0.0000	 +0.0000	 +nan	 0	 0	 99.990000
1	 70	 0	 60	 0	 200477	 270400	 0	 0	 64	 +0.0000000	 +0.0000000	 +0.0000	 +0.0000	 +0.0000	 +0.0000	 +nan	 0	 0	 99.990000
1	 71	 0	 60	 0	 400477	 270600	 0	 0	 64	 +0.0000000	 +0.0000000	 +0.0000	 +0.0000	 +0.0000	 +0.0000	 +nan	 0	 0	 99.990000
1	 72	 0	 60	 0	 600472	 270800	 0	 0	 64	 +0.0000000	 +0.0000000	 +0.0000	 +0.0000	 +0.0000	 +0.0000	 +nan	 0	 0	 99.990000
1	 73	 0	 60	 0	 800477	 271000	 0	 0	 64	 +0.0000000	 +0.0000000	 +0.0000	 +0.0000	 +0.0000	 +0.0000	 +nan	 0	 0	 99.990000
1	 74	 0	 60	 0	 1000477	 271200	 0	 0	 64	 +0.0000000	 +0.0000000	 +0.0000	 +0.0000	 +0.0000	 +0.0000	 +nan	 0	 0	 99.990000
1	 75	 0	 60	 0	 1200472	 271400	 0	 0	 64	 +0.0000000	 +0.0000000	 +0.0000	 +0.0000	 +0.0000	 +0.0000	 +nan	 0	 0	 99.990000
1	 76	 0	 60	 0	 1400477	 271600	 0	 0	 64	 +0.0000000	 +0.0000000	 +0.0000	 +0.0000	 +0.0000	 +0.0000	 +nan	 0	 0	 99.990000
1	 77	 0	 60	 0	 1600477	 271800	 0	 0	 64	 +0.0000000	 +0.0000000	 +0.0000	 +0.0000	 +0.0000	 +0.0000	 +nan	 0	 0	 99.990000
1	 78	 0	 60	 0	 1800477	 272000	 0	 0	 64	 +0.0000000	 +0.0000000	 +0.0000	 +0.0000	 +0.0000	 +0.0000	 +nan	 0	 0	 99.990000
1	 79	 0	 60	 0	 2000477	 272200	 0	 0	 64	 +0.0000000	 +0.0000000	 +0.0000	 +0.0000	 +0.0000	 +0.0000	 +nan	 0	 0	 99.990000
1	 80	 0	 60	 0	 2200477	 272400	 0	 0	 64	 +0.0000000	 +0.0000000	 +0.0000	 +0.0000	 +0.0000	 +0.0000	 +nan	 0	 0	 99.990000
1	 81	 0	 60	 0	 2400477	 272600	 0	 0	 64	 +0.0000000	 +0.0000000	 +0.0000	 +0.0000	 +0.0000	 +0.0000	 +nan	 0	 0	 99.990000
1	 82	 0	 60	 0	 2600473	 272800	 0	 0	 64	 +0.0000000	 +0.0000000	 +0.0000	 +0.0000	 +0.0000	 +0.0000	 +nan	 0	 0	 99.990000
1	 83	 0	 60	 0	 2800472	 273000	 0	 0	 64	 +0.0000000	 +0.0000000	 +0.0000	 +0.0000	 +0.0000	 +0.0000	 +nan	 0	 0	 99.990000
1	 84	 0	 60	 0	 3000477	 273200	 0	 0	 64	 +0.0000000	 +0.0000000	 +0.0000	 +0.0000	 +0.0000	 +0.0000	 +nan	 0	 0	 99.990000
1	 85	 0	 60	 0	 3200477	 273400	 0	 0	 64	 +0.0000000	 +0.0000000	 +0.0000	 +0.0000	 +0.0000	 +0.0000	 +nan	 0	 0	 99.990000
1	 86	 0	 60	 0	 3400472	 273600	 0	 0	 64	 +0.0000000	 +0.0000000	 +0.0000	 +0.0000	 +0.0000	 +0.0000	 +nan	 0	 0	 99.990000
1	 87	 0	 60	 0	 3600477	 273800	 0	 0	 64	 +0.0000000	 +0.0000000	 +0.0000	 +0.0000	 +0.0000	 +0.0000	 +nan	 0	 0	 99.990000
1	 88	 0	 60	 0	 3800477	 274000	 0	 0	 64	 +0.0000000	 +0.0000000	 +0.0000	 +0.0000	 +0.0000	 +0.0000	 +nan	 0	 0	 99.990000
1	 89	 0	 60	 0	 4000473	 274200	 0	 0	 64	 +0.0000000	 +0.0000000	 +0.0000	 +0.0000	 +0.0000	 +0.0000	 +nan	 0	 0	 99.990000
1	 90	 0	 60	 0	 4200472	 274400	 0	 0	 64	 +0.0000000	 +0.0000000	 +0.0000	 +0.0000	 +0.0000	 +0.0000	 +nan	 0	 0	 99.990000
1	 91	 0	 60	 0	 4400477	 274600	 0	 0	 64	 +0.0000000	 +0.0000000	 +0.0000	 +0.0000	 +0.0000	 +0.0000	 +nan	 0	 0	 99.990000
1	 92	 0	 60	 0	 4600472	 274800	 0	 0	 64	 +0.0000000	 +0.0000000	 +0.0000	 +0.0000	 +0.0000	 +0.0000	 +nan	 0	 0	 99.990000
1	 93	 0	 60	 0	 4800472	 275000	 0	 0	 64	 +0.0000000	 +0.0000000	 +0.0000	 +0.0000	 +0.0000	 +0.0000	 +nan	 0	 0	 99.990000
1	 94	 0	 60	 0	 5000477	 275200	 0	 0	 64	 +0.0000000	 +0.0000000	 +0.0000	 +0.0000	 +0.0000	 +0.0000	 +nan	 0	 0	 99.990000
1	 95	 0	 60	 0	 5200477	 275400	 0	 0	 64	 +0.0000000	 +0.0000000	 +0.0000	 +0.0000	 +0.0000	 +0.0000	 +nan	 0	 0	 99.990000
1	 96	 0	 60	 0	 5400477	 275600	 0	 0	 64	 +0.0000000	 +0.0000000	 +0.0000	 +0.0000	 +0.0000	 +0.0000	 +nan	 0	 0	 99.990000
1	 97	 0	 60	 0	 5600472	 275800	 0	 0	 64	 +0.0000000	 +0.0000000	 +0.0000	 +0.0000	 +0.0000	 +0.0000	 +nan	 0	 0	 99.990000
1	 98	 0	 60	 0	 5800477	 276000	 0	 0	 64	 +0.0000000	 +0.0000000	 +0.0000	 +0.0000	 +0.0000	 +0.0000	 +nan	 0	 0	 99.990000
1	 99	 0	 60	 0	 6000477	 276200	 0	 0	 64	 +0.0000000	 +0.0000000	 +0.0000	 +0.0000	 +0.0000	 +0.0000	 +nan	 0	 0	 99.990000
1	 100	 0	 60	 0	 6200477	 276400	 0	 0	 64	 +0.0000000	 +0.0000000	 +0.0000	 +0.0000	 +0.0000	 +0.0000	 +nan	 0	 0	 99.990000
1	 101	 0	 60	 0	 6400477	 276600	 0	 0	 64	 +0.0000000	 +0.0000000	 +0.0000	 +0.0000	 +0.0000	 +0.0000	 +nan	 0	 0	 99.990000
1	 102	 0	 60	 0	 6600477	 276800	 0	 0	 64	 +0.0000000	 +0.0000000	 +0.0000	 +0.0000	 +0.0000	 +0.0000	 +nan	 0	 0	 99.990000
1	 103	 0	 60	 0	 6800477	 277000	 0	 0	 64	 +0.0000000	 +0.0000000	 +0.0000	 +0.0000	 +0.0000	 +0.0000	 +nan	 0	 0	 99.990000
1	 104	 0	 60	 0	 7000472	 277200	 0	 0	 64	 +0.0000000	 +0.0000000	 +0.0000	 +0.0000	 +0.0000	 +0.0000	 +nan	 0	 0	 99.990000
1	 105	 0	 60	 0	 7200477	 277400	 0	 0	 64	 +0.0000000	 +0.0000000	 +0.0000	 +0.0000	 +0.0000	 +0.0000	 +nan	 0	 0	 99.990000
1	 106	 0	 60	 0	 7400477	 277600	 0	 0	 64	 +0.0000000	 +0.0000000	 +0.0000	 +0.0000	 +0.0000	 +0.0000	 +nan	 0	 0	 99.990000
1	 107	 0	 60	 0	 7600477	 277800	 0	 0	 64	 +0.0000000	 +0.0000000	 +0.0000	 +0.0000	 +0.0000	 +0.0000	 +nan	 0	 0	 99.990000
1	 108	 0	 60	 0	 7800477	 278000	 0	 0	 64	 +0.0000000	 +0.0000000	 +0.0000	 +0.0000	 +0.0000	 +0.0000	 +nan	 0	 0	 99.990000
1	 109	 0	 60	 0	 8000477	 278200	 0	 0	 64	 +0.0000000	 +0.0000000	 +0.0000	 +0.0000	 +0.0000	 +0.0000	 +nan	 0	 0	 99.990000
1	 110	 0	 60	 0	 8200477	 278400	 0	 0	 64	 +0.0000000	 +0.0000000	 +0.0000	 +0.0000	 +0.0000	 +0.0000	 +nan	 0	 0	 99.990000
1	 111	 0	 60	 0	 8400477	 278600	 0	 0	 64	 +0.0000000	 +0.0000000	 +0.0000	 +0.0000	 +0.0000	 +0.0000	 +nan	 0	 0	 99.990000
1	 112	 0	 60	 0	 8600477	 278800	 0	 0	 64	 +0.0000000	 +0.0000000	 +0.0000	 +0.0000	 +0.0000	 +0.0000	 +nan	 0	 0	 99.990000
1	 113	 0	 60	 0	 8800477	 279000	 0	 0	 64	 +0.0000000	 +0.0000000	 +0.0000	 +0.0000	 +0.0000	 +0.0000	 +nan	 0	 0	 99.990000
1	 114	 0	 60	 0	 9000477	 279200	 0	 0	 64	 +0.0000000	 +0.0000000	 +0.0000	 +0.0000	 +0.0000	 +0.0000	 +nan	 0	 0	 99.990000
1	 115	 0	 60	 0	 9200477	 279400	 0	 0	 64	 +0.0000000	 +0.0000000	 +0.0000	 +0.0000	 +0.0000	 +0.0000	 +nan	 0	 0	 99.990000
1	 116	 0	 60	 0	 9400477	 279600	 0	 0	 64	 +0.0000000	 +0.0000000	 +0.0000	 +0.0000	 +0.0000	 +0.0000	 +nan	 0	 0	 99.990000
1	 117	 0	 60	 0	 9600477	 279800	 0	 0	 64	 +0.0000000	 +0.0000000	 +0.0000	 +0.0000	 +0.0000	 +0.0000	 +nan	 0	 0	 99.990000
1	 118	 0	 60	 0	 9800477	 280000	 0	 0	 64	 +0.0000000	 +0.0000000	 +0.0000	 +0.0000	 +0.0000	 +0.0000	 +nan	 0	 0	 99.990000
1	 119	 0	 60	 0	 476	 280200	 0	 0	 64	 +0.0000000	 +0.0000000	 +0.0000	 +0.0000	 +0.0000	 +0.0000	 +nan	 0	 0	 99.990000
1	 120	 0	 60	 0	 200477	 280400	 0	 0	 64	 +0.0000000	 +0.0000000	 +0.0000	 +0.0000	 +0.0000	 +0.0000	 +nan	 0	 0	 99.990000
1	 121	 0	 60	 0	 400477	 280600	 0	 0	 64	 +0.0000000	 +0.0000000	 +0.0000	 +0.0000	 +0.0000	 +0.0000	 +nan	 0	 0	 99.990000
1	 122	 0	 60	 0	 600477	 280800	 0	 0	 64	 +0.0000000	 +0.0000000	 +0.0000	 +0.0000	 +0.0000	 +0.0000	 +nan	 0	 0	 99.990000
1	 123	 0	 60	 0	 800477	 281000	 0	 0	 64	 +0.0000000	 +0.0000000	 +0.0000	 +0.0000	 +0.0000	 +0.0000	 +nan	 0	 0	 99.990000
1	 124	 0	 60	 0	 1000477	 281200	 0	 0	 64	 +0.0000000	 +0.0000000	 +0.0000	 +0.0000	 +0.0000	 +0.0000	 +nan	 0	 0	 99.990000
1	 125	 0	 60	 0	 1200477	 281400	 0	 0	 64	 +0.0000000	 +0.0000000	 +0.0000	 +0.0000	 +0.0000	 +0.0000	 +nan	 0	 0	 99.990000
1	 126	 0	 60	 0	 1400477	 281600	 0	 0	 64	 +0.0000000	 +0.0000000	 +0.0000	 +0.0000	 +0.0000	 +0.0000	 +nan	 0	 0	 99.990000
1	 127	 0	 60	 0	 1600477	 281800	 0	 0	 64	 +0.0000000	 +0.0000000	 +0.0000	 +0.0000	 +0.0000	 +0.0000	 +nan	 0	 0	 99.990000
1	 128	 0	 60	 0	 1800477	 282000	 0	 0	 64	 +0.0000000	 +0.0000000	 +0.0000	 +0.0000	 +0.0000	 +0.0000	 +nan	 0	 0	 99.990000
1	 129	 0	 60	 0	 2000477	 282200	 0	 0	 64	 +0.0000000	 +0.0000000	 +0.0000	 +0.0000	 +0.0000	 +0.0000	 +nan	 0	 0	 99.990000
1	 130	 0	 60	 0	 2200477	 282400	 0	 0	 64	 +0.0000000	 +0.0000000	 +0.0000	 +0.0000	 +0.0000	 +0.0000	 +nan	 0	 0	 99.990000
1	 131	 0	 60	 0	 2400477	 282600	 0	 0	 64	 +0.0000000	 +0.0000000	 +0.0000	 +0.0000	 +0.0000	 +0.0000	 +nan	 0	 0	 99.990000
1	 132	 0	 60	 0	 2600477	 282800	 0	 0	 64	 +0.0000000	 +0.0000000	 +0.0000	 +0.0000	 +0.0000	 +0.0000	 +nan	 0	 0	 99.990000
1	 133	 0	 60	 0	 2800477	 283000	 0	 0	 64	 +0.0000000	 +0.0000000	 +0.0000	 +0.0000	 +0.0000	 +0.0000	 +nan	 0	 0	 99.990000
1	 134	 0	 60	 0	 3000477	 283200	 0	 0	 64	 +0.0000000	 +0.0000000	 +0.0000	 +0.0000	 +0.0000	 +0.0000	 +nan	 0	 0	 99.990000
1	 135	 0	 60	 0	 3200480	 283400	 0	 0	 64	 +0.0000000	 +0.0000000	 +0.0000	 +0.0000	 +0.0000	 +0.0000	 +nan	 0	 0	 99.990000
1	 136	 0	 60	 0	 3400477	 283600	 0	 0	 64	 +0.0000000	 +0.0000000	 +0.0000	 +0.0000	 +0.0000	 +0.0000	 +nan	 0	 0	 99.990000
1	 137	 0	 60	 0	 3600477	 283800	 0	 0	 64	 +0.0000000	 +0.0000000	 +0.0000	 +0.0000	 +0.0000	 +0.0000	 +nan	 0	 0	 99.990000
1	 138	 0	 60	 0	 3800477	 284000	 0	 0	 64	 +0.0000000	 +0.0000000	 +0.0000	 +0.0000	 +0.0000	 +0.0000	 +nan	 0	 0	 99.990000
1	 139	 0	 60	 0	 4000477	 284200	 0	 0	 64	 +0.0000000	 +0.0000000	 +0.0000	 +0.0000	 +0.0000	 +0.0000	 +nan	 0	 0	 99.990000
1	 140	 0	 60	 0	 4200477	 284400	 0	 0	 64	 +0.0000000	 +0.0000000	 +0.0000	 +0.0000	 +0.0000	 +0.0000	 +nan	 0	 0	 99.990000
1	 141	 0	 60	 0	 4400477	 284600	 0	 0	 64	 +0.0000000	 +0.0000000	 +0.0000	 +0.0000	 +0.0000	 +0.0000	 +nan	 0	 0	 99.990000
1	 142	 0	 60	 0	 4600477	 284800	 0	 0	 64	 +0.0000000	 +0.0000000	 +0.0000	 +0.0000	 +0.0000	 +0.0000	 +nan	 0	 0	 99.990000
1	 143	 0	 60	 0	 4800477	 285000	 0	 0	 64	 +0.0000000	 +0.0000000	 +0.0000	 +0.0000	 +0.0000	 +0.0000	 +nan	 0	 0	 99.990000
1	 144	 0	 60	 0	 5000477	 285200	 0	 0	 64	 +0.0000000	 +0.0000000	 +0.0000	 +0.0000	 +0.0000	 +0.0000	 +nan	 0	 0	 99.990000
1	 145	 0	 60	 0	 5200476	 285400	 0	 0	 64	 +0.0000000	 +0.0000000	 +0.0000	 +0.0000	 +0.0000	 +0.0000	 +nan	 0	 0	 99.990000
1	 146	 0	 60	 0	 5400477	 285600	 0	 0	 64	 +0.0000000	 +0.0000000	 +0.0000	 +0.0000	 +0.0000	 +0.0000	 +nan	 0	 0	 99.990000
1	 147	 0	 60	 0	 5600477	 285800	 0	 0	 64	 +0.0000000	 +0.0000000	 +0.0000	 +0.0000	 +0.0000	 +0.0000	 +nan	 0	 0	 99.990000
1	 148	 0	 60	 0	 5800477	 286000	 0	 0	 64	 +0.0000000	 +0.0000000	 +0.0000	 +0.0000	 +0.0000	 +0.0000	 +nan	 0	 0	 99.990000
1	 149	 0	 60	 0	 6000477	 286200	 0	 0	 64	 +0.0000000	 +0.0000000	 +0.0000	 +0.0000	 +0.0000	 +0.0000	 +nan	 0	 0	 99.990000
1	 150	 0	 60	 0	 6200477	 286400	 0	 0	 64	 +0.0000000	 +0.0000000	 +0.0000	 +0.0000	 +0.0000	 +0.0000	 +nan	 0	 0	 99.990000
1	 151	 0	 60	 0	 6400477	 286600	 0	 0	 64	 +0.0000000	 +0.0000000	 +0.0000	 +0.0000	 +0.0000	 +0.0000	 +nan	 0	 0	 99.990000
1	 152	 0	 60	 0	 6600477	 286800	 0	 0	 64	 +0.0000000	 +0.0000000	 +0.0000	 +0.0000	 +0.0000	 +0.0000	 +nan	 0	 0	 99.990000
1	 153	 0	 60	 0	 6800477	 287000	 0	 0	 64	 +0.0000000	 +0.0000000	 +0.0000	 +0.0000	 +0.0000	 +0.0000	 +nan	 0	 0	 99.990000
1	 154	 0	 60	 0	 7000477	 287200	 0	 0	 64	 +0.0000000	 +0.0000000	 +0.0000	 +0.0000	 +0.0000	 +0.0000	 +nan	 0	 0	 99.990000
1	 155	 0	 60	 0	 7200477	 287400	 0	 0	 64	 +0.0000000	 +0.0000000	 +0.0000	 +0.0000	 +0.0000	 +0.0000	 +nan	 0	 0	 99.990000
1	 156	 0	 60	 0	 7400477	 287600	 0	 0	 64	 +0.0000000	 +0.0000000	 +0.0000	 +0.0000	 +0.0000	 +0.0000	 +nan	 0	 0	 99.990000
1	 157	 0	 60	 0	 7600477	 287800	 0	 0	 64	 +0.0000000	 +0.0000000	 +0.0000	 +0.0000	 +0.0000	 +0.0000	 +nan	 0	 0	 99.990000
1	 158	 0	 60	 0	 7800476	 288000	 0	 0	 64	 +0.0000000	 +0.0000000	 +0.0000	 +0.0000	 +0.0000	 +0.0000	 +nan	 0	 0	 99.990000
1	 159	 0	 60	 0	 8000477	 288200	 0	 0	 64	 +0.0000000	 +0.0000000	 +0.0000	 +0.0000	 +0.0000	 +0.0000	 +nan	 0	 0	 99.990000
1	 160	 0	 60	 0	 8200477	 288400	 0	 0	 64	 +0.0000000	 +0.0000000	 +0.0000	 +0.0000	 +0.0000	 +0.0000	 +nan	 0	 0	 99.990000
1	 161	 0	 60	 0	 8400477	 288600	 0	 0	 64	 +0.0000000	 +0.0000000	 +0.0000	 +0.0000	 +0.0000	 +0.0000	 +nan	 0	 0	 99.990000
1	 162	 0	 60	 0	 8600477	 288800	 0	 0	 64	 +0.0000000	 +0.0000000	 +0.0000	 +0.0000	 +0.0000	 +0.0000	 +nan	 0	 0	 99.990000
1	 163	 0	 60	 0	 8800477	 289000	 0	 0	 64	 +0.0000000	 +0.0000000	 +0.0000	 +0.0000	 +0.0000	 +0.0000	 +nan	 0	 0	 99.990000
1	 164	 0	 60	 0	 9000477	 289200	 0	 0	 64	 +0.0000000	 +0.0000000	 +0.0000	 +0.0000	 +0.0000	 +0.0000	 +nan	 0	 0	 99.990000
1	 165	 0	 60	 0	 9200477	 289400	 0	 0	 64	 +0.0000000	 +0.0000000	 +0.0000	 +0.0000	 +0.0000	 +0.0000	 +nan	 0	 0	 99.990000
1	 166	 0	 60	 0	 9400477	 289600	 0	 0	 64	 +0.0000000	 +0.0000000	 +0.0000	 +0.0000	 +0.0000	 +0.0000	 +nan	 0	 0	 99.990000
1	 167	 0	 60	 0	 9600477	 289800	 0	 0	 64	 +0.0000000	 +0.0000000	 +0.0000	 +0.0000	 +0.0000	 +0.0000	 +nan	 0	 0	 99.990000
1	 168	 0	 60	 0	 9800477	 290000	 0	 0	 64	 +0.0000000	 +0.0000000	 +0.0000	 +0.0000	 +0.0000	 +0.0000	 +nan	 0	 0	 99.990000
1	 169	 0	 60	 0	 477	 290200	 0	 0	 64	 +0.0000000	 +0.0000000	 +0.0000	 +0.0000	 +0.0000	 +0.0000	 +nan	 0	 0	 99.990000
1	 170	 0	 60	 0	 200477	 290400	 0	 0	 64	 +0.0000000	 +0.0000000	 +0.0000	 +0.0000	 +0.0000	 +0.0000	 +nan	 0	 0	 99.990000
1	 171	 0	 60	 0	 400477	 290600	 0	 0	 64	 +0.0000000	 +0.0000000	 +0.0000	 +0.0000	 +0.0000	 +0.0000	 +nan	 0	 0	 99.990000
1	 172	 0	 60	 0	 600477	 290800	 0	 0	 64	 +0.0000000	 +0.0000000	 +0.0000	 +0.0000	 +0.0000	 +0.0000	 +nan	 0	 0	 99.990000
1	 173	 0	 60	 0	 800477	 291000	 0	 0	 64	 +0.0000000	 +0.0000000	 +0.0000	 +0.0000	 +0.0000	 +0.0000	 +nan	 0	 0	 99.990000
1	 174	 0	 60	 0	 1000477	 291200	 0	 0	 64	 +0.0000000	 +0.0000000	 +0.0000	 +0.0000	 +0.0000	 +0.0000	 +nan	 0	 0	 99.990000
1	 175	 0	 60	 0	 1200476	 291400	 0	 0	 64	 +0.0000000	 +0.0000000	 +0.0000	 +0.0000	 +0.0000	 +0.0000	 +nan	 0	 0	 99.990000
1	 176	 0	 60	 0	 1400477	 291600	 0	 0	 64	 +0.0000000	 +0.0000000	 +0.0000	 +0.0000	 +0.0000	 +0.0000	 +nan	 0	 0	 99.990000
1	 177	 0	 60	 0	 1600477	 291800	 0	 0	 64	 +0.0000000	 +0.0000000	 +0.0000	 +0.0000	 +0.0000	 +0.0000	 +nan	 0	 0	 99.990000
1	 178	 0	 60	 0	 1800477	 292000	 0	 0	 64	 +0.0000000	 +0.0000000	 +0.0000	 +0.0000	 +0.0000	 +0.0000	 +nan	 0	 0	 99.990000
1	 179	 0	 60	 0	 2000477	 292200	 0	 0	 64	 +0.0000000	 +0.0000000	 +0.0000	 +0.0000	 +0.0000	 +0.0000	 +nan	 0	 0	 99.990000
1	 180	 0	 60	 0	 2200477	 292400	 0	 0	 64	 +0.0000000	 +0.0000000	 +0.0000	 +0.0000	 +0.0000	 +0.0000	 +nan	 0	 0	 99.990000
1	 181	 0	 60	 0	 2400476	 292600	 0	 0	 64	 +0.0000000	 +0.0000000	 +0.0000	 +0.0000	 +0.0000	 +0.0000	 +nan	 0	 0	 99.990000
1	 182	 0	 60	 0	 2600477	 292800	 0	 0	 64	 +0.0000000	 +0.0000000	 +0.0000	 +0.0000	 +0.0000	 +0.0000	 +nan	 0	 0	 99.990000
1	 183	 0	 60	 0	 2800477	 293000	 0	 0	 64	 +0.0000000	 +0.0000000	 +0.0000	 +0.0000	 +0.0000	 +0.0000	 +nan	 0	 0	 99.990000
1	 184	 0	 60	 0	 3000477	 293200	 0	 0	 64	 +0.0000000	 +0.0000000	 +0.0000	 +0.0000	 +0.0000	 +0.0000	 +nan	 0	 0	 99.990000
1	 185	 0	 60	 0	 3200477	 293400	 0	 0	 64	 +0.0000000	 +0.0000000	 +0.0000	 +0.0000	 +0.0000	 +0.0000	 +nan	 0	 0	 99.990000
1	 186	 0	 60	 0	 3400477	 293600	 0	 0	 64	 +0.0000000	 +0.0000000	 +0.0000	 +0.0000	 +0.0000	 +0.0000	 +nan	 0	 0	 99.990000
1	 187	 0	 60	 0	 3600477	 293800	 0	 0	 64	 +0.0000000	 +0.0000000	 +0.0000	 +0.0000	 +0.0000	 +0.0000	 +nan	 0	 0	 99.990000
1	 188	 0	 60	 0	 3800476	 294000	 0	 0	 64	 +0.0000000	 +0.0000000	 +0.0000	 +0.0000	 +0.0000	 +0.0000	 +nan	 0	 0	 99.990000
1	 189	 0	 60	 0	 4000477	 294200	 0	 0	 64	 +0.0000000	 +0.0000000	 +0.0000	 +0.0000	 +0.0000	 +0.0000	 +nan	 0	 0	 99.990000
1	 190	 0	 60	 0	 4200477	 294400	 0	 0	 64	 +0.0000000	 +0.0000000	 +0.0000	 +0.0000	 +0.0000	 +0.0000	 +nan	 0	 0	 99.990000
1	 191	 0	 60	 0	 4400477	 294600	 0	 0	 64	 +0.0000000	 +0.0000000	 +0.0000	 +0.0000	 +0.0000	 +0.0000	 +nan	 0	 0	 99.990000
1	 192	 0	 60	 0	 4600477	 294800	 0	 0	 64	 +0.0000000	 +0.0000000	 +0.0000	 +0.0000	 +0.0000	 +0.0000	 +nan	 0	 0	 99.990000
1	 193	 0	 60	 0	 4800477	 295000	 0	 0	 64	 +0.0000000	 +0.0000000	 +0.0000	 +0.0000	 +0.0000	 +0.0000	 +nan	 0	 0	 99.990000
1	 194	 0	 60	 0	 5000712	 295200	 0	 0	 64	 +0.0000000	 +0.0000000	 +0.0000	 +0.0000	 +0.0000	 +0.0000	 +nan	 0	 0	 99.990000
1	 195	 0	 60	 0	 5200477	 295400	 0	 0	 64	 +0.0000000	 +0.0000000	 +0.0000	 +0.0000	 +0.0000	 +0.0000	 +nan	 0	 0	 99.990000
1	 196	 0	 60	 0	 5400477	 295600	 0	 0	 64	 +0.0000000	 +0.0000000	 +0.0000	 +0.0000	 +0.0000	 +0.0000	 +nan	 0	 0	 99.990000
1	 197	 0	 60	 0	 5600477	 295800	 0	 0	 64	 +0.0000000	 +0.0000000	 +0.0000	 +0.0000	 +0.0000	 +0.0000	 +nan	 0	 0	 99.990000
1	 198	 0	 60	 0	 5800477	 296000	 0	 0	 64	 +0.0000000	 +0.0000000	 +0.0000	 +0.0000	 +0.0000	 +0.0000	 +nan	 0	 0	 99.990000
1	 199	 0	 60	 0	 6000477	 296200	 0	 0	 64	 +0.0000000	 +0.0000000	 +0.0000	 +0.0000	 +0.0000	 +0.0000	 +nan	 0	 0	 99.990000
1	 200	 0	 60	 0	 6200477	 296400	 0	 0	 64	 +0.0000000	 +0.0000000	 +0.0000	 +0.0000	 +0.0000	 +0.0000	 +nan	 0	 0	 99.990000
1	 201	 0	 60	 0	 6400477	 296600	 0	 0	 64	 +0.0000000	 +0.0000000	 +0.0000	 +0.0000	 +0.0000	 +0.0000	 +nan	 0	 0	 99.990000
1	 202	 0	 60	 0	 6600477	 296800	 0	 0	 64	 +0.0000000	 +0.0000000	 +0.0000	 +0.0000	 +0.0000	 +0.0000	 +nan	 0	 0	 99.990000
1	 203	 0	 60	 0	 6800477	 297000	 0	 0	 64	 +0.0000000	 +0.0000000	 +0.0000	 +0.0000	 +0.0000	 +0.0000	 +nan	 0	 0	 99.990000
1	 204	 0	 60	 0	 7000477	 297200	 0	 0	 64	 +0.0000000	 +0.0000000	 +0.0000	 +0.0000	 +0.0000	 +0.0000	 +nan	 0	 0	 99.990000
1	 205	 0	 60	 0	 7200477	 297400	 0	 0	 64	 +0.0000000	 +0.0000000	 +0.0000	 +0.0000	 +0.0000	 +0.0000	 +nan	 0	 0	 99.990000
1	 206	 0	 60	 0	 7400477	 297600	 0	 0	 64	 +0.0000000	 +0.0000000	 +0.0000	 +0.0000	 +0.0000	 +0.0000	 +nan	 0	 0	 99.990000
1	 207	 0	 60	 0	 7600477	 297800	 0	 0	 64	 +0.0000000	 +0.0000000	 +0.0000	 +0.0000	 +0.0000	 +0.0000	 +nan	 0	 0	 99.990000
1	 208	 0	 60	 0	 7800477	 298000	 0	 0	 64	 +0.0000000	 +0.0000000	 +0.0000	 +0.0000	 +0.0000	 +0.0000	 +nan	 0	 0	 99.990000
1	 209	 0	 60	 0	 8000477	 298200	 0	 0	 64	 +0.0000000	 +0.0000000	 +0.0000	 +0.0000	 +0.0000	 +0.0000	 +nan	 0	 0	 99.990000
1	 210	 0	 60	 0	 8200477	 298400	 0	 0	 64	 +0.0000000	 +0.0000000	 +0.0000	 +0.0000	 +0.0000	 +0.0000	 +nan	 0	 0	 99.990000
1	 211	 0	 60	 0	 8400477	 298600	 0	 0	 64	 +0.0000000	 +0.0000000	 +0.0000	 +0.0000	 +0.0000	 +0.0000	 +nan	 0	 0	 99.990000
1	 212	 0	 60	 0	 8600476	 298800	 0	 0	 64	 +0.0000000	 +0.0000000	 +0.0000	 +0.0000	 +0.0000	 +0.0000	 +nan	 0	 0	 99.990000
1	 213	 0	 60	 0	 8800477	 299000	 0	 0	 64	 +0.0000000	 +0.0000000	 +0.0000	 +0.0000	 +0.0000	 +0.0000	 +nan	 0	 0	 99.990000
1	 214	 0	 60	 0	 9000477	 299200	 0	 0	 64	 +0.0000000	 +0.0000000	 +0.0000	 +0.0000	 +0.0000	 +0.0000	 +nan	 0	 0	 99.990000
1	 215	 0	 60	 0	 9200477	 299400	 0	 0	 64	 +0.0000000	 +0.0000000	 +0.0000	 +0.0000	 +0.0000	 +0.0000	 +nan	 0	 0	 99.990000
1	 216	 0	 60	 0	 9400477	 299600	 0	 0	 64	 +0.0000000	 +0.0000000	 +0.0000	 +0.0000	 +0.0000	 +0.0000	 +nan	 0	 0	 99.990000
1	 217	 0	 60	 0	 9600477	 299800	 0	 0	 64	 +0.0000000	 +0.0000000	 +0.0000	 +0.0000	 +0.0000	 +0.0000	 +nan	 0	 0	 99.990000
1	 218	 0	 60	 0	 9800477	 300000	 0	 0	 64	 +0.0000000	 +0.0000000	 +0.0000	 +0.0000	 +0.0000	 +0.0000	 +nan	 0	 0	 99.990000
1	 219	 0	 60	 0	 477	 300200	 0	 0	 64	 +0.0000000	 +0.0000000	 +0.0000	 +0.0000	 +0.0000	 +0.0000	 +nan	 0	 0	 99.990000
1	 220	 0	 60	 0	 200477	 300400	 0	 0	 64	 +0.0000000	 +0.0000000	 +0.0000	 +0.0000	 +0.0000	 +0.0000	 +nan	 0	 0	 99.990000
1	 221	 0	 60	 0	 400477	 300600	 0	 0	 64	 +0.0000000	 +0.0000000	 +0.0000	 +0.0000	 +0.0000	 +0.0000	 +nan	 0	 0	 99.990000
1	 222	 0	 60	 0	 600477	 300800	 0	 0	 64	 +0.0000000	 +0.0000000	 +0.0000	 +0.0000	 +0.0000	 +0.0000	 +nan	 0	 0	 99.990000
1	 223	 0	 60	 0	 800477	 301000	 0	 0	 64	 +0.0000000	 +0.0000000	 +0.0000	 +0.0000	 +0.0000	 +0.0000	 +nan	 0	 0	 99.990000
1	 224	 0	 60	 0	 1000477	 301200	 0	 0	 64	 +0.0000000	 +0.0000000	 +0.0000	 +0.0000	 +0.0000	 +0.0000	 +nan	 0	 0	 99.990000
1	 225	 0	 60	 0	 1200477	 301400	 0	 0	 64	 +0.0000000	 +0.0000000	 +0.0000	 +0.0000	 +0.0000	 +0.0000	 +nan	 0	 0	 99.990000
1	 226	 0	 60	 0	 1400477	 301600	 0	 0	 64	 +0.0000000	 +0.0000000	 +0.0000	 +0.0000	 +0.0000	 +0.0000	 +nan	 0	 0	 99.990000
1	 227	 0	 60	 0	 1600477	 301800	 0	 0	 64	 +0.0000000	 +0.0000000	 +0.0000	 +0.0000	 +0.0000	 +0.0000	 +nan	 0	 0	 99.990000
1	 228	 0	 60	 0	 1800477	 302000	 0	 0	 64	 +0.0000000	 +0.0000000	 +0.0000	 +0.0000	 +0.0000	 +0.0000	 +nan	 0	 0	 99.990000
1	 229	 0	 60	 0	 2000477	 302200	 0	 0	 64	 +0.0000000	 +0.0000000	 +0.0000	 +0.0000	 +0.0000	 +0.0000	 +nan	 0	 0	 99.990000
1	 230	 0	 60	 0	 2200477	 302400	 0	 0	 64	 +0.0000000	 +0.0000000	 +0.0000	 +0.0000	 +0.0000	 +0.0000	 +nan	 0	 0	 99.990000
1	 231	 0	 60	 0	 2400477	 302600	 0	 0	 64	 +0.0000000	 +0.0000000	 +0.0000	 +0.0000	 +0.0000	 +0.0000	 +nan	 0	 0	 99.990000
1	 232	 0	 60	 0	 2600477	 302800	 0	 0	 64	 +0.0000000	 +0.0000000	 +0.0000	 +0.0000	 +0.0000	 +0.0000	 +nan	 0	 0	 99.990000
1	 233	 0	 60	 0	 2800477	 303000	 0	 0	 64	 +0.0000000	 +0.0000000	 +0.0000	 +0.0000	 +0.0000	 +0.0000	 +nan	 0	 0	 99.990000
1	 234	 0	 60	 0	 3000477	 303200	 0	 0	 64	 +0.0000000	 +0.0000000	 +0.0000	 +0.0000	 +0.0000	 +0.0000	 +nan	 0	 0	 99.990000
1	 235	 0	 60	 0	 3200477	 303400	 0	 0	 64	 +0.0000000	 +0.0000000	 +0.0000	 +0.0000	 +0.0000	 +0.0000	 +nan	 0	 0	 99.990000
1	 236	 0	 60	 0	 3400477	 303600	 0	 0	 64	 +0.0000000	 +0.0000000	 +0.0000	 +0.0000	 +0.0000	 +0.0000	 +nan	 0	 0	 99.990000
1	 237	 0	 60	 0	 3600477	 303800	 0	 0	 64	 +0.0000000	 +0.0000000	 +0.0000	 +0.0000	 +0.0000	 +0.0000	 +nan	 0	 0	 99.990000
1	 238	 0	 60	 0	 3800477	 304000	 0	 0	 64	 +0.0000000	 +0.0000000	 +0.0000	 +0.0000	 +0.0000	 +0.0000	 +nan	 0	 0	 99.990000
1	 239	 0	 60	 0	 4000477	 304200	 0	 0	 64	 +0.0000000	 +0.0000000	 +0.0000	 +0.0000	 +0.0000	 +0.0000	 +nan	 0	 0	 99.990000
1	 240	 0	 60	 0	 4200477	 304400	 0	 0	 64	 +0.0000000	 +0.0000000	 +0.0000	 +0.0000	 +0.0000	 +0.0000	 +nan	 0	 0	 99.990000
1	 241	 0	 60	 0	 4400477	 304600	 0	 0	 64	 +0.0000000	 +0.0000000	 +0.0000	 +0.0000	 +0.0000	 +0.0000	 +nan	 0	 0	 99.990000
1	 242	 0	 60	 0	 4600477	 304800	 0	 0	 64	 +0.0000000	 +0.0000000	 +0.0000	 +0.0000	 +0.0000	 +0.0000	 +nan	 0	 0	 99.990000
1	 243	 0	 60	 0	 4800477	 305000	 0	 0	 64	 +0.0000000	 +0.0000000	 +0.0000	 +0.0000	 +0.0000	 +0.0000	 +nan	 0	 0	 99.990000
1	 244	 0	 60	 0	 5000477	 305200	 0	 0	 64	 +0.0000000	 +0.0000000	 +0.0000	 +0.0000	 +0.0000	 +0.0000	 +nan	 0	 0	 99.990000
1	 245	 0	 60	 0	 5200477	 305400	 0	 0	 64	 +0.0000000	 +0.0000000	 +0.0000	 +0.0000	 +0.0000	 +0.0000	 +nan	 0	 0	 99.990000
1	 246	 0	 60	 0	 5400477	 305600	 0	 0	 64	 +0.0000000	 +0.0000000	 +0.0000	 +0.0000	 +0.0000	 +0.0000	 +nan	 0	 0	 99.990000
1	 247	 0	 60	 0	 5600477	 305800	 0	 0	 64	 +0.0000000	 +0.0000000	 +0.0000	 +0.0000	 +0.0000	 +0.0000	 +nan	 0	 0	 99.990000
1	 248	 0	 60	 0	 5800477	 306000	 0	 0	 64	 +0.0000000	 +0.0000000	 +0.0000	 +0.0000	 +0.0000	 +0.0000	 +nan	 0	 0	 99.990000
1	 249	 0	 60	 0	 6000477	 306200	 0	 0	 64	 +0.0000000	 +0.0000000	 +0.0000	 +0.0000	 +0.0000	 +0.0000	 +nan	 0	 0	 99.990000
1	 250	 0	 60	 0	 6200477	 306400	 0	 0	 64	 +0.0000000	 +0.0000000	 +0.0000	 +0.0000	 +0.0000	 +0.0000	 +nan	 0	 0	 99.990000
1	 251	 0	 60	 0	 6400477	 306600	 0	 0	 64	 +0.0000000	 +0.0000000	 +0.0000	 +0.0000	 +0.0000	 +0.0000	 +nan	 0	 0	 99.990000
1	 252	 0	 60	 0	 6600477	 306800	 0	 0	 64	 +0.0000000	 +0.0000000	 +0.0000	 +0.0000	 +0.0000	 +0.0000	 +nan	 0	 0	 99.990000
1	 253	 0	 60	 0	 6800477	 307000	 0	 0	 64	 +0.0000000	 +0.0000000	 +0.0000	 +0.0000	 +0.0000	 +0.0000	 +nan	 0	 0	 99.990000
1	 254	 0	 60	 0	 7000477	 307200	 0	 0	 64	 +0.0000000	 +0.0000000	 +0.0000	 +0.0000	 +0.0000	 +0.0000	 +nan	 0	 0	 99.990000
1	 255	 0	 60	 0	 7200477	 307400	 0	 0	 64	 +0.0000000	 +0.0000000	 +0.0000	 +0.0000	 +0.0000	 +0.0000	 +nan	 0	 0	 99.990000
1	 0	 0	 60	 0	 7400477	 307600	 0	 0	 64	 +0.0000000	 +0.0000000	 +0.0000	 +0.0000	 +0.0000	 +0.0000	 +nan	 0	 0	 99.990000
1	 1	 0	 60	 0	 7600477	 307800	 0	 0	 64	 +0.0000000	 +0.0000000	 +0.0000	 +0.0000	 +0.0000	 +0.0000	 +nan	 0	 0	 99.990000
1	 2	 0	 60	 0	 7800477	 308000	 0	 0	 64	 +0.0000000	 +0.0000000	 +0.0000	 +0.0000	 +0.0000	 +0.0000	 +nan	 0	 0	 99.990000
1	 3	 0	 60	 0	 8000477	 308200	 0	 0	 64	 +0.0000000	 +0.0000000	 +0.0000	 +0.0000	 +0.0000	 +0.0000	 +nan	 0	 0	 99.990000
1	 4	 0	 60	 0	 8200477	 308400	 0	 0	 64	 +0.0000000	 +0.0000000	 +0.0000	 +0.0000	 +0.0000	 +0.0000	 +nan	 0	 0	 99.990000
1	 5	 0	 60	 0	 8400477	 308600	 0	 0	 64	 +0.0000000	 +0.0000000	 +0.0000	 +0.0000	 +0.0000	 +0.0000	 +nan	 0	 0	 99.990000
1	 6	 0	 60	 0	 8600477	 308800	 0	 0	 64	 +0.0000000	 +0.0000000	 +0.0000	 +0.0000	 +0.0000	 +0.0000	 +nan	 0	 0	 99.990000
1	 135	 0	 60	 0	 4401472	 334600	 0	 0	 64	 +0.0000000	 +0.0000000	 +0.0000	 +0.0000	 +0.0000	 +0.0000	 +nan	 0	 0	 99.990000
1	 136	 0	 60	 0	 4601471	 334800	 0	 0	 64	 +0.0000000	 +0.0000000	 +0.0000	 +0.0000	 +0.0000	 +0.0000	 +nan	 0	 0	 99.990000
1	 137	 0	 60	 0	 4801472	 335000	 0	 0	 64	 +0.0000000	 +0.0000000	 +0.0000	 +0.0000	 +0.0000	 +0.0000	 +nan	 0	 0	 99.990000
1	 138	 0	 60	 0	 5001472	 335200	 0	 0	 64	 +0.0000000	 +0.0000000	 +0.0000	 +0.0000	 +0.0000	 +0.0000	 +nan	 0	 0	 99.990000
1	 139	 0	 60	 0	 5201472	 335400	 0	 0	 64	 +0.0000000	 +0.0000000	 +0.0000	 +0.0000	 +0.0000	 +0.0000	 +nan	 0	 0	 99.990000
1	 140	 0	 60	 0	 5401472	 335600	 0	 0	 64	 +0.0000000	 +0.0000000	 +0.0000	 +0.0000	 +0.0000	 +0.0000	 +nan	 0	 0	 99.990000
1	 141	 0	 60	 0	 5601471	 335800	 0	 0	 64	 +0.0000000	 +0.0000000	 +0.0000	 +0.0000	 +0.0000	 +0.0000	 +nan	 0	 0	 99.990000
1	 142	 0	 60	 0	 5801443	 336000	 0	 0	 64	 +0.0000000	 +0.0000000	 +0.0000	 +0.0000	 +0.0000	 +0.0000	 +nan	 0	 0	 99.990000
1	 143	 0	 60	 0	 6001471	 336200	 0	 0	 64	 +0.0000000	 +0.0000000	 +0.0000	 +0.0000	 +0.0000	 +0.0000	 +nan	 0	 0	 99.990000
1	 144	 0	 60	 0	 6201472	 336400	 0	 0	 64	 +0.0000000	 +0.0000000	 +0.0000	 +0.0000	 +0.0000	 +0.0000	 +nan	 0	 0	 99.990000
1	 145	 0	 60	 0	 6401471	 336600	 0	 0	 64	 +0.0000000	 +0.0000000	 +0.0000	 +0.0000	 +0.0000	 +0.0000	 +nan	 0	 0	 99.990000
1	 146	 0	 60	 0	 6601472	 336800	 0	 0	 64	 +0.0000000	 +0.0000000	 +0.0000	 +0.0000	 +0.0000	 +0.0000	 +nan	 0	 0	 99.990000
1	 147	 0	 60	 0	 6801471	 337000	 0	 0	 64	 +0.0000000	 +0.0000000	 +0.0000	 +0.0000	 +0.0000	 +0.0000	 +nan	 0	 0	 99.990000
1	 148	 0	 60	 0	 7001472	 337200	 0	 0	 64	 +0.0000000	 +0.0000000	 +0.0000	 +0.0000	 +0.0000	 +0.0000	 +nan	 0	 0	 99.990000
