Message ID	Frame counter	Reserved	Message length	GNSS Week Number	GNSS TOW	Timestamp [us]	TOW [ms]	Week	GpsFix	GpsNavFlags	Longitude [deg]	Latitude [deg]	Height [m]	Vnorth [m/s]	Veast [m/s]	Vdown [m/s]	COG [deg]	Sats	Reserved	PDOP	Reserved
1	 175	 0	 60	 0	 4402475	 854600	 0	 0	 64	 +0.0000000	 +0.0000000	 +0.0000	 +0.0000	 +0.0000	 +0.0000	 +nan	 0	 0	 99.990000
1	 176	 0	 60	 0	 4602475	 854800	 0	 0	 64	 +0.0000000	 +0.0000000	 +0.0000	 +0.0000	 +0.0000	 +0.0000	 +nan	 0	 0	 99.990000
1	 177	 0	 60	 0	 4802475	 855000	 0	 0	 64	 +0.0000000	 +0.0000000	 +0.0000	 +0.0000	 +0.0000	 +0.0000	 +nan	 0	 0	 99.990000
1	 178	 0	 60	 0	 5002475	 855200	 0	 0	 64	 +0.0000000	 +0.0000000	 +0.0000	 +0.0000	 +0.0000	 +0.0000	 +nan	 0	 0	 99.990000
1	 179	 0	 60	 0	 5202475	 855400	 0	 0	 64	 +0.0000000	 +0.0000000	 +0.0000	 +0.0000	 +0.0000	 +0.0000	 +nan	 0	 0	 99.990000
1	 180	 0	 60	 0	 5402475	 855600	 0	 0	 64	 +0.0000000	 +0.0000000	 +0.0000	 +0.0000	 +0.0000	 +0.0000	 +nan	 0	 0	 99.990000
1	 181	 0	 60	 0	 5602475	 855800	 0	 0	 64	 +0.0000000	 +0.0000000	 +0.0000	 +0.0000	 +0.0000	 +0.0000	 +nan	 0	 0	 99.990000
1	 182	 0	 60	 0	 5802476	 856000	 0	 0	 64	 +0.0000000	 +0.0000000	 +0.0000	 +0.0000	 +0.0000	 +0.0000	 +nan	 0	 0	 99.990000
1	 183	 0	 60	 0	 6002475	 856200	 0	 0	 64	 +0.0000000	 +0.0000000	 +0.0000	 +0.0000	 +0.0000	 +0.0000	 +nan	 0	 0	 99.990000
1	 184	 0	 60	 0	 6202475	 856400	 0	 0	 64	 +0.0000000	 +0.0000000	 +0.0000	 +0.0000	 +0.0000	 +0.0000	 +nan	 0	 0	 99.990000
1	 185	 0	 60	 0	 6402475	 856600	 0	 0	 64	 +0.0000000	 +0.0000000	 +0.0000	 +0.0000	 +0.0000	 +0.0000	 +nan	 0	 0	 99.990000
1	 186	 0	 60	 0	 6602475	 856800	 0	 0	 64	 +0.0000000	 +0.0000000	 +0.0000	 +0.0000	 +0.0000	 +0.0000	 +nan	 0	 0	 99.990000
1	 187	 0	 60	 0	 6802475	 857000	 0	 0	 64	 +0.0000000	 +0.0000000	 +0.0000	 +0.0000	 +0.0000	 +0.0000	 +nan	 0	 0	 99.990000
1	 188	 0	 60	 0	 7002476	 857200	 0	 0	 64	 +0.0000000	 +0.0000000	 +0.0000	 +0.0000	 +0.0000	 +0.0000	 +nan	 0	 0	 99.990000
1	 189	 0	 60	 0	 7202470	 857400	 0	 0	 64	 +0.0000000	 +0.0000000	 +0.0000	 +0.0000	 +0.0000	 +0.0000	 +nan	 0	 0	 99.990000
1	 190	 0	 60	 0	 7402470	 857600	 0	 0	 64	 +0.0000000	 +0.0000000	 +0.0000	 +0.0000	 +0.0000	 +0.0000	 +nan	 0	 0	 99.990000
1	 191	 0	 60	 0	 7602470	 857800	 0	 0	 64	 +0.0000000	 +0.0000000	 +0.0000	 +0.0000	 +0.0000	 +0.0000	 +nan	 0	 0	 99.990000
1	 192	 0	 60	 0	 7802470	 858000	 0	 0	 64	 +0.0000000	 +0.0000000	 +0.0000	 +0.0000	 +0.0000	 +0.0000	 +nan	 0	 0	 99.990000
1	 193	 0	 60	 0	 8002470	 858200	 0	 0	 64	 +0.0000000	 +0.0000000	 +0.0000	 +0.0000	 +0.0000	 +0.0000	 +nan	 0	 0	 99.990000
1	 194	 0	 60	 0	 8202470	 858400	 0	 0	 64	 +0.0000000	 +0.0000000	 +0.0000	 +0.0000	 +0.0000	 +0.0000	 +nan	 0	 0	 99.990000
1	 195	 0	 60	 0	 8402470	 858600	 0	 0	 64	 +0.0000000	 +0.0000000	 +0.0000	 +0.0000	 +0.0000	 +0.0000	 +nan	 0	 0	 99.990000
1	 196	 0	 60	 0	 8602470	 858800	 0	 0	 64	 +0.0000000	 +0.0000000	 +0.0000	 +0.0000	 +0.0000	 +0.0000	 +nan	 0	 0	 99.990000
1	 197	 0	 60	 0	 8802470	 859000	 0	 0	 64	 +0.0000000	 +0.0000000	 +0.0000	 +0.0000	 +0.0000	 +0.0000	 +nan	 0	 0	 99.990000
1	 198	 0	 60	 0	 9002470	 859200	 0	 0	 64	 +0.0000000	 +0.0000000	 +0.0000	 +0.0000	 +0.0000	 +0.0000	 +nan	 0	 0	 99.990000
1	 199	 0	 60	 0	 9202470	 859400	 0	 0	 64	 +0.0000000	 +0.0000000	 +0.0000	 +0.0000	 +0.0000	 +0.0000	 +nan	 0	 0	 99.990000
1	 200	 0	 60	 0	 9402470	 859600	 0	 0	 64	 +0.0000000	 +0.0000000	 +0.0000	 +0.0000	 +0.0000	 +0.0000	 +nan	 0	 0	 99.990000
1	 201	 0	 60	 0	 9602470	 859800	 0	 0	 64	 +0.0000000	 +0.0000000	 +0.0000	 +0.0000	 +0.0000	 +0.0000	 +nan	 0	 0	 99.990000
1	 202	 0	 60	 0	 9802470	 860000	 0	 0	 64	 +0.0000000	 +0.0000000	 +0.0000	 +0.0000	 +0.0000	 +0.0000	 +nan	 0	 0	 99.990000
1	 203	 0	 60	 0	 2470	 860200	 0	 0	 64	 +0.0000000	 +0.0000000	 +0.0000	 +0.0000	 +0.0000	 +0.0000	 +nan	 0	 0	 99.990000
1	 204	 0	 60	 0	 202470	 860400	 0	 0	 64	 +0.0000000	 +0.0000000	 +0.0000	 +0.0000	 +0.0000	 +0.0000	 +nan	 0	 0	 99.990000
1	 205	 0	 60	 0	 402470	 860600	 0	 0	 64	 +0.0000000	 +0.0000000	 +0.0000	 +0.0000	 +0.0000	 +0.0000	 +nan	 0	 0	 99.990000
1	 206	 0	 60	 0	 602470	 860800	 0	 0	 64	 +0.0000000	 +0.0000000	 +0.0000	 +0.0000	 +0.0000	 +0.0000	 +nan	 0	 0	 99.990000
1	 207	 0	 60	 0	 802470	 861000	 0	 0	 64	 +0.0000000	 +0.0000000	 +0.0000	 +0.0000	 +0.0000	 +0.0000	 +nan	 0	 0	 99.990000
1	 208	 0	 60	 0	 1002470	 861200	 0	 0	 64	 +0.0000000	 +0.0000000	 +0.0000	 +0.0000	 +0.0000	 +0.0000	 +nan	 0	 0	 99.990000
1	 209	 0	 60	 0	 1202470	 861400	 0	 0	 64	 +0.0000000	 +0.0000000	 +0.0000	 +0.0000	 +0.0000	 +0.0000	 +nan	 0	 0	 99.990000
1	 210	 0	 60	 0	 1402470	 861600	 0	 0	 64	 +0.0000000	 +0.0000000	 +0.0000	 +0.0000	 +0.0000	 +0.0000	 +nan	 0	 0	 99.990000
1	 211	 0	 60	 0	 1602470	 861800	 0	 0	 64	 +0.0000000	 +0.0000000	 +0.0000	 +0.0000	 +0.0000	 +0.0000	 +nan	 0	 0	 99.990000
1	 212	 0	 60	 0	 1802470	 862000	 0	 0	 64	 +0.0000000	 +0.0000000	 +0.0000	 +0.0000	 +0.0000	 +0.0000	 +nan	 0	 0	 99.990000
1	 213	 0	 60	 0	 2002470	 862200	 0	 0	 64	 +0.0000000	 +0.0000000	 +0.0000	 +0.0000	 +0.0000	 +0.0000	 +nan	 0	 0	 99.990000
1	 214	 0	 60	 0	 2202470	 862400	 0	 0	 64	 +0.0000000	 +0.0000000	 +0.0000	 +0.0000	 +0.0000	 +0.0000	 +nan	 0	 0	 99.990000
1	 215	 0	 60	 0	 2402470	 862600	 0	 0	 64	 +0.0000000	 +0.0000000	 +0.0000	 +0.0000	 +0.0000	 +0.0000	 +nan	 0	 0	 99.990000
1	 216	 0	 60	 0	 2602470	 862800	 0	 0	 64	 +0.0000000	 +0.0000000	 +0.0000	 +0.0000	 +0.0000	 +0.0000	 +nan	 0	 0	 99.990000
1	 217	 0	 60	 0	 2802470	 863000	 0	 0	 64	 +0.0000000	 +0.0000000	 +0.0000	 +0.0000	 +0.0000	 +0.0000	 +nan	 0	 0	 99.990000
1	 218	 0	 60	 0	 3002470	 863200	 0	 0	 64	 +0.0000000	 +0.0000000	 +0.0000	 +0.0000	 +0.0000	 +0.0000	 +nan	 0	 0	 99.990000
1	 219	 0	 60	 0	 3202470	 863400	 0	 0	 64	 +0.0000000	 +0.0000000	 +0.0000	 +0.0000	 +0.0000	 +0.0000	 +nan	 0	 0	 99.990000
1	 220	 0	 60	 0	 3402470	 863600	 0	 0	 64	 +0.0000000	 +0.0000000	 +0.0000	 +0.0000	 +0.0000	 +0.0000	 +nan	 0	 0	 99.990000
1	 221	 0	 60	 0	 3602469	 863800	 0	 0	 64	 +0.0000000	 +0.0000000	 +0.0000	 +0.0000	 +0.0000	 +0.0000	 +nan	 0	 0	 99.990000
1	 222	 0	 60	 0	 3802470	 864000	 0	 0	 64	 +0.0000000	 +0.0000000	 +0.0000	 +0.0000	 +0.0000	 +0.0000	 +nan	 0	 0	 99.990000
1	 223	 0	 60	 0	 4002470	 864200	 0	 0	 64	 +0.0000000	 +0.0000000	 +0.0000	 +0.0000	 +0.0000	 +0.0000	 +nan	 0	 0	 99.990000
1	 224	 0	 60	 0	 4202470	 864400	 0	 0	 64	 +0.0000000	 +0.0000000	 +0.0000	 +0.0000	 +0.0000	 +0.0000	 +nan	 0	 0	 99.990000
1	 225	 0	 60	 0	 4402470	 864600	 0	 0	 64	 +0.0000000	 +0.0000000	 +0.0000	 +0.0000	 +0.0000	 +0.0000	 +nan	 0	 0	 99.990000
1	 226	 0	 60	 0	 4602470	 864800	 0	 0	 64	 +0.0000000	 +0.0000000	 +0.0000	 +0.0000	 +0.0000	 +0.0000	 +nan	 0	 0	 99.990000
1	 227	 0	 60	 0	 4802470	 865000	 0	 0	 64	 +0.0000000	 +0.0000000	 +0.0000	 +0.0000	 +0.0000	 +0.0000	 +nan	 0	 0	 99.990000
1	 228	 0	 60	 0	 5002470	 865200	 0	 0	 64	 +0.0000000	 +0.0000000	 +0.0000	 +0.0000	 +0.0000	 +0.0000	 +nan	 0	 0	 99.990000
1	 229	 0	 60	 0	 5202470	 865400	 0	 0	 64	 +0.0000000	 +0.0000000	 +0.0000	 +0.0000	 +0.0000	 +0.0000	 +nan	 0	 0	 99.990000
1	 230	 0	 60	 0	 5402470	 865600	 0	 0	 64	 +0.0000000	 +0.0000000	 +0.0000	 +0.0000	 +0.0000	 +0.0000	 +nan	 0	 0	 99.990000
1	 231	 0	 60	 0	 5602470	 865800	 0	 0	 64	 +0.0000000	 +0.0000000	 +0.0000	 +0.0000	 +0.0000	 +0.0000	 +nan	 0	 0	 99.990000
1	 232	 0	 60	 0	 5802470	 866000	 0	 0	 64	 +0.0000000	 +0.0000000	 +0.0000	 +0.0000	 +0.0000	 +0.0000	 +nan	 0	 0	 99.990000
1	 233	 0	 60	 0	 6002470	 866200	 0	 0	 64	 +0.0000000	 +0.0000000	 +0.0000	 +0.0000	 +0.0000	 +0.0000	 +nan	 0	 0	 99.990000
1	 234	 0	 60	 0	 6202469	 866400	 0	 0	 64	 +0.0000000	 +0.0000000	 +0.0000	 +0.0000	 +0.0000	 +0.0000	 +nan	 0	 0	 99.990000
1	 235	 0	 60	 0	 6402470	 866600	 0	 0	 64	 +0.0000000	 +0.0000000	 +0.0000	 +0.0000	 +0.0000	 +0.0000	 +nan	 0	 0	 99.990000
1	 236	 0	 60	 0	 6602470	 866800	 0	 0	 64	 +0.0000000	 +0.0000000	 +0.0000	 +0.0000	 +0.0000	 +0.0000	 +nan	 0	 0	 99.990000
1	 237	 0	 60	 0	 6802470	 867000	 0	 0	 64	 +0.0000000	 +0.0000000	 +0.0000	 +0.0000	 +0.0000	 +0.0000	 +nan	 0	 0	 99.990000
1	 238	 0	 60	 0	 7002470	 867200	 0	 0	 64	 +0.0000000	 +0.0000000	 +0.0000	 +0.0000	 +0.0000	 +0.0000	 +nan	 0	 0	 99.990000
1	 239	 0	 60	 0	 7202470	 867400	 0	 0	 64	 +0.0000000	 +0.0000000	 +0.0000	 +0.0000	 +0.0000	 +0.0000	 +nan	 0	 0	 99.990000
1	 240	 0	 60	 0	 7402470	 867600	 0	 0	 64	 +0.0000000	 +0.0000000	 +0.0000	 +0.0000	 +0.0000	 +0.0000	 +nan	 0	 0	 99.990000
1	 241	 0	 60	 0	 7602470	 867800	 0	 0	 64	 +0.0000000	 +0.0000000	 +0.0000	 +0.0000	 +0.0000	 +0.0000	 +nan	 0	 0	 99.990000
1	 242	 0	 60	 0	 7802470	 868000	 0	 0	 64	 +0.0000000	 +0.0000000	 +0.0000	 +0.0000	 +0.0000	 +0.0000	 +nan	 0	 0	 99.990000
1	 243	 0	 60	 0	 8002470	 868200	 0	 0	 64	 +0.0000000	 +0.0000000	 +0.0000	 +0.0000	 +0.0000	 +0.0000	 +nan	 0	 0	 99.990000
1	 244	 0	 60	 0	 8202470	 868400	 0	 0	 64	 +0.0000000	 +0.0000000	 +0.0000	 +0.0000	 +0.0000	 +0.0000	 +nan	 0	 0	 99.990000
1	 245	 0	 60	 0	 8402470	 868600	 0	 0	 64	 +0.0000000	 +0.0000000	 +0.0000	 +0.0000	 +0.0000	 +0.0000	 +nan	 0	 0	 99.990000
1	 246	 0	 60	 0	 8602470	 868800	 0	 0	 64	 +0.0000000	 +0.0000000	 +0.0000	 +0.0000	 +0.0000	 +0.0000	 +nan	 0	 0	 99.990000
1	 247	 0	 60	 0	 8802470	 869000	 0	 0	 64	 +0.0000000	 +0.0000000	 +0.0000	 +0.0000	 +0.0000	 +0.0000	 +nan	 0	 0	 99.990000
1	 248	 0	 60	 0	 9002470	 869200	 0	 0	 64	 +0.0000000	 +0.0000000	 +0.0000	 +0.0000	 +0.0000	 +0.0000	 +nan	 0	 0	 99.990000
1	 249	 0	 60	 0	 9202470	 869400	 0	 0	 64	 +0.0000000	 +0.0000000	 +0.0000	 +0.0000	 +0.0000	 +0.0000	 +nan	 0	 0	 99.990000
1	 250	 0	 60	 0	 9402470	 869600	 0	 0	 64	 +0.0000000	 +0.0000000	 +0.0000	 +0.0000	 +0.0000	 +0.0000	 +nan	 0	 0	 99.990000
1	 251	 0	 60	 0	 9602470	 869800	 0	 0	 64	 +0.0000000	 +0.0000000	 +0.0000	 +0.0000	 +0.0000	 +0.0000	 +nan	 0	 0	 99.990000
1	 252	 0	 60	 0	 9802470	 870000	 0	 0	 64	 +0.0000000	 +0.0000000	 +0.0000	 +0.0000	 +0.0000	 +0.0000	 +nan	 0	 0	 99.990000
1	 253	 0	 60	 0	 2470	 870200	 0	 0	 64	 +0.0000000	 +0.0000000	 +0.0000	 +0.0000	 +0.0000	 +0.0000	 +nan	 0	 0	 99.990000
1	 254	 0	 60	 0	 202470	 870400	 0	 0	 64	 +0.0000000	 +0.0000000	 +0.0000	 +0.0000	 +0.0000	 +0.0000	 +nan	 0	 0	 99.990000
1	 255	 0	 60	 0	 402470	 870600	 0	 0	 64	 +0.0000000	 +0.0000000	 +0.0000	 +0.0000	 +0.0000	 +0.0000	 +nan	 0	 0	 99.990000
1	 0	 0	 60	 0	 602470	 870800	 0	 0	 64	 +0.0000000	 +0.0000000	 +0.0000	 +0.0000	 +0.0000	 +0.0000	 +nan	 0	 0	 99.990000
1	 1	 0	 60	 0	 802470	 871000	 0	 0	 64	 +0.0000000	 +0.0000000	 +0.0000	 +0.0000	 +0.0000	 +0.0000	 +nan	 0	 0	 99.990000
1	 2	 0	 60	 0	 1002470	 871200	 0	 0	 64	 +0.0000000	 +0.0000000	 +0.0000	 +0.0000	 +0.0000	 +0.0000	 +nan	 0	 0	 99.990000
1	 3	 0	 60	 0	 1202470	 871400	 0	 0	 64	 +0.0000000	 +0.0000000	 +0.0000	 +0.0000	 +0.0000	 +0.0000	 +nan	 0	 0	 99.990000
1	 4	 0	 60	 0	 1402470	 871600	 0	 0	 64	 +0.0000000	 +0.0000000	 +0.0000	 +0.0000	 +0.0000	 +0.0000	 +nan	 0	 0	 99.990000
1	 5	 0	 60	 0	 1602470	 871800	 0	 0	 64	 +0.0000000	 +0.0000000	 +0.0000	 +0.0000	 +0.0000	 +0.0000	 +nan	 0	 0	 99.990000
1	 6	 0	 60	 0	 1802470	 872000	 0	 0	 64	 +0.0000000	 +0.0000000	 +0.0000	 +0.0000	 +0.0000	 +0.0000	 +nan	 0	 0	 99.990000
1	 7	 0	 60	 0	 2002470	 872200	 0	 0	 64	 +0.0000000	 +0.0000000	 +0.0000	 +0.0000	 +0.0000	 +0.0000	 +nan	 0	 0	 99.990000
1	 8	 0	 60	 0	 2202470	 872400	 0	 0	 64	 +0.0000000	 +0.0000000	 +0.0000	 +0.0000	 +0.0000	 +0.0000	 +nan	 0	 0	 99.990000
1	 9	 0	 60	 0	 2402470	 872600	 0	 0	 64	 +0.0000000	 +0.0000000	 +0.0000	 +0.0000	 +0.0000	 +0.0000	 +nan	 0	 0	 99.990000
1	 10	 0	 60	 0	 2602470	 872800	 0	 0	 64	 +0.0000000	 +0.0000000	 +0.0000	 +0.0000	 +0.0000	 +0.0000	 +nan	 0	 0	 99.990000
1	 11	 0	 60	 0	 2802470	 873000	 0	 0	 64	 +0.0000000	 +0.0000000	 +0.0000	 +0.0000	 +0.0000	 +0.0000	 +nan	 0	 0	 99.990000
1	 12	 0	 60	 0	 3002470	 873200	 0	 0	 64	 +0.0000000	 +0.0000000	 +0.0000	 +0.0000	 +0.0000	 +0.0000	 +nan	 0	 0	 99.990000
1	 13	 0	 60	 0	 3202470	 873400	 0	 0	 64	 +0.0000000	 +0.0000000	 +0.0000	 +0.0000	 +0.0000	 +0.0000	 +nan	 0	 0	 99.990000
1	 14	 0	 60	 0	 3402470	 873600	 0	 0	 64	 +0.0000000	 +0.0000000	 +0.0000	 +0.0000	 +0.0000	 +0.0000	 +nan	 0	 0	 99.990000
1	 15	 0	 60	 0	 3602470	 873800	 0	 0	 64	 +0.0000000	 +0.0000000	 +0.0000	 +0.0000	 +0.0000	 +0.0000	 +nan	 0	 0	 99.990000
1	 16	 0	 60	 0	 3802470	 874000	 0	 0	 64	 +0.0000000	 +0.0000000	 +0.0000	 +0.0000	 +0.0000	 +0.0000	 +nan	 0	 0	 99.990000
1	 17	 0	 60	 0	 4002470	 874200	 0	 0	 64	 +0.0000000	 +0.0000000	 +0.0000	 +0.0000	 +0.0000	 +0.0000	 +nan	 0	 0	 99.990000
1	 18	 0	 60	 0	 4202470	 874400	 0	 0	 64	 +0.0000000	 +0.0000000	 +0.0000	 +0.0000	 +0.0000	 +0.0000	 +nan	 0	 0	 99.990000
1	 19	 0	 60	 0	 4402470	 874600	 0	 0	 64	 +0.0000000	 +0.0000000	 +0.0000	 +0.0000	 +0.0000	 +0.0000	 +nan	 0	 0	 99.990000
1	 20	 0	 60	 0	 4602470	 874800	 0	 0	 64	 +0.0000000	 +0.0000000	 +0.0000	 +0.0000	 +0.0000	 +0.0000	 +nan	 0	 0	 99.990000
1	 21	 0	 60	 0	 4802470	 875000	 0	 0	 64	 +0.0000000	 +0.0000000	 +0.0000	 +0.0000	 +0.0000	 +0.0000	 +nan	 0	 0	 99.990000
1	 22	 0	 60	 0	 5002470	 875200	 0	 0	 64	 +0.0000000	 +0.0000000	 +0.0000	 +0.0000	 +0.0000	 +0.0000	 +nan	 0	 0	 99.990000
1	 23	 0	 60	 0	 5202470	 875400	 0	 0	 64	 +0.0000000	 +0.0000000	 +0.0000	 +0.0000	 +0.0000	 +0.0000	 +nan	 0	 0	 99.990000
1	 24	 0	 60	 0	 5402470	 875600	 0	 0	 64	 +0.0000000	 +0.0000000	 +0.0000	 +0.0000	 +0.0000	 +0.0000	 +nan	 0	 0	 99.990000
1	 25	 0	 60	 0	 5602470	 875800	 0	 0	 64	 +0.0000000	 +0.0000000	 +0.0000	 +0.0000	 +0.0000	 +0.0000	 +nan	 0	 0	 99.990000
1	 26	 0	 60	 0	 5802470	 876000	 0	 0	 64	 +0.0000000	 +0.0000000	 +0.0000	 +0.0000	 +0.0000	 +0.0000	 +nan	 0	 0	 99.990000
1	 27	 0	 60	 0	 6002469	 876200	 0	 0	 64	 +0.0000000	 +0.0000000	 +0.0000	 +0.0000	 +0.0000	 +0.0000	 +nan	 0	 0	 99.990000
1	 28	 0	 60	 0	 6202470	 876400	 0	 0	 64	 +0.0000000	 +0.0000000	 +0.0000	 +0.0000	 +0.0000	 +0.0000	 +nan	 0	 0	 99.990000
1	 29	 0	 60	 0	 6402470	 876600	 0	 0	 64	 +0.0000000	 +0.0000000	 +0.0000	 +0.0000	 +0.0000	 +0.0000	 +nan	 0	 0	 99.990000
1	 30	 0	 60	 0	 6602470	 876800	 0	 0	 64	 +0.0000000	 +0.0000000	 +0.0000	 +0.0000	 +0.0000	 +0.0000	 +nan	 0	 0	 99.990000
1	 31	 0	 60	 0	 6802470	 877000	 0	 0	 64	 +0.0000000	 +0.0000000	 +0.0000	 +0.0000	 +0.0000	 +0.0000	 +nan	 0	 0	 99.990000
1	 32	 0	 60	 0	 7002470	 877200	 0	 0	 64	 +0.0000000	 +0.0000000	 +0.0000	 +0.0000	 +0.0000	 +0.0000	 +nan	 0	 0	 99.990000
1	 33	 0	 60	 0	 7202470	 877400	 0	 0	 64	 +0.0000000	 +0.0000000	 +0.0000	 +0.0000	 +0.0000	 +0.0000	 +nan	 0	 0	 99.990000
1	 34	 0	 60	 0	 7402470	 877600	 0	 0	 64	 +0.0000000	 +0.0000000	 +0.0000	 +0.0000	 +0.0000	 +0.0000	 +nan	 0	 0	 99.990000
1	 35	 0	 60	 0	 7602470	 877800	 0	 0	 64	 +0.0000000	 +0.0000000	 +0.0000	 +0.0000	 +0.0000	 +0.0000	 +nan	 0	 0	 99.990000
1	 36	 0	 60	 0	 7802470	 878000	 0	 0	 64	 +0.0000000	 +0.0000000	 +0.0000	 +0.0000	 +0.0000	 +0.0000	 +nan	 0	 0	 99.990000
1	 37	 0	 60	 0	 8002469	 878200	 0	 0	 64	 +0.0000000	 +0.0000000	 +0.0000	 +0.0000	 +0.0000	 +0.0000	 +nan	 0	 0	 99.990000
1	 38	 0	 60	 0	 8202470	 878400	 0	 0	 64	 +0.0000000	 +0.0000000	 +0.0000	 +0.0000	 +0.0000	 +0.0000	 +nan	 0	 0	 99.990000
1	 39	 0	 60	 0	 8402470	 878600	 0	 0	 64	 +0.0000000	 +0.0000000	 +0.0000	 +0.0000	 +0.0000	 +0.0000	 +nan	 0	 0	 99.990000
1	 40	 0	 60	 0	 8602470	 878800	 0	 0	 64	 +0.0000000	 +0.0000000	 +0.0000	 +0.0000	 +0.0000	 +0.0000	 +nan	 0	 0	 99.990000
1	 41	 0	 60	 0	 8802470	 879000	 0	 0	 64	 +0.0000000	 +0.0000000	 +0.0000	 +0.0000	 +0.0000	 +0.0000	 +nan	 0	 0	 99.990000
1	 42	 0	 60	 0	 9002470	 879200	 0	 0	 64	 +0.0000000	 +0.0000000	 +0.0000	 +0.0000	 +0.0000	 +0.0000	 +nan	 0	 0	 99.990000
1	 43	 0	 60	 0	 9202470	 879400	 0	 0	 64	 +0.0000000	 +0.0000000	 +0.0000	 +0.0000	 +0.0000	 +0.0000	 +nan	 0	 0	 99.990000
1	 44	 0	 60	 0	 9402470	 879600	 0	 0	 64	 +0.0000000	 +0.0000000	 +0.0000	 +0.0000	 +0.0000	 +0.0000	 +nan	 0	 0	 99.990000
1	 45	 0	 60	 0	 9602470	 879800	 0	 0	 64	 +0.0000000	 +0.0000000	 +0.0000	 +0.0000	 +0.0000	 +0.0000	 +nan	 0	 0	 99.990000
1	 46	 0	 60	 0	 9802470	 880000	 0	 0	 64	 +0.0000000	 +0.0000000	 +0.0000	 +0.0000	 +0.0000	 +0.0000	 +nan	 0	 0	 99.990000
1	 47	 0	 60	 0	 2470	 880200	 0	 0	 64	 +0.0000000	 +0.0000000	 +0.0000	 +0.0000	 +0.0000	 +0.0000	 +nan	 0	 0	 99.990000
1	 48	 0	 60	 0	 202470	 880400	 0	 0	 64	 +0.0000000	 +0.0000000	 +0.0000	 +0.0000	 +0.0000	 +0.0000	 +nan	 0	 0	 99.990000
1	 49	 0	 60	 0	 402470	 880600	 0	 0	 64	 +0.0000000	 +0.0000000	 +0.0000	 +0.0000	 +0.0000	 +0.0000	 +nan	 0	 0	 99.990000
1	 50	 0	 60	 0	 602470	 880800	 0	 0	 64	 +0.0000000	 +0.0000000	 +0.0000	 +0.0000	 +0.0000	 +0.0000	 +nan	 0	 0	 99.990000
1	 51	 0	 60	 0	 802470	 881000	 0	 0	 64	 +0.0000000	 +0.0000000	 +0.0000	 +0.0000	 +0.0000	 +0.0000	 +nan	 0	 0	 99.990000
1	 52	 0	 60	 0	 1002470	 881200	 0	 0	 64	 +0.0000000	 +0.0000000	 +0.0000	 +0.0000	 +0.0000	 +0.0000	 +nan	 0	 0	 99.990000
1	 53	 0	 60	 0	 1202470	 881400	 0	 0	 64	 +0.0000000	 +0.0000000	 +0.0000	 +0.0000	 +0.0000	 +0.0000	 +nan	 0	 0	 99.990000
1	 54	 0	 60	 0	 1402470	 881600	 0	 0	 64	 +0.0000000	 +0.0000000	 +0.0000	 +0.0000	 +0.0000	 +0.0000	 +nan	 0	 0	 99.990000
1	 55	 0	 60	 0	 1602470	 881800	 0	 0	 64	 +0.0000000	 +0.0000000	 +0.0000	 +0.0000	 +0.0000	 +0.0000	 +nan	 0	 0	 99.990000
1	 56	 0	 60	 0	 1802470	 882000	 0	 0	 64	 +0.0000000	 +0.0000000	 +0.0000	 +0.0000	 +0.0000	 +0.0000	 +nan	 0	 0	 99.990000
1	 57	 0	 60	 0	 2002470	 882200	 0	 0	 64	 +0.0000000	 +0.0000000	 +0.0000	 +0.0000	 +0.0000	 +0.0000	 +nan	 0	 0	 99.990000
1	 58	 0	 60	 0	 2202470	 882400	 0	 0	 64	 +0.0000000	 +0.0000000	 +0.0000	 +0.0000	 +0.0000	 +0.0000	 +nan	 0	 0	 99.990000
1	 59	 0	 60	 0	 2402470	 882600	 0	 0	 64	 +0.0000000	 +0.0000000	 +0.0000	 +0.0000	 +0.0000	 +0.0000	 +nan	 0	 0	 99.990000
1	 60	 0	 60	 0	 2602470	 882800	 0	 0	 64	 +0.0000000	 +0.0000000	 +0.0000	 +0.0000	 +0.0000	 +0.0000	 +nan	 0	 0	 99.990000
1	 61	 0	 60	 0	 2802463	 883000	 0	 0	 64	 +0.0000000	 +0.0000000	 +0.0000	 +0.0000	 +0.0000	 +0.0000	 +nan	 0	 0	 99.990000
1	 62	 0	 60	 0	 3002463	 883200	 0	 0	 64	 +0.0000000	 +0.0000000	 +0.0000	 +0.0000	 +0.0000	 +0.0000	 +nan	 0	 0	 99.990000
1	 63	 0	 60	 0	 3202470	 883400	 0	 0	 64	 +0.0000000	 +0.0000000	 +0.0000	 +0.0000	 +0.0000	 +0.0000	 +nan	 0	 0	 99.990000
1	 64	 0	 60	 0	 3402470	 883600	 0	 0	 64	 +0.0000000	 +0.0000000	 +0.0000	 +0.0000	 +0.0000	 +0.0000	 +nan	 0	 0	 99.990000
1	 65	 0	 60	 0	 3602470	 883800	 0	 0	 64	 +0.0000000	 +0.0000000	 +0.0000	 +0.0000	 +0.0000	 +0.0000	 +nan	 0	 0	 99.990000
1	 66	 0	 60	 0	 3802470	 884000	 0	 0	 64	 +0.0000000	 +0.0000000	 +0.0000	 +0.0000	 +0.0000	 +0.0000	 +nan	 0	 0	 99.990000
1	 67	 0	 60	 0	 4002470	 884200	 0	 0	 64	 +0.0000000	 +0.0000000	 +0.0000	 +0.0000	 +0.0000	 +0.0000	 +nan	 0	 0	 99.990000
1	 68	 0	 60	 0	 4202470	 884400	 0	 0	 64	 +0.0000000	 +0.0000000	 +0.0000	 +0.0000	 +0.0000	 +0.0000	 +nan	 0	 0	 99.990000
1	 69	 0	 60	 0	 4402470	 884600	 0	 0	 64	 +0.0000000	 +0.0000000	 +0.0000	 +0.0000	 +0.0000	 +0.0000	 +nan	 0	 0	 99.990000
1	 70	 0	 60	 0	 4602463	 884800	 0	 0	 64	 +0.0000000	 +0.0000000	 +0.0000	 +0.0000	 +0.0000	 +0.0000	 +nan	 0	 0	 99.990000
1	 71	 0	 60	 0	 4802470	 885000	 0	 0	 64	 +0.0000000	 +0.0000000	 +0.0000	 +0.0000	 +0.0000	 +0.0000	 +nan	 0	 0	 99.990000
1	 72	 0	 60	 0	 5002470	 885200	 0	 0	 64	 +0.0000000	 +0.0000000	 +0.0000	 +0.0000	 +0.0000	 +0.0000	 +nan	 0	 0	 99.990000
1	 73	 0	 60	 0	 5202470	 885400	 0	 0	 64	 +0.0000000	 +0.0000000	 +0.0000	 +0.0000	 +0.0000	 +0.0000	 +nan	 0	 0	 99.990000
