1	 128	 0	 60	 0	 7798471	 538000	 0	 0	 64	 +0.0000000	 +0.0000000	 +0.0000	 +0.0000	 +0.0000	 +0.0000	 +nan	 0	 0	 99.990000
1	 129	 0	 60	 0	 7998471	 538200	 0	 0	 64	 +0.0000000	 +0.0000000	 +0.0000	 +0.0000	 +0.0000	 +0.0000	 +nan	 0	 0	 99.990000
1	 130	 0	 60	 0	 8198471	 538400	 0	 0	 64	 +0.0000000	 +0.0000000	 +0.0000	 +0.0000	 +0.0000	 +0.0000	 +nan	 0	 0	 99.990000
1	 131	 0	 60	 0	 8398540	 538600	 0	 0	 64	 +0.0000000	 +0.0000000	 +0.0000	 +0.0000	 +0.0000	 +0.0000	 +nan	 0	 0	 99.990000
1	 132	 0	 60	 0	 8598471	 538800	 0	 0	 64	 +0.0000000	 +0.0000000	 +0.0000	 +0.0000	 +0.0000	 +0.0000	 +nan	 0	 0	 99.990000
1	 133	 0	 60	 0	 8798471	 539000	 0	 0	 64	 +0.0000000	 +0.0000000	 +0.0000	 +0.0000	 +0.0000	 +0.0000	 +nan	 0	 0	 99.990000
1	 134	 0	 60	 0	 8998471	 539200	 0	 0	 64	 +0.0000000	 +0.0000000	 +0.0000	 +0.0000	 +0.0000	 +0.0000	 +nan	 0	 0	 99.990000
1	 135	 0	 60	 0	 9198471	 539400	 0	 0	 64	 +0.0000000	 +0.0000000	 +0.0000	 +0.0000	 +0.0000	 +0.0000	 +nan	 0	 0	 99.990000
1	 136	 0	 60	 0	 9398471	 539600	 0	 0	 64	 +0.0000000	 +0.0000000	 +0.0000	 +0.0000	 +0.0000	 +0.0000	 +nan	 0	 0	 99.990000
1	 137	 0	 60	 0	 9598471	 539800	 0	 0	 64	 +0.0000000	 +0.0000000	 +0.0000	 +0.0000	 +0.0000	 +0.0000	 +nan	 0	 0	 99.990000
1	 138	 0	 60	 0	 9798692	 540000	 0	 0	 64	 +0.0000000	 +0.0000000	 +0.0000	 +0.0000	 +0.0000	 +0.0000	 +nan	 0	 0	 99.990000
1	 139	 0	 60	 0	 9998471	 540200	 0	 0	 64	 +0.0000000	 +0.0000000	 +0.0000	 +0.0000	 +0.0000	 +0.0000	 +nan	 0	 0	 99.990000
1	 140	 0	 60	 0	 198471	 540400	 0	 0	 64	 +0.0000000	 +0.0000000	 +0.0000	 +0.0000	 +0.0000	 +0.0000	 +nan	 0	 0	 99.990000
1	 141	 0	 60	 0	 398471	 540600	 0	 0	 64	 +0.0000000	 +0.0000000	 +0.0000	 +0.0000	 +0.0000	 +0.0000	 +nan	 0	 0	 99.990000
1	 142	 0	 60	 0	 598471	 540800	 0	 0	 64	 +0.0000000	 +0.0000000	 +0.0000	 +0.0000	 +0.0000	 +0.0000	 +nan	 0	 0	 99.990000
1	 143	 0	 60	 0	 798471	 541000	 0	 0	 64	 +0.0000000	 +0.0000000	 +0.0000	 +0.0000	 +0.0000	 +0.0000	 +nan	 0	 0	 99.990000
1	 144	 0	 60	 0	 998471	 541200	 0	 0	 64	 +0.0000000	 +0.0000000	 +0.0000	 +0.0000	 +0.0000	 +0.0000	 +nan	 0	 0	 99.990000
1	 145	 0	 60	 0	 1198471	 541400	 0	 0	 64	 +0.0000000	 +0.0000000	 +0.0000	 +0.0000	 +0.0000	 +0.0000	 +nan	 0	 0	 99.990000
1	 146	 0	 60	 0	 1398471	 541600	 0	 0	 64	 +0.0000000	 +0.0000000	 +0.0000	 +0.0000	 +0.0000	 +0.0000	 +nan	 0	 0	 99.990000
1	 147	 0	 60	 0	 1598471	 541800	 0	 0	 64	 +0.0000000	 +0.0000000	 +0.0000	 +0.0000	 +0.0000	 +0.0000	 +nan	 0	 0	 99.990000
1	 148	 0	 60	 0	 1798471	 542000	 0	 0	 64	 +0.0000000	 +0.0000000	 +0.0000	 +0.0000	 +0.0000	 +0.0000	 +nan	 0	 0	 99.990000
1	 149	 0	 60	 0	 1998471	 542200	 0	 0	 64	 +0.0000000	 +0.0000000	 +0.0000	 +0.0000	 +0.0000	 +0.0000	 +nan	 0	 0	 99.990000
1	 150	 0	 60	 0	 2198471	 542400	 0	 0	 64	 +0.0000000	 +0.0000000	 +0.0000	 +0.0000	 +0.0000	 +0.0000	 +nan	 0	 0	 99.990000
1	 151	 0	 60	 0	 2398471	 542600	 0	 0	 64	 +0.0000000	 +0.0000000	 +0.0000	 +0.0000	 +0.0000	 +0.0000	 +nan	 0	 0	 99.990000
1	 152	 0	 60	 0	 2598471	 542800	 0	 0	 64	 +0.0000000	 +0.0000000	 +0.0000	 +0.0000	 +0.0000	 +0.0000	 +nan	 0	 0	 99.990000
1	 153	 0	 60	 0	 2798471	 543000	 0	 0	 64	 +0.0000000	 +0.0000000	 +0.0000	 +0.0000	 +0.0000	 +0.0000	 +nan	 0	 0	 99.990000
1	 154	 0	 60	 0	 2998471	 543200	 0	 0	 64	 +0.0000000	 +0.0000000	 +0.0000	 +0.0000	 +0.0000	 +0.0000	 +nan	 0	 0	 99.990000
1	 155	 0	 60	 0	 3198471	 543400	 0	 0	 64	 +0.0000000	 +0.0000000	 +0.0000	 +0.0000	 +0.0000	 +0.0000	 +nan	 0	 0	 99.990000
1	 156	 0	 60	 0	 3398471	 543600	 0	 0	 64	 +0.0000000	 +0.0000000	 +0.0000	 +0.0000	 +0.0000	 +0.0000	 +nan	 0	 0	 99.990000
1	 157	 0	 60	 0	 3598471	 543800	 0	 0	 64	 +0.0000000	 +0.0000000	 +0.0000	 +0.0000	 +0.0000	 +0.0000	 +nan	 0	 0	 99.990000
1	 158	 0	 60	 0	 3798471	 544000	 0	 0	 64	 +0.0000000	 +0.0000000	 +0.0000	 +0.0000	 +0.0000	 +0.0000	 +nan	 0	 0	 99.990000
1	 159	 0	 60	 0	 3998471	 544200	 0	 0	 64	 +0.0000000	 +0.0000000	 +0.0000	 +0.0000	 +0.0000	 +0.0000	 +nan	 0	 0	 99.990000
1	 160	 0	 60	 0	 4198471	 544400	 0	 0	 64	 +0.0000000	 +0.0000000	 +0.0000	 +0.0000	 +0.0000	 +0.0000	 +nan	 0	 0	 99.990000
1	 161	 0	 60	 0	 4398471	 544600	 0	 0	 64	 +0.0000000	 +0.0000000	 +0.0000	 +0.0000	 +0.0000	 +0.0000	 +nan	 0	 0	 99.990000
1	 162	 0	 60	 0	 4598471	 544800	 0	 0	 64	 +0.0000000	 +0.0000000	 +0.0000	 +0.0000	 +0.0000	 +0.0000	 +nan	 0	 0	 99.990000
1	 163	 0	 60	 0	 4798471	 545000	 0	 0	 64	 +0.0000000	 +0.0000000	 +0.0000	 +0.0000	 +0.0000	 +0.0000	 +nan	 0	 0	 99.990000
1	 164	 0	 60	 0	 4998471	 545200	 0	 0	 64	 +0.0000000	 +0.0000000	 +0.0000	 +0.0000	 +0.0000	 +0.0000	 +nan	 0	 0	 99.990000
1	 165	 0	 60	 0	 5198471	 545400	 0	 0	 64	 +0.0000000	 +0.0000000	 +0.0000	 +0.0000	 +0.0000	 +0.0000	 +nan	 0	 0	 99.990000
1	 166	 0	 60	 0	 5398471	 545600	 0	 0	 64	 +0.0000000	 +0.0000000	 +0.0000	 +0.0000	 +0.0000	 +0.0000	 +nan	 0	 0	 99.990000
1	 167	 0	 60	 0	 5598471	 545800	 0	 0	 64	 +0.0000000	 +0.0000000	 +0.0000	 +0.0000	 +0.0000	 +0.0000	 +nan	 0	 0	 99.990000
1	 168	 0	 60	 0	 5798471	 546000	 0	 0	 64	 +0.0000000	 +0.0000000	 +0.0000	 +0.0000	 +0.0000	 +0.0000	 +nan	 0	 0	 99.990000
1	 169	 0	 60	 0	 5998471	 546200	 0	 0	 64	 +0.0000000	 +0.0000000	 +0.0000	 +0.0000	 +0.0000	 +0.0000	 +nan	 0	 0	 99.990000
1	 170	 0	 60	 0	 6198471	 546400	 0	 0	 64	 +0.0000000	 +0.0000000	 +0.0000	 +0.0000	 +0.0000	 +0.0000	 +nan	 0	 0	 99.990000
1	 171	 0	 60	 0	 6398471	 546600	 0	 0	 64	 +0.0000000	 +0.0000000	 +0.0000	 +0.0000	 +0.0000	 +0.0000	 +nan	 0	 0	 99.990000
1	 172	 0	 60	 0	 6598471	 546800	 0	 0	 64	 +0.0000000	 +0.0000000	 +0.0000	 +0.0000	 +0.0000	 +0.0000	 +nan	 0	 0	 99.990000
1	 173	 0	 60	 0	 6798471	 547000	 0	 0	 64	 +0.0000000	 +0.0000000	 +0.0000	 +0.0000	 +0.0000	 +0.0000	 +nan	 0	 0	 99.990000
1	 174	 0	 60	 0	 6998471	 547200	 0	 0	 64	 +0.0000000	 +0.0000000	 +0.0000	 +0.0000	 +0.0000	 +0.0000	 +nan	 0	 0	 99.990000
1	 175	 0	 60	 0	 7198471	 547400	 0	 0	 64	 +0.0000000	 +0.0000000	 +0.0000	 +0.0000	 +0.0000	 +0.0000	 +nan	 0	 0	 99.990000
1	 176	 0	 60	 0	 7398471	 547600	 0	 0	 64	 +0.0000000	 +0.0000000	 +0.0000	 +0.0000	 +0.0000	 +0.0000	 +nan	 0	 0	 99.990000
1	 177	 0	 60	 0	 7598471	 547800	 0	 0	 64	 +0.0000000	 +0.0000000	 +0.0000	 +0.0000	 +0.0000	 +0.0000	 +nan	 0	 0	 99.990000
1	 178	 0	 60	 0	 7798471	 548000	 0	 0	 64	 +0.0000000	 +0.0000000	 +0.0000	 +0.0000	 +0.0000	 +0.0000	 +nan	 0	 0	 99.990000
1	 179	 0	 60	 0	 7998471	 548200	 0	 0	 64	 +0.0000000	 +0.0000000	 +0.0000	 +0.0000	 +0.0000	 +0.0000	 +nan	 0	 0	 99.990000
1	 180	 0	 60	 0	 8198471	 548400	 0	 0	 64	 +0.0000000	 +0.0000000	 +0.0000	 +0.0000	 +0.0000	 +0.0000	 +nan	 0	 0	 99.990000
1	 181	 0	 60	 0	 8398471	 548600	 0	 0	 64	 +0.0000000	 +0.0000000	 +0.0000	 +0.0000	 +0.0000	 +0.0000	 +nan	 0	 0	 99.990000
1	 182	 0	 60	 0	 8598471	 548800	 0	 0	 64	 +0.0000000	 +0.0000000	 +0.0000	 +0.0000	 +0.0000	 +0.0000	 +nan	 0	 0	 99.990000
1	 183	 0	 60	 0	 8798471	 549000	 0	 0	 64	 +0.0000000	 +0.0000000	 +0.0000	 +0.0000	 +0.0000	 +0.0000	 +nan	 0	 0	 99.990000
1	 184	 0	 60	 0	 8998471	 549200	 0	 0	 64	 +0.0000000	 +0.0000000	 +0.0000	 +0.0000	 +0.0000	 +0.0000	 +nan	 0	 0	 99.990000
1	 185	 0	 60	 0	 9198471	 549400	 0	 0	 64	 +0.0000000	 +0.0000000	 +0.0000	 +0.0000	 +0.0000	 +0.0000	 +nan	 0	 0	 99.990000
1	 186	 0	 60	 0	 9398471	 549600	 0	 0	 64	 +0.0000000	 +0.0000000	 +0.0000	 +0.0000	 +0.0000	 +0.0000	 +nan	 0	 0	 99.990000
1	 187	 0	 60	 0	 9598471	 549800	 0	 0	 64	 +0.0000000	 +0.0000000	 +0.0000	 +0.0000	 +0.0000	 +0.0000	 +nan	 0	 0	 99.990000
1	 188	 0	 60	 0	 9798471	 550000	 0	 0	 64	 +0.0000000	 +0.0000000	 +0.0000	 +0.0000	 +0.0000	 +0.0000	 +nan	 0	 0	 99.990000
1	 189	 0	 60	 0	 9998471	 550200	 0	 0	 64	 +0.0000000	 +0.0000000	 +0.0000	 +0.0000	 +0.0000	 +0.0000	 +nan	 0	 0	 99.990000
1	 190	 0	 60	 0	 198471	 550400	 0	 0	 64	 +0.0000000	 +0.0000000	 +0.0000	 +0.0000	 +0.0000	 +0.0000	 +nan	 0	 0	 99.990000
1	 191	 0	 60	 0	 398471	 550600	 0	 0	 64	 +0.0000000	 +0.0000000	 +0.0000	 +0.0000	 +0.0000	 +0.0000	 +nan	 0	 0	 99.990000
1	 192	 0	 60	 0	 598471	 550800	 0	 0	 64	 +0.0000000	 +0.0000000	 +0.0000	 +0.0000	 +0.0000	 +0.0000	 +nan	 0	 0	 99.990000
1	 193	 0	 60	 0	 798471	 551000	 0	 0	 64	 +0.0000000	 +0.0000000	 +0.0000	 +0.0000	 +0.0000	 +0.0000	 +nan	 0	 0	 99.990000
1	 194	 0	 60	 0	 998471	 551200	 0	 0	 64	 +0.0000000	 +0.0000000	 +0.0000	 +0.0000	 +0.0000	 +0.0000	 +nan	 0	 0	 99.990000
1	 195	 0	 60	 0	 1198471	 551400	 0	 0	 64	 +0.0000000	 +0.0000000	 +0.0000	 +0.0000	 +0.0000	 +0.0000	 +nan	 0	 0	 99.990000
1	 196	 0	 60	 0	 1398471	 551600	 0	 0	 64	 +0.0000000	 +0.0000000	 +0.0000	 +0.0000	 +0.0000	 +0.0000	 +nan	 0	 0	 99.990000
1	 197	 0	 60	 0	 1598471	 551800	 0	 0	 64	 +0.0000000	 +0.0000000	 +0.0000	 +0.0000	 +0.0000	 +0.0000	 +nan	 0	 0	 99.990000
1	 198	 0	 60	 0	 1798471	 552000	 0	 0	 64	 +0.0000000	 +0.0000000	 +0.0000	 +0.0000	 +0.0000	 +0.0000	 +nan	 0	 0	 99.990000
1	 199	 0	 60	 0	 1998471	 552200	 0	 0	 64	 +0.0000000	 +0.0000000	 +0.0000	 +0.0000	 +0.0000	 +0.0000	 +nan	 0	 0	 99.990000
1	 200	 0	 60	 0	 2198471	 552400	 0	 0	 64	 +0.0000000	 +0.0000000	 +0.0000	 +0.0000	 +0.0000	 +0.0000	 +nan	 0	 0	 99.990000
1	 201	 0	 60	 0	 2398471	 552600	 0	 0	 64	 +0.0000000	 +0.0000000	 +0.0000	 +0.0000	 +0.0000	 +0.0000	 +nan	 0	 0	 99.990000
1	 202	 0	 60	 0	 2598471	 552800	 0	 0	 64	 +0.0000000	 +0.0000000	 +0.0000	 +0.0000	 +0.0000	 +0.0000	 +nan	 0	 0	 99.990000
1	 203	 0	 60	 0	 2798471	 553000	 0	 0	 64	 +0.0000000	 +0.0000000	 +0.0000	 +0.0000	 +0.0000	 +0.0000	 +nan	 0	 0	 99.990000
1	 204	 0	 60	 0	 2998471	 553200	 0	 0	 64	 +0.0000000	 +0.0000000	 +0.0000	 +0.0000	 +0.0000	 +0.0000	 +nan	 0	 0	 99.990000
1	 205	 0	 60	 0	 3198471	 553400	 0	 0	 64	 +0.0000000	 +0.0000000	 +0.0000	 +0.0000	 +0.0000	 +0.0000	 +nan	 0	 0	 99.990000
1	 206	 0	 60	 0	 3398471	 553600	 0	 0	 64	 +0.0000000	 +0.0000000	 +0.0000	 +0.0000	 +0.0000	 +0.0000	 +nan	 0	 0	 99.990000
1	 207	 0	 60	 0	 3598471	 553800	 0	 0	 64	 +0.0000000	 +0.0000000	 +0.0000	 +0.0000	 +0.0000	 +0.0000	 +nan	 0	 0	 99.990000
1	 208	 0	 60	 0	 3798471	 554000	 0	 0	 64	 +0.0000000	 +0.0000000	 +0.0000	 +0.0000	 +0.0000	 +0.0000	 +nan	 0	 0	 99.990000
1	 209	 0	 60	 0	 3998471	 554200	 0	 0	 64	 +0.0000000	 +0.0000000	 +0.0000	 +0.0000	 +0.0000	 +0.0000	 +nan	 0	 0	 99.990000
1	 210	 0	 60	 0	 4198471	 554400	 0	 0	 64	 +0.0000000	 +0.0000000	 +0.0000	 +0.0000	 +0.0000	 +0.0000	 +nan	 0	 0	 99.990000
1	 211	 0	 60	 0	 4398471	 554600	 0	 0	 64	 +0.0000000	 +0.0000000	 +0.0000	 +0.0000	 +0.0000	 +0.0000	 +nan	 0	 0	 99.990000
1	 212	 0	 60	 0	 4598471	 554800	 0	 0	 64	 +0.0000000	 +0.0000000	 +0.0000	 +0.0000	 +0.0000	 +0.0000	 +nan	 0	 0	 99.990000
1	 213	 0	 60	 0	 4798471	 555000	 0	 0	 64	 +0.0000000	 +0.0000000	 +0.0000	 +0.0000	 +0.0000	 +0.0000	 +nan	 0	 0	 99.990000
1	 214	 0	 60	 0	 4998471	 555200	 0	 0	 64	 +0.0000000	 +0.0000000	 +0.0000	 +0.0000	 +0.0000	 +0.0000	 +nan	 0	 0	 99.990000
1	 215	 0	 60	 0	 5198471	 555400	 0	 0	 64	 +0.0000000	 +0.0000000	 +0.0000	 +0.0000	 +0.0000	 +0.0000	 +nan	 0	 0	 99.990000
1	 216	 0	 60	 0	 5398471	 555600	 0	 0	 64	 +0.0000000	 +0.0000000	 +0.0000	 +0.0000	 +0.0000	 +0.0000	 +nan	 0	 0	 99.990000
1	 217	 0	 60	 0	 5598471	 555800	 0	 0	 64	 +0.0000000	 +0.0000000	 +0.0000	 +0.0000	 +0.0000	 +0.0000	 +nan	 0	 0	 99.990000
1	 218	 0	 60	 0	 5798471	 556000	 0	 0	 64	 +0.0000000	 +0.0000000	 +0.0000	 +0.0000	 +0.0000	 +0.0000	 +nan	 0	 0	 99.990000
1	 219	 0	 60	 0	 5998471	 556200	 0	 0	 64	 +0.0000000	 +0.0000000	 +0.0000	 +0.0000	 +0.0000	 +0.0000	 +nan	 0	 0	 99.990000
1	 220	 0	 60	 0	 6198471	 556400	 0	 0	 64	 +0.0000000	 +0.0000000	 +0.0000	 +0.0000	 +0.0000	 +0.0000	 +nan	 0	 0	 99.990000
1	 221	 0	 60	 0	 6398471	 556600	 0	 0	 64	 +0.0000000	 +0.0000000	 +0.0000	 +0.0000	 +0.0000	 +0.0000	 +nan	 0	 0	 99.990000
1	 222	 0	 60	 0	 6598471	 556800	 0	 0	 64	 +0.0000000	 +0.0000000	 +0.0000	 +0.0000	 +0.0000	 +0.0000	 +nan	 0	 0	 99.990000
1	 223	 0	 60	 0	 6798471	 557000	 0	 0	 64	 +0.0000000	 +0.0000000	 +0.0000	 +0.0000	 +0.0000	 +0.0000	 +nan	 0	 0	 99.990000
1	 224	 0	 60	 0	 6998471	 557200	 0	 0	 64	 +0.0000000	 +0.0000000	 +0.0000	 +0.0000	 +0.0000	 +0.0000	 +nan	 0	 0	 99.990000
1	 225	 0	 60	 0	 7198476	 557400	 0	 0	 64	 +0.0000000	 +0.0000000	 +0.0000	 +0.0000	 +0.0000	 +0.0000	 +nan	 0	 0	 99.990000
1	 226	 0	 60	 0	 7398476	 557600	 0	 0	 64	 +0.0000000	 +0.0000000	 +0.0000	 +0.0000	 +0.0000	 +0.0000	 +nan	 0	 0	 99.990000
1	 227	 0	 60	 0	 7598476	 557800	 0	 0	 64	 +0.0000000	 +0.0000000	 +0.0000	 +0.0000	 +0.0000	 +0.0000	 +nan	 0	 0	 99.990000
1	 228	 0	 60	 0	 7798476	 558000	 0	 0	 64	 +0.0000000	 +0.0000000	 +0.0000	 +0.0000	 +0.0000	 +0.0000	 +nan	 0	 0	 99.990000
1	 229	 0	 60	 0	 7998476	 558200	 0	 0	 64	 +0.0000000	 +0.0000000	 +0.0000	 +0.0000	 +0.0000	 +0.0000	 +nan	 0	 0	 99.990000
1	 230	 0	 60	 0	 8198476	 558400	 0	 0	 64	 +0.0000000	 +0.0000000	 +0.0000	 +0.0000	 +0.0000	 +0.0000	 +nan	 0	 0	 99.990000
1	 231	 0	 60	 0	 8398476	 558600	 0	 0	 64	 +0.0000000	 +0.0000000	 +0.0000	 +0.0000	 +0.0000	 +0.0000	 +nan	 0	 0	 99.990000
1	 232	 0	 60	 0	 8598476	 558800	 0	 0	 64	 +0.0000000	 +0.0000000	 +0.0000	 +0.0000	 +0.0000	 +0.0000	 +nan	 0	 0	 99.990000
1	 233	 0	 60	 0	 8798476	 559000	 0	 0	 64	 +0.0000000	 +0.0000000	 +0.0000	 +0.0000	 +0.0000	 +0.0000	 +nan	 0	 0	 99.990000
1	 234	 0	 60	 0	 8998476	 559200	 0	 0	 64	 +0.0000000	 +0.0000000	 +0.0000	 +0.0000	 +0.0000	 +0.0000	 +nan	 0	 0	 99.990000
1	 235	 0	 60	 0	 9198476	 559400	 0	 0	 64	 +0.0000000	 +0.0000000	 +0.0000	 +0.0000	 +0.0000	 +0.0000	 +nan	 0	 0	 99.990000
1	 236	 0	 60	 0	 9398476	 559600	 0	 0	 64	 +0.0000000	 +0.0000000	 +0.0000	 +0.0000	 +0.0000	 +0.0000	 +nan	 0	 0	 99.990000
1	 237	 0	 60	 0	 9598477	 559800	 0	 0	 64	 +0.0000000	 +0.0000000	 +0.0000	 +0.0000	 +0.0000	 +0.0000	 +nan	 0	 0	 99.990000
1	 238	 0	 60	 0	 9798476	 560000	 0	 0	 64	 +0.0000000	 +0.0000000	 +0.0000	 +0.0000	 +0.0000	 +0.0000	 +nan	 0	 0	 99.990000
1	 239	 0	 60	 0	 9998476	 560200	 0	 0	 64	 +0.0000000	 +0.0000000	 +0.0000	 +0.0000	 +0.0000	 +0.0000	 +nan	 0	 0	 99.990000
1	 240	 0	 60	 0	 198476	 560400	 0	 0	 64	 +0.0000000	 +0.0000000	 +0.0000	 +0.0000	 +0.0000	 +0.0000	 +nan	 0	 0	 99.990000
1	 241	 0	 60	 0	 398476	 560600	 0	 0	 64	 +0.0000000	 +0.0000000	 +0.0000	 +0.0000	 +0.0000	 +0.0000	 +nan	 0	 0	 99.990000
1	 242	 0	 60	 0	 598477	 560800	 0	 0	 64	 +0.0000000	 +0.0000000	 +0.0000	 +0.0000	 +0.0000	 +0.0000	 +nan	 0	 0	 99.990000
1	 243	 0	 60	 0	 798476	 561000	 0	 0	 64	 +0.0000000	 +0.0000000	 +0.0000	 +0.0000	 +0.0000	 +0.0000	 +nan	 0	 0	 99.990000
1	 244	 0	 60	 0	 998479	 561200	 0	 0	 64	 +0.0000000	 +0.0000000	 +0.0000	 +0.0000	 +0.0000	 +0.0000	 +nan	 0	 0	 99.990000
1	 245	 0	 60	 0	 1198476	 561400	 0	 0	 64	 +0.0000000	 +0.0000000	 +0.0000	 +0.0000	 +0.0000	 +0.0000	 +nan	 0	 0	 99.990000
1	 246	 0	 60	 0	 1398476	 561600	 0	 0	 64	 +0.0000000	 +0.0000000	 +0.0000	 +0.0000	 +0.0000	 +0.0000	 +nan	 0	 0	 99.990000
1	 247	 0	 60	 0	 1598476	 561800	 0	 0	 64	 +0.0000000	 +0.0000000	 +0.0000	 +0.0000	 +0.0000	 +0.0000	 +nan	 0	 0	 99.990000
1	 248	 0	 60	 0	 1798476	 562000	 0	 0	 64	 +0.0000000	 +0.0000000	 +0.0000	 +0.0000	 +0.0000	 +0.0000	 +nan	 0	 0	 99.990000
1	 249	 0	 60	 0	 1998476	 562200	 0	 0	 64	 +0.0000000	 +0.0000000	 +0.0000	 +0.0000	 +0.0000	 +0.0000	 +nan	 0	 0	 99.990000
1	 250	 0	 60	 0	 2198477	 562400	 0	 0	 64	 +0.0000000	 +0.0000000	 +0.0000	 +0.0000	 +0.0000	 +0.0000	 +nan	 0	 0	 99.990000
1	 251	 0	 60	 0	 2398476	 562600	 0	 0	 64	 +0.0000000	 +0.0000000	 +0.0000	 +0.0000	 +0.0000	 +0.0000	 +nan	 0	 0	 99.990000
1	 252	 0	 60	 0	 2598476	 562800	 0	 0	 64	 +0.0000000	 +0.0000000	 +0.0000	 +0.0000	 +0.0000	 +0.0000	 +nan	 0	 0	 99.990000
1	 253	 0	 60	 0	 2798476	 563000	 0	 0	 64	 +0.0000000	 +0.0000000	 +0.0000	 +0.0000	 +0.0000	 +0.0000	 +nan	 0	 0	 99.990000
1	 254	 0	 60	 0	 2998476	 563200	 0	 0	 64	 +0.0000000	 +0.0000000	 +0.0000	 +0.0000	 +0.0000	 +0.0000	 +nan	 0	 0	 99.990000
1	 255	 0	 60	 0	 3198477	 563400	 0	 0	 64	 +0.0000000	 +0.0000000	 +0.0000	 +0.0000	 +0.0000	 +0.0000	 +nan	 0	 0	 99.990000
1	 0	 0	 60	 0	 3398476	 563600	 0	 0	 64	 +0.0000000	 +0.0000000	 +0.0000	 +0.0000	 +0.0000	 +0.0000	 +nan	 0	 0	 99.990000
1	 1	 0	 60	 0	 3598476	 563800	 0	 0	 64	 +0.0000000	 +0.0000000	 +0.0000	 +0.0000	 +0.0000	 +0.0000	 +nan	 0	 0	 99.990000
1	 2	 0	 60	 0	 3798476	 564000	 0	 0	 64	 +0.0000000	 +0.0000000	 +0.0000	 +0.0000	 +0.0000	 +0.0000	 +nan	 0	 0	 99.990000
1	 3	 0	 60	 0	 3998476	 564200	 0	 0	 64	 +0.0000000	 +0.0000000	 +0.0000	 +0.0000	 +0.0000	 +0.0000	 +nan	 0	 0	 99.990000
1	 4	 0	 60	 0	 4198476	 564400	 0	 0	 64	 +0.0000000	 +0.0000000	 +0.0000	 +0.0000	 +0.0000	 +0.0000	 +nan	 0	 0	 99.990000
1	 5	 0	 60	 0	 4398476	 564600	 0	 0	 64	 +0.0000000	 +0.0000000	 +0.0000	 +0.0000	 +0.0000	 +0.0000	 +nan	 0	 0	 99.990000
1	 6	 0	 60	 0	 4598476	 564800	 0	 0	 64	 +0.0000000	 +0.0000000	 +0.0000	 +0.0000	 +0.0000	 +0.0000	 +nan	 0	 0	 99.990000
1	 7	 0	 60	 0	 4798476	 565000	 0	 0	 64	 +0.0000000	 +0.0000000	 +0.0000	 +0.0000	 +0.0000	 +0.0000	 +nan	 0	 0	 99.990000
1	 8	 0	 60	 0	 4998476	 565200	 0	 0	 64	 +0.0000000	 +0.0000000	 +0.0000	 +0.0000	 +0.0000	 +0.0000	 +nan	 0	 0	 99.990000
1	 9	 0	 60	 0	 5198476	 565400	 0	 0	 64	 +0.0000000	 +0.0000000	 +0.0000	 +0.0000	 +0.0000	 +0.0000	 +nan	 0	 0	 99.990000
1	 10	 0	 60	 0	 5398477	 565600	 0	 0	 64	 +0.0000000	 +0.0000000	 +0.0000	 +0.0000	 +0.0000	 +0.0000	 +nan	 0	 0	 99.990000
1	 11	 0	 60	 0	 5598476	 565800	 0	 0	 64	 +0.0000000	 +0.0000000	 +0.0000	 +0.0000	 +0.0000	 +0.0000	 +nan	 0	 0	 99.990000
1	 12	 0	 60	 0	 5798476	 566000	 0	 0	 64	 +0.0000000	 +0.0000000	 +0.0000	 +0.0000	 +0.0000	 +0.0000	 +nan	 0	 0	 99.990000
1	 13	 0	 60	 0	 5998476	 566200	 0	 0	 64	 +0.0000000	 +0.0000000	 +0.0000	 +0.0000	 +0.0000	 +0.0000	 +nan	 0	 0	 99.990000
1	 14	 0	 60	 0	 6198476	 566400	 0	 0	 64	 +0.0000000	 +0.0000000	 +0.0000	 +0.0000	 +0.0000	 +0.0000	 +nan	 0	 0	 99.990000
1	 15	 0	 60	 0	 6398476	 566600	 0	 0	 64	 +0.0000000	 +0.0000000	 +0.0000	 +0.0000	 +0.0000	 +0.0000	 +nan	 0	 0	 99.990000
1	 16	 0	 60	 0	 6598476	 566800	 0	 0	 64	 +0.0000000	 +0.0000000	 +0.0000	 +0.0000	 +0.0000	 +0.0000	 +nan	 0	 0	 99.990000
1	 17	 0	 60	 0	 6798476	 567000	 0	 0	 64	 +0.0000000	 +0.0000000	 +0.0000	 +0.0000	 +0.0000	 +0.0000	 +nan	 0	 0	 99.990000
1	 18	 0	 60	 0	 6998476	 567200	 0	 0	 64	 +0.0000000	 +0.0000000	 +0.0000	 +0.0000	 +0.0000	 +0.0000	 +nan	 0	 0	 99.990000
1	 19	 0	 60	 0	 7198476	 567400	 0	 0	 64	 +0.0000000	 +0.0000000	 +0.0000	 +0.0000	 +0.0000	 +0.0000	 +nan	 0	 0	 99.990000
1	 20	 0	 60	 0	 7398476	 567600	 0	 0	 64	 +0.0000000	 +0.0000000	 +0.0000	 +0.0000	 +0.0000	 +0.0000	 +nan	 0	 0	 99.990000
1	 21	 0	 60	 0	 7598476	 567800	 0	 0	 64	 +0.0000000	 +0.0000000	 +0.0000	 +0.0000	 +0.0000	 +0.0000	 +nan	 0	 0	 99.990000
1	 22	 0	 60	 0	 7798476	 568000	 0	 0	 64	 +0.0000000	 +0.0000000	 +0.0000	 +0.0000	 +0.0000	 +0.0000	 +nan	 0	 0	 99.990000
1	 23	 0	 60	 0	 7998477	 568200	 0	 0	 64	 +0.0000000	 +0.0000000	 +0.0000	 +0.0000	 +0.0000	 +0.0000	 +nan	 0	 0	 99.990000
1	 24	 0	 60	 0	 8198476	 568400	 0	 0	 64	 +0.0000000	 +0.0000000	 +0.0000	 +0.0000	 +0.0000	 +0.0000	 +nan	 0	 0	 99.990000
1	 25	 0	 60	 0	 8398477	 568600	 0	 0	 64	 +0.0000000	 +0.0000000	 +0.0000	 +0.0000	 +0.0000	 +0.0000	 +nan	 0	 0	 99.990000
1	 26	 0	 60	 0	 8598476	 568800	 0	 0	 64	 +0.0000000	 +0.0000000	 +0.0000	 +0.0000	 +0.0000	 +0.0000	 +nan	 0	 0	 99.990000
1	 27	 0	 60	 0	 8798477	 569000	 0	 0	 64	 +0.0000000	 +0.0000000	 +0.0000	 +0.0000	 +0.0000	 +0.0000	 +nan	 0	 0	 99.990000
1	 28	 0	 60	 0	 8998476	 569200	 0	 0	 64	 +0.0000000	 +0.0000000	 +0.0000	 +0.0000	 +0.0000	 +0.0000	 +nan	 0	 0	 99.990000
1	 29	 0	 60	 0	 9198476	 569400	 0	 0	 64	 +0.0000000	 +0.0000000	 +0.0000	 +0.0000	 +0.0000	 +0.0000	 +nan	 0	 0	 99.990000
1	 30	 0	 60	 0	 9398476	 569600	 0	 0	 64	 +0.0000000	 +0.0000000	 +0.0000	 +0.0000	 +0.0000	 +0.0000	 +nan	 0	 0	 99.990000
1	 31	 0	 60	 0	 9598711	 569800	 0	 0	 64	 +0.0000000	 +0.0000000	 +0.0000	 +0.0000	 +0.0000	 +0.0000	 +nan	 0	 0	 99.990000
1	 32	 0	 60	 0	 9798476	 570000	 0	 0	 64	 +0.0000000	 +0.0000000	 +0.0000	 +0.0000	 +0.0000	 +0.0000	 +nan	 0	 0	 99.990000
1	 33	 0	 60	 0	 9998477	 570200	 0	 0	 64	 +0.0000000	 +0.0000000	 +0.0000	 +0.0000	 +0.0000	 +0.0000	 +nan	 0	 0	 99.990000
1	 34	 0	 60	 0	 198476	 570400	 0	 0	 64	 +0.0000000	 +0.0000000	 +0.0000	 +0.0000	 +0.0000	 +0.0000	 +nan	 0	 0	 99.990000
1	 35	 0	 60	 0	 398476	 570600	 0	 0	 64	 +0.0000000	 +0.0000000	 +0.0000	 +0.0000	 +0.0000	 +0.0000	 +nan	 0	 0	 99.990000
1	 36	 0	 60	 0	 598477	 570800	 0	 0	 64	 +0.0000000	 +0.0000000	 +0.0000	 +0.0000	 +0.0000	 +0.0000	 +nan	 0	 0	 99.990000
1	 37	 0	 60	 0	 798476	 571000	 0	 0	 64	 +0.0000000	 +0.0000000	 +0.0000	 +0.0000	 +0.0000	 +0.0000	 +nan	 0	 0	 99.990000
1	 38	 0	 60	 0	 998476	 571200	 0	 0	 64	 +0.0000000	 +0.0000000	 +0.0000	 +0.0000	 +0.0000	 +0.0000	 +nan	 0	 0	 99.990000
1	 39	 0	 60	 0	 1198477	 571400	 0	 0	 64	 +0.0000000	 +0.0000000	 +0.0000	 +0.0000	 +0.0000	 +0.0000	 +nan	 0	 0	 99.990000
1	 40	 0	 60	 0	 1398476	 571600	 0	 0	 64	 +0.0000000	 +0.0000000	 +0.0000	 +0.0000	 +0.0000	 +0.0000	 +nan	 0	 0	 99.990000
1	 41	 0	 60	 0	 1598476	 571800	 0	 0	 64	 +0.0000000	 +0.0000000	 +0.0000	 +0.0000	 +0.0000	 +0.0000	 +nan	 0	 0	 99.990000
1	 42	 0	 60	 0	 1798476	 572000	 0	 0	 64	 +0.0000000	 +0.0000000	 +0.0000	 +0.0000	 +0.0000	 +0.0000	 +nan	 0	 0	 99.990000
1	 43	 0	 60	 0	 1998476	 572200	 0	 0	 64	 +0.0000000	 +0.0000000	 +0.0000	 +0.0000	 +0.0000	 +0.0000	 +nan	 0	 0	 99.990000
1	 44	 0	 60	 0	 2198476	 572400	 0	 0	 64	 +0.0000000	 +0.0000000	 +0.0000	 +0.0000	 +0.0000	 +0.0000	 +nan	 0	 0	 99.990000
1	 45	 0	 60	 0	 2398476	 572600	 0	 0	 64	 +0.0000000	 +0.0000000	 +0.0000	 +0.0000	 +0.0000	 +0.0000	 +nan	 0	 0	 99.990000
1	 46	 0	 60	 0	 2598477	 572800	 0	 0	 64	 +0.0000000	 +0.0000000	 +0.0000	 +0.0000	 +0.0000	 +0.0000	 +nan	 0	 0	 99.990000
1	 47	 0	 60	 0	 2798476	 573000	 0	 0	 64	 +0.0000000	 +0.0000000	 +0.0000	 +0.0000	 +0.0000	 +0.0000	 +nan	 0	 0	 99.990000
1	 48	 0	 60	 0	 2998476	 573200	 0	 0	 64	 +0.0000000	 +0.0000000	 +0.0000	 +0.0000	 +0.0000	 +0.0000	 +nan	 0	 0	 99.990000
1	 49	 0	 60	 0	 3198476	 573400	 0	 0	 64	 +0.0000000	 +0.0000000	 +0.0000	 +0.0000	 +0.0000	 +0.0000	 +nan	 0	 0	 99.990000
1	 50	 0	 60	 0	 3398477	 573600	 0	 0	 64	 +0.0000000	 +0.0000000	 +0.0000	 +0.0000	 +0.0000	 +0.0000	 +nan	 0	 0	 99.990000
1	 51	 0	 60	 0	 3598476	 573800	 0	 0	 64	 +0.0000000	 +0.0000000	 +0.0000	 +0.0000	 +0.0000	 +0.0000	 +nan	 0	 0	 99.990000
1	 52	 0	 60	 0	 3798476	 574000	 0	 0	 64	 +0.0000000	 +0.0000000	 +0.0000	 +0.0000	 +0.0000	 +0.0000	 +nan	 0	 0	 99.990000
1	 53	 0	 60	 0	 3998477	 574200	 0	 0	 64	 +0.0000000	 +0.0000000	 +0.0000	 +0.0000	 +0.0000	 +0.0000	 +nan	 0	 0	 99.990000
1	 54	 0	 60	 0	 4198476	 574400	 0	 0	 64	 +0.0000000	 +0.0000000	 +0.0000	 +0.0000	 +0.0000	 +0.0000	 +nan	 0	 0	 99.990000
1	 55	 0	 60	 0	 4398477	 574600	 0	 0	 64	 +0.0000000	 +0.0000000	 +0.0000	 +0.0000	 +0.0000	 +0.0000	 +nan	 0	 0	 99.990000
1	 56	 0	 60	 0	 4598476	 574800	 0	 0	 64	 +0.0000000	 +0.0000000	 +0.0000	 +0.0000	 +0.0000	 +0.0000	 +nan	 0	 0	 99.990000
1	 57	 0	 60	 0	 4798476	 575000	 0	 0	 64	 +0.0000000	 +0.0000000	 +0.0000	 +0.0000	 +0.0000	 +0.0000	 +nan	 0	 0	 99.990000
1	 58	 0	 60	 0	 4998476	 575200	 0	 0	 64	 +0.0000000	 +0.0000000	 +0.0000	 +0.0000	 +0.0000	 +0.0000	 +nan	 0	 0	 99.990000
1	 59	 0	 60	 0	 5198476	 575400	 0	 0	 64	 +0.0000000	 +0.0000000	 +0.0000	 +0.0000	 +0.0000	 +0.0000	 +nan	 0	 0	 99.990000
1	 60	 0	 60	 0	 5398476	 575600	 0	 0	 64	 +0.0000000	 +0.0000000	 +0.0000	 +0.0000	 +0.0000	 +0.0000	 +nan	 0	 0	 99.990000
1	 61	 0	 60	 0	 5598476	 575800	 0	 0	 64	 +0.0000000	 +0.0000000	 +0.0000	 +0.0000	 +0.0000	 +0.0000	 +nan	 0	 0	 99.990000
1	 62	 0	 60	 0	 5798476	 576000	 0	 0	 64	 +0.0000000	 +0.0000000	 +0.0000	 +0.0000	 +0.0000	 +0.0000	 +nan	 0	 0	 99.990000
1	 63	 0	 60	 0	 5998476	 576200	 0	 0	 64	 +0.0000000	 +0.0000000	 +0.0000	 +0.0000	 +0.0000	 +0.0000	 +nan	 0	 0	 99.990000
1	 64	 0	 60	 0	 6198476	 576400	 0	 0	 64	 +0.0000000	 +0.0000000	 +0.0000	 +0.0000	 +0.0000	 +0.0000	 +nan	 0	 0	 99.990000
1	 65	 0	 60	 0	 6398476	 576600	 0	 0	 64	 +0.0000000	 +0.0000000	 +0.0000	 +0.0000	 +0.0000	 +0.0000	 +nan	 0	 0	 99.990000
1	 66	 0	 60	 0	 6598476	 576800	 0	 0	 64	 +0.0000000	 +0.0000000	 +0.0000	 +0.0000	 +0.0000	 +0.0000	 +nan	 0	 0	 99.990000
1	 67	 0	 60	 0	 6798476	 577000	 0	 0	 64	 +0.0000000	 +0.0000000	 +0.0000	 +0.0000	 +0.0000	 +0.0000	 +nan	 0	 0	 99.990000
1	 68	 0	 60	 0	 6998476	 577200	 0	 0	 64	 +0.0000000	 +0.0000000	 +0.0000	 +0.0000	 +0.0000	 +0.0000	 +nan	 0	 0	 99.990000
1	 69	 0	 60	 0	 7198477	 577400	 0	 0	 64	 +0.0000000	 +0.0000000	 +0.0000	 +0.0000	 +0.0000	 +0.0000	 +nan	 0	 0	 99.990000
1	 70	 0	 60	 0	 7398476	 577600	 0	 0	 64	 +0.0000000	 +0.0000000	 +0.0000	 +0.0000	 +0.0000	 +0.0000	 +nan	 0	 0	 99.990000
1	 71	 0	 60	 0	 7598476	 577800	 0	 0	 64	 +0.0000000	 +0.0000000	 +0.0000	 +0.0000	 +0.0000	 +0.0000	 +nan	 0	 0	 99.990000
1	 72	 0	 60	 0	 7798476	 578000	 0	 0	 64	 +0.0000000	 +0.0000000	 +0.0000	 +0.0000	 +0.0000	 +0.0000	 +nan	 0	 0	 99.990000
1	 73	 0	 60	 0	 7998476	 578200	 0	 0	 64	 +0.0000000	 +0.0000000	 +0.0000	 +0.0000	 +0.0000	 +0.0000	 +nan	 0	 0	 99.990000
1	 74	 0	 60	 0	 8198476	 578400	 0	 0	 64	 +0.0000000	 +0.0000000	 +0.0000	 +0.0000	 +0.0000	 +0.0000	 +nan	 0	 0	 99.990000
1	 75	 0	 60	 0	 8398476	 578600	 0	 0	 64	 +0.0000000	 +0.0000000	 +0.0000	 +0.0000	 +0.0000	 +0.0000	 +nan	 0	 0	 99.990000
1	 76	 0	 60	 0	 8598476	 578800	 0	 0	 64	 +0.0000000	 +0.0000000	 +0.0000	 +0.0000	 +0.0000	 +0.0000	 +nan	 0	 0	 99.990000
1	 77	 0	 60	 0	 8798476	 579000	 0	 0	 64	 +0.0000000	 +0.0000000	 +0.0000	 +0.0000	 +0.0000	 +0.0000	 +nan	 0	 0	 99.990000
1	 78	 0	 60	 0	 8998476	 579200	 0	 0	 64	 +0.0000000	 +0.0000000	 +0.0000	 +0.0000	 +0.0000	 +0.0000	 +nan	 0	 0	 99.990000
1	 79	 0	 60	 0	 9198476	 579400	 0	 0	 64	 +0.0000000	 +0.0000000	 +0.0000	 +0.0000	 +0.0000	 +0.0000	 +nan	 0	 0	 99.990000
1	 80	 0	 60	 0	 9398477	 579600	 0	 0	 64	 +0.0000000	 +0.0000000	 +0.0000	 +0.0000	 +0.0000	 +0.0000	 +nan	 0	 0	 99.990000
1	 81	 0	 60	 0	 9598476	 579800	 0	 0	 64	 +0.0000000	 +0.0000000	 +0.0000	 +0.0000	 +0.0000	 +0.0000	 +nan	 0	 0	 99.990000
1	 82	 0	 60	 0	 9798476	 580000	 0	 0	 64	 +0.0000000	 +0.0000000	 +0.0000	 +0.0000	 +0.0000	 +0.0000	 +nan	 0	 0	 99.990000
1	 83	 0	 60	 0	 9998476	 580200	 0	 0	 64	 +0.0000000	 +0.0000000	 +0.0000	 +0.0000	 +0.0000	 +0.0000	 +nan	 0	 0	 99.990000
1	 84	 0	 60	 0	 198476	 580400	 0	 0	 64	 +0.0000000	 +0.0000000	 +0.0000	 +0.0000	 +0.0000	 +0.0000	 +nan	 0	 0	 99.990000
1	 85	 0	 60	 0	 398476	 580600	 0	 0	 64	 +0.0000000	 +0.0000000	 +0.0000	 +0.0000	 +0.0000	 +0.0000	 +nan	 0	 0	 99.990000
1	 86	 0	 60	 0	 598476	 580800	 0	 0	 64	 +0.0000000	 +0.0000000	 +0.0000	 +0.0000	 +0.0000	 +0.0000	 +nan	 0	 0	 99.990000
1	 87	 0	 60	 0	 798476	 581000	 0	 0	 64	 +0.0000000	 +0.0000000	 +0.0000	 +0.0000	 +0.0000	 +0.0000	 +nan	 0	 0	 99.990000
1	 88	 0	 60	 0	 998476	 581200	 0	 0	 64	 +0.0000000	 +0.0000000	 +0.0000	 +0.0000	 +0.0000	 +0.0000	 +nan	 0	 0	 99.990000
1	 89	 0	 60	 0	 1198476	 581400	 0	 0	 64	 +0.0000000	 +0.0000000	 +0.0000	 +0.0000	 +0.0000	 +0.0000	 +nan	 0	 0	 99.990000
1	 90	 0	 60	 0	 1398476	 581600	 0	 0	 64	 +0.0000000	 +0.0000000	 +0.0000	 +0.0000	 +0.0000	 +0.0000	 +nan	 0	 0	 99.990000
1	 91	 0	 60	 0	 1598477	 581800	 0	 0	 64	 +0.0000000	 +0.0000000	 +0.0000	 +0.0000	 +0.0000	 +0.0000	 +nan	 0	 0	 99.990000
1	 92	 0	 60	 0	 1798476	 582000	 0	 0	 64	 +0.0000000	 +0.0000000	 +0.0000	 +0.0000	 +0.0000	 +0.0000	 +nan	 0	 0	 99.990000
1	 93	 0	 60	 0	 1998476	 582200	 0	 0	 64	 +0.0000000	 +0.0000000	 +0.0000	 +0.0000	 +0.0000	 +0.0000	 +nan	 0	 0	 99.990000
1	 94	 0	 60	 0	 2198476	 582400	 0	 0	 64	 +0.0000000	 +0.0000000	 +0.0000	 +0.0000	 +0.0000	 +0.0000	 +nan	 0	 0	 99.990000
1	 95	 0	 60	 0	 2398476	 582600	 0	 0	 64	 +0.0000000	 +0.0000000	 +0.0000	 +0.0000	 +0.0000	 +0.0000	 +nan	 0	 0	 99.990000
1	 96	 0	 60	 0	 2598476	 582800	 0	 0	 64	 +0.0000000	 +0.0000000	 +0.0000	 +0.0000	 +0.0000	 +0.0000	 +nan	 0	 0	 99.990000
1	 97	 0	 60	 0	 2798477	 583000	 0	 0	 64	 +0.0000000	 +0.0000000	 +0.0000	 +0.0000	 +0.0000	 +0.0000	 +nan	 0	 0	 99.990000
1	 98	 0	 60	 0	 2998476	 583200	 0	 0	 64	 +0.0000000	 +0.0000000	 +0.0000	 +0.0000	 +0.0000	 +0.0000	 +nan	 0	 0	 99.990000
1	 99	 0	 60	 0	 3198476	 583400	 0	 0	 64	 +0.0000000	 +0.0000000	 +0.0000	 +0.0000	 +0.0000	 +0.0000	 +nan	 0	 0	 99.990000
1	 100	 0	 60	 0	 3398476	 583600	 0	 0	 64	 +0.0000000	 +0.0000000	 +0.0000	 +0.0000	 +0.0000	 +0.0000	 +nan	 0	 0	 99.990000
1	 101	 0	 60	 0	 3598476	 583800	 0	 0	 64	 +0.0000000	 +0.0000000	 +0.0000	 +0.0000	 +0.0000	 +0.0000	 +nan	 0	 0	 99.990000
1	 102	 0	 60	 0	 3798476	 584000	 0	 0	 64	 +0.0000000	 +0.0000000	 +0.0000	 +0.0000	 +0.0000	 +0.0000	 +nan	 0	 0	 99.990000
1	 103	 0	 60	 0	 3998476	 584200	 0	 0	 64	 +0.0000000	 +0.0000000	 +0.0000	 +0.0000	 +0.0000	 +0.0000	 +nan	 0	 0	 99.990000
1	 104	 0	 60	 0	 4198476	 584400	 0	 0	 64	 +0.0000000	 +0.0000000	 +0.0000	 +0.0000	 +0.0000	 +0.0000	 +nan	 0	 0	 99.990000
1	 105	 0	 60	 0	 4398477	 584600	 0	 0	 64	 +0.0000000	 +0.0000000	 +0.0000	 +0.0000	 +0.0000	 +0.0000	 +nan	 0	 0	 99.990000
1	 106	 0	 60	 0	 4598476	 584800	 0	 0	 64	 +0.0000000	 +0.0000000	 +0.0000	 +0.0000	 +0.0000	 +0.0000	 +nan	 0	 0	 99.990000
1	 107	 0	 60	 0	 4798476	 585000	 0	 0	 64	 +0.0000000	 +0.0000000	 +0.0000	 +0.0000	 +0.0000	 +0.0000	 +nan	 0	 0	 99.990000
1	 108	 0	 60	 0	 4998476	 585200	 0	 0	 64	 +0.0000000	 +0.0000000	 +0.0000	 +0.0000	 +0.0000	 +0.0000	 +nan	 0	 0	 99.990000
1	 109	 0	 60	 0	 5198476	 585400	 0	 0	 64	 +0.0000000	 +0.0000000	 +0.0000	 +0.0000	 +0.0000	 +0.0000	 +nan	 0	 0	 99.990000
1	 110	 0	 60	 0	 5398476	 585600	 0	 0	 64	 +0.0000000	 +0.0000000	 +0.0000	 +0.0000	 +0.0000	 +0.0000	 +nan	 0	 0	 99.990000
1	 111	 0	 60	 0	 5598476	 585800	 0	 0	 64	 +0.0000000	 +0.0000000	 +0.0000	 +0.0000	 +0.0000	 +0.0000	 +nan	 0	 0	 99.990000
1	 112	 0	 60	 0	 5798476	 586000	 0	 0	 64	 +0.0000000	 +0.0000000	 +0.0000	 +0.0000	 +0.0000	 +0.0000	 +nan	 0	 0	 99.990000
1	 113	 0	 60	 0	 5998476	 586200	 0	 0	 64	 +0.0000000	 +0.0000000	 +0.0000	 +0.0000	 +0.0000	 +0.0000	 +nan	 0	 0	 99.990000
1	 114	 0	 60	 0	 6198476	 586400	 0	 0	 64	 +0.0000000	 +0.0000000	 +0.0000	 +0.0000	 +0.0000	 +0.0000	 +nan	 0	 0	 99.990000
1	 115	 0	 60	 0	 6398476	 586600	 0	 0	 64	 +0.0000000	 +0.0000000	 +0.0000	 +0.0000	 +0.0000	 +0.0000	 +nan	 0	 0	 99.990000
1	 116	 0	 60	 0	 6598476	 586800	 0	 0	 64	 +0.0000000	 +0.0000000	 +0.0000	 +0.0000	 +0.0000	 +0.0000	 +nan	 0	 0	 99.990000
1	 117	 0	 60	 0	 6798476	 587000	 0	 0	 64	 +0.0000000	 +0.0000000	 +0.0000	 +0.0000	 +0.0000	 +0.0000	 +nan	 0	 0	 99.990000
1	 118	 0	 60	 0	 6998476	 587200	 0	 0	 64	 +0.0000000	 +0.0000000	 +0.0000	 +0.0000	 +0.0000	 +0.0000	 +nan	 0	 0	 99.990000
1	 119	 0	 60	 0	 7198476	 587400	 0	 0	 64	 +0.0000000	 +0.0000000	 +0.0000	 +0.0000	 +0.0000	 +0.0000	 +nan	 0	 0	 99.990000
1	 120	 0	 60	 0	 7398476	 587600	 0	 0	 64	 +0.0000000	 +0.0000000	 +0.0000	 +0.0000	 +0.0000	 +0.0000	 +nan	 0	 0	 99.990000
1	 121	 0	 60	 0	 7598476	 587800	 0	 0	 64	 +0.0000000	 +0.0000000	 +0.0000	 +0.0000	 +0.0000	 +0.0000	 +nan	 0	 0	 99.990000
1	 122	 0	 60	 0	 7798476	 588000	 0	 0	 64	 +0.0000000	 +0.0000000	 +0.0000	 +0.0000	 +0.0000	 +0.0000	 +nan	 0	 0	 99.990000
1	 123	 0	 60	 0	 7998476	 588200	 0	 0	 64	 +0.0000000	 +0.0000000	 +0.0000	 +0.0000	 +0.0000	 +0.0000	 +nan	 0	 0	 99.990000
1	 124	 0	 60	 0	 8198476	 588400	 0	 0	 64	 +0.0000000	 +0.0000000	 +0.0000	 +0.0000	 +0.0000	 +0.0000	 +nan	 0	 0	 99.990000
1	 125	 0	 60	 0	 8398476	 588600	 0	 0	 64	 +0.0000000	 +0.0000000	 +0.0000	 +0.0000	 +0.0000	 +0.0000	 +nan	 0	 0	 99.990000
1	 126	 0	 60	 0	 8598476	 588800	 0	 0	 64	 +0.0000000	 +0.0000000	 +0.0000	 +0.0000	 +0.0000	 +0.0000	 +nan	 0	 0	 99.990000
1	 127	 0	 60	 0	 8798476	 589000	 0	 0	 64	 +0.0000000	 +0.0000000	 +0.0000	 +0.0000	 +0.0000	 +0.0000	 +nan	 0	 0	 99.990000
